<?xml version="1.0" encoding="UTF-8"?>
<testsuites name="Login_ServiceAdvisor" time="63.218" tests="2" failures="0" errors="0">
   <testsuite name="Login_ServiceAdvisor" tests="2" failures="0" errors="0" time="63.218" skipped="0" timestamp="2023-10-26 10:49:06" hostname="THINKPAD - DESKTOP-KQUK8GU" id="Test Suites/Login_ServiceAdvisor">
      <properties>
         <property name="deviceName" value=""/>
         <property name="devicePlatform" value=""/>
         <property name="logFolder" value="C:\\Users\\THINKPAD\\git\\katalon-certification\\Reports\\20231026_104549\\Login_ServiceAdvisor\\20231026_104653"/>
         <property name="logFiles" value="C:\\Users\\THINKPAD\\git\\katalon-certification\\Reports\\20231026_104549\\Login_ServiceAdvisor\\20231026_104653\\execution0.log"/>
         <property name="attachments" value=""/>
         <property name="hostName" value="THINKPAD - DESKTOP-KQUK8GU"/>
         <property name="os" value="Windows 10 64bit"/>
         <property name="katalonVersion" value="8.6.8.208"/>
         <property name="browser" value="Chrome 118.0.0.0"/>
         <property name="hostAddress" value="192.168.0.109"/>
         <property name="sessionId" value="ef312fc434a7a7ca6cccf00922b93ae7"/>
         <property name="seleniumVersion" value="3.141.59"/>
         <property name="proxyInformation" value="ProxyInformation { proxyOption=NO_PROXY, proxyServerType=HTTP, username=, password=********, proxyServerAddress=, proxyServerPort=0, executionList=&quot;&quot;, isApplyToDesiredCapabilities=true }"/>
         <property name="platform" value="Windows 10"/>
      </properties>
      <testcase name="Test Cases/login_serviceadvisor" time="36.68" classname="Test Cases/login_serviceadvisor" status="PASSED">
         <system-out><![CDATA[2023-10-26 10:49:12 - [TEST_CASE][PASSED] - Test Cases/login_serviceadvisor: Test Cases/login_serviceadvisor

2023-10-26 10:49:21 - [TEST_STEP][PASSED] - openBrowser(""): Browser is opened with url: ''

2023-10-26 10:49:26 - [MESSAGE][INFO] - Starting 'Chrome' driver

2023-10-26 10:49:27 - [MESSAGE][INFO] - Action delay is set to 0 milliseconds

2023-10-26 10:49:37 - [MESSAGE][PASSED] - Browser is opened with url: ''

2023-10-26 10:49:37 - [TEST_STEP][PASSED] - maximizeWindow(): Current window maximized

2023-10-26 10:49:38 - [MESSAGE][PASSED] - Current window maximized

2023-10-26 10:49:38 - [TEST_STEP][PASSED] - navigateToUrl("https://dms-dev.cloudias79.com/login"): Navigate to 'https://dms-dev.cloudias79.com/login' successfully

2023-10-26 10:49:42 - [MESSAGE][PASSED] - Navigate to 'https://dms-dev.cloudias79.com/login' successfully

2023-10-26 10:49:42 - [TEST_STEP][PASSED] - setText(findTestObject("Page_DMS_login/input_login_username"), "akunserviceadvisor"): Text 'akunserviceadvisor' is set on object 'Object Repository/Page_DMS_login/input_login_username'

2023-10-26 10:49:45 - [MESSAGE][PASSED] - Text 'akunserviceadvisor' is set on object 'Object Repository/Page_DMS_login/input_login_username'

2023-10-26 10:49:45 - [TEST_STEP][PASSED] - setEncryptedText(findTestObject("Page_DMS_login/input_login_password"), "fzqqY0qJjYTuJiVJRZh4ag=="): Text ****** has been set on object 'Object Repository/Page_DMS_login/input_login_password'

2023-10-26 10:49:47 - [MESSAGE][PASSED] - Text ****** has been set on object 'Object Repository/Page_DMS_login/input_login_password'

2023-10-26 10:49:47 - [TEST_STEP][PASSED] - click(findTestObject("Page_DMS_login/button_Login")): Object: 'Object Repository/Page_DMS_login/button_Login' is clicked on

2023-10-26 10:49:48 - [MESSAGE][PASSED] - Object: 'Object Repository/Page_DMS_login/button_Login' is clicked on]]></system-out>
         <system-err><![CDATA[]]></system-err>
      </testcase>
      <testcase name="Test Cases/logout_admin" time="21.042" classname="Test Cases/logout_admin" status="PASSED">
         <system-out><![CDATA[2023-10-26 10:49:48 - [TEST_CASE][PASSED] - Test Cases/logout_admin: Test Cases/logout_admin

2023-10-26 10:49:52 - [TEST_STEP][PASSED] - click(findTestObject("admin/button_icon profile")): Object: 'Object Repository/admin/button_icon profile' is clicked on

2023-10-26 10:49:57 - [MESSAGE][PASSED] - Object: 'Object Repository/admin/button_icon profile' is clicked on

2023-10-26 10:49:57 - [TEST_STEP][PASSED] - delay(3): Delayed 3 second(s)

2023-10-26 10:50:00 - [MESSAGE][PASSED] - Delayed 3 second(s)

2023-10-26 10:50:00 - [TEST_STEP][PASSED] - waitForElementPresent(findTestObject("admin/button_Log Out"), 3): Object 'Object Repository/admin/button_Log Out' is present

2023-10-26 10:50:02 - [MESSAGE][PASSED] - Object 'Object Repository/admin/button_Log Out' is present

2023-10-26 10:50:02 - [TEST_STEP][PASSED] - waitForElementClickable(findTestObject("admin/button_Log Out"), 3): Object 'Object Repository/admin/button_Log Out' is clickable

2023-10-26 10:50:04 - [MESSAGE][PASSED] - Object 'Object Repository/admin/button_Log Out' is clickable

2023-10-26 10:50:04 - [TEST_STEP][PASSED] - click(findTestObject("admin/button_Log Out")): Object: 'Object Repository/admin/button_Log Out' is clicked on

2023-10-26 10:50:09 - [MESSAGE][PASSED] - Object: 'Object Repository/admin/button_Log Out' is clicked on]]></system-out>
         <system-err><![CDATA[]]></system-err>
      </testcase>
      <system-out><![CDATA[2023-10-26 10:49:06 - [TEST_SUITE][PASSED] - Login_ServiceAdvisor: Test Cases/logout_admin]]></system-out>
      <system-err><![CDATA[]]></system-err>
   </testsuite>
</testsuites>
