<?xml version="1.0" encoding="UTF-8"?>
<testsuites name="Admin - Service nonaktif" time="377.104" tests="3" failures="0" errors="0">
   <testsuite name="Admin - Service nonaktif" tests="3" failures="0" errors="0" time="377.104" skipped="0" timestamp="2023-10-26 10:01:31" hostname="THINKPAD - DESKTOP-KQUK8GU" id="Test Suites/Admin - Service nonaktif">
      <properties>
         <property name="deviceName" value=""/>
         <property name="devicePlatform" value=""/>
         <property name="logFolder" value="C:\\Users\\THINKPAD\\git\\katalon-certification\\Reports\\20231026_095929\\Admin - Service nonaktif\\20231026_095938"/>
         <property name="logFiles" value="C:\\Users\\THINKPAD\\git\\katalon-certification\\Reports\\20231026_095929\\Admin - Service nonaktif\\20231026_095938\\execution0.log"/>
         <property name="attachments" value=""/>
         <property name="hostName" value="THINKPAD - DESKTOP-KQUK8GU"/>
         <property name="os" value="Windows 10 64bit"/>
         <property name="katalonVersion" value="8.6.8.208"/>
         <property name="browser" value="Chrome 118.0.0.0"/>
         <property name="hostAddress" value="192.168.0.109"/>
         <property name="sessionId" value="2435c6f01da237e39572097980a1a4eb"/>
         <property name="seleniumVersion" value="3.141.59"/>
         <property name="proxyInformation" value="ProxyInformation { proxyOption=NO_PROXY, proxyServerType=HTTP, username=, password=********, proxyServerAddress=, proxyServerPort=0, executionList=&quot;&quot;, isApplyToDesiredCapabilities=true }"/>
         <property name="platform" value="Windows 10"/>
      </properties>
      <testcase name="Test Cases/login_admin" time="156.998" classname="Test Cases/login_admin" status="PASSED">
         <system-out><![CDATA[2023-10-26 10:01:58 - [TEST_CASE][PASSED] - Test Cases/login_admin: Test Cases/login_admin

2023-10-26 10:02:24 - [TEST_STEP][PASSED] - openBrowser(""): Browser is opened with url: ''

2023-10-26 10:02:42 - [MESSAGE][INFO] - Starting 'Chrome' driver

2023-10-26 10:02:45 - [MESSAGE][INFO] - Action delay is set to 0 milliseconds

2023-10-26 10:03:47 - [MESSAGE][PASSED] - Browser is opened with url: ''

2023-10-26 10:03:47 - [TEST_STEP][PASSED] - maximizeWindow(): Current window maximized

2023-10-26 10:03:49 - [MESSAGE][PASSED] - Current window maximized

2023-10-26 10:03:49 - [TEST_STEP][PASSED] - navigateToUrl("https://dms-dev.cloudias79.com/login"): Navigate to 'https://dms-dev.cloudias79.com/login' successfully

2023-10-26 10:04:08 - [MESSAGE][PASSED] - Navigate to 'https://dms-dev.cloudias79.com/login' successfully

2023-10-26 10:04:08 - [TEST_STEP][PASSED] - setText(findTestObject("Object Repository/input_Silakan masuk untuk melanjutkan_r0"), "akunadmin"): Text 'akunadmin' is set on object 'Object Repository/input_Silakan masuk untuk melanjutkan_r0'

2023-10-26 10:04:17 - [MESSAGE][PASSED] - Text 'akunadmin' is set on object 'Object Repository/input_Silakan masuk untuk melanjutkan_r0'

2023-10-26 10:04:17 - [TEST_STEP][PASSED] - setEncryptedText(findTestObject("Object Repository/input__r1"), "fzqqY0qJjYTuJiVJRZh4ag=="): Text ****** has been set on object 'Object Repository/input__r1'

2023-10-26 10:04:30 - [MESSAGE][PASSED] - Text ****** has been set on object 'Object Repository/input__r1'

2023-10-26 10:04:30 - [TEST_STEP][PASSED] - click(findTestObject("Object Repository/button_Login")): Object: 'Object Repository/button_Login' is clicked on

2023-10-26 10:04:35 - [MESSAGE][PASSED] - Object: 'Object Repository/button_Login' is clicked on]]></system-out>
         <system-err><![CDATA[]]></system-err>
      </testcase>
      <testcase name="Test Cases/admin_service_nonaktifkan_batal" time="69.753" classname="Test Cases/admin_service_nonaktifkan_batal" status="PASSED">
         <system-out><![CDATA[2023-10-26 10:04:35 - [TEST_CASE][PASSED] - Test Cases/admin_service_nonaktifkan_batal: Test Cases/admin_service_nonaktifkan_batal

2023-10-26 10:04:40 - [TEST_STEP][PASSED] - callTestCase(findTestCase("login_admin"), [:], STOP_ON_FAILURE): Call Test Case 'Test Cases/login_admin' successfully

2023-10-26 10:04:41 - [TEST_CASE][PASSED] - Test Cases/login_admin: Test Cases/login_admin

2023-10-26 10:04:41 - [TEST_STEP][PASSED] - openBrowser(""): Browser is opened with url: ''

2023-10-26 10:04:41 - [MESSAGE][WARNING] - A browser is already opened. Closing browser and opening a new one

2023-10-26 10:05:13 - [MESSAGE][INFO] - Starting 'Chrome' driver

2023-10-26 10:05:14 - [MESSAGE][INFO] - Action delay is set to 0 milliseconds

2023-10-26 10:05:18 - [MESSAGE][PASSED] - Browser is opened with url: ''

2023-10-26 10:05:18 - [TEST_STEP][PASSED] - maximizeWindow(): Current window maximized

2023-10-26 10:05:18 - [MESSAGE][PASSED] - Current window maximized

2023-10-26 10:05:18 - [TEST_STEP][PASSED] - navigateToUrl("https://dms-dev.cloudias79.com/login"): Navigate to 'https://dms-dev.cloudias79.com/login' successfully

2023-10-26 10:05:19 - [MESSAGE][PASSED] - Navigate to 'https://dms-dev.cloudias79.com/login' successfully

2023-10-26 10:05:19 - [TEST_STEP][PASSED] - setText(findTestObject("Object Repository/input_Silakan masuk untuk melanjutkan_r0"), "akunadmin"): Text 'akunadmin' is set on object 'Object Repository/input_Silakan masuk untuk melanjutkan_r0'

2023-10-26 10:05:26 - [MESSAGE][PASSED] - Text 'akunadmin' is set on object 'Object Repository/input_Silakan masuk untuk melanjutkan_r0'

2023-10-26 10:05:26 - [TEST_STEP][PASSED] - setEncryptedText(findTestObject("Object Repository/input__r1"), "fzqqY0qJjYTuJiVJRZh4ag=="): Text ****** has been set on object 'Object Repository/input__r1'

2023-10-26 10:05:28 - [MESSAGE][PASSED] - Text ****** has been set on object 'Object Repository/input__r1'

2023-10-26 10:05:28 - [TEST_STEP][PASSED] - click(findTestObject("Object Repository/button_Login")): Object: 'Object Repository/button_Login' is clicked on

2023-10-26 10:05:30 - [MESSAGE][PASSED] - Object: 'Object Repository/button_Login' is clicked on

2023-10-26 10:05:30 - [MESSAGE][PASSED] - Call Test Case 'Test Cases/login_admin' successfully

2023-10-26 10:05:30 - [TEST_STEP][PASSED] - click(findTestObject("admin/service/button_Service")): Object: 'Object Repository/admin/service/button_Service' is clicked on

2023-10-26 10:05:40 - [MESSAGE][PASSED] - Object: 'Object Repository/admin/service/button_Service' is clicked on

2023-10-26 10:05:40 - [TEST_STEP][PASSED] - click(findTestObject("admin/service/button_service_deactivate")): Object: 'Object Repository/admin/service/button_service_deactivate' is clicked on

2023-10-26 10:05:43 - [MESSAGE][PASSED] - Object: 'Object Repository/admin/service/button_service_deactivate' is clicked on

2023-10-26 10:05:43 - [TEST_STEP][PASSED] - click(findTestObject("admin/service/button_service_deactivate_Batal")): Object: 'Object Repository/admin/service/button_service_deactivate_Batal' is clicked on

2023-10-26 10:05:44 - [MESSAGE][PASSED] - Object: 'Object Repository/admin/service/button_service_deactivate_Batal' is clicked on]]></system-out>
         <system-err><![CDATA[]]></system-err>
      </testcase>
      <testcase name="Test Cases/admin_service_nonaktifkan_berhasil" time="124.025" classname="Test Cases/admin_service_nonaktifkan_berhasil" status="PASSED">
         <system-out><![CDATA[2023-10-26 10:05:44 - [TEST_CASE][PASSED] - Test Cases/admin_service_nonaktifkan_berhasil: Test Cases/admin_service_nonaktifkan_berhasil

2023-10-26 10:05:49 - [TEST_STEP][PASSED] - callTestCase(findTestCase("login_admin"), [:], STOP_ON_FAILURE): Call Test Case 'Test Cases/login_admin' successfully

2023-10-26 10:05:49 - [TEST_CASE][PASSED] - Test Cases/login_admin: Test Cases/login_admin

2023-10-26 10:05:49 - [TEST_STEP][PASSED] - openBrowser(""): Browser is opened with url: ''

2023-10-26 10:05:49 - [MESSAGE][WARNING] - A browser is already opened. Closing browser and opening a new one

2023-10-26 10:06:17 - [MESSAGE][INFO] - Starting 'Chrome' driver

2023-10-26 10:06:17 - [MESSAGE][INFO] - Action delay is set to 0 milliseconds

2023-10-26 10:06:22 - [MESSAGE][PASSED] - Browser is opened with url: ''

2023-10-26 10:06:22 - [TEST_STEP][PASSED] - maximizeWindow(): Current window maximized

2023-10-26 10:06:22 - [MESSAGE][PASSED] - Current window maximized

2023-10-26 10:06:22 - [TEST_STEP][PASSED] - navigateToUrl("https://dms-dev.cloudias79.com/login"): Navigate to 'https://dms-dev.cloudias79.com/login' successfully

2023-10-26 10:06:26 - [MESSAGE][PASSED] - Navigate to 'https://dms-dev.cloudias79.com/login' successfully

2023-10-26 10:06:26 - [TEST_STEP][PASSED] - setText(findTestObject("Object Repository/input_Silakan masuk untuk melanjutkan_r0"), "akunadmin"): Text 'akunadmin' is set on object 'Object Repository/input_Silakan masuk untuk melanjutkan_r0'

2023-10-26 10:06:31 - [MESSAGE][PASSED] - Text 'akunadmin' is set on object 'Object Repository/input_Silakan masuk untuk melanjutkan_r0'

2023-10-26 10:06:31 - [TEST_STEP][PASSED] - setEncryptedText(findTestObject("Object Repository/input__r1"), "fzqqY0qJjYTuJiVJRZh4ag=="): Text ****** has been set on object 'Object Repository/input__r1'

2023-10-26 10:06:33 - [MESSAGE][PASSED] - Text ****** has been set on object 'Object Repository/input__r1'

2023-10-26 10:06:33 - [TEST_STEP][PASSED] - click(findTestObject("Object Repository/button_Login")): Object: 'Object Repository/button_Login' is clicked on

2023-10-26 10:06:36 - [MESSAGE][PASSED] - Object: 'Object Repository/button_Login' is clicked on

2023-10-26 10:06:36 - [MESSAGE][PASSED] - Call Test Case 'Test Cases/login_admin' successfully

2023-10-26 10:06:36 - [TEST_STEP][PASSED] - click(findTestObject("admin/service/button_Service")): Object: 'Object Repository/admin/service/button_Service' is clicked on

2023-10-26 10:06:48 - [MESSAGE][PASSED] - Object: 'Object Repository/admin/service/button_Service' is clicked on

2023-10-26 10:06:49 - [TEST_STEP][PASSED] - click(findTestObject("admin/service/button_service_deactivate")): Object: 'Object Repository/admin/service/button_service_deactivate' is clicked on

2023-10-26 10:06:52 - [MESSAGE][PASSED] - Object: 'Object Repository/admin/service/button_service_deactivate' is clicked on

2023-10-26 10:06:52 - [TEST_STEP][PASSED] - click(findTestObject("admin/service/button_service_deactivate_Non-aktif")): Object: 'Object Repository/admin/service/button_service_deactivate_Non-aktif' is clicked on

2023-10-26 10:07:25 - [MESSAGE][INFO] - Unable to find the element located by 'By.xpath: //button[@id=':rg:']'. Please recheck the objects properties to make sure the desired element is located. 

2023-10-26 10:07:25 - [MESSAGE][WARNING] - [SELF-HEALING] Failed to find element with id 'Object Repository/admin/service/button_service_deactivate_Non-aktif'. Try using Self-healing.

2023-10-26 10:07:27 - [MESSAGE][INFO] - [SELF-HEALING] Failed Locator: '//button[@id=':rg:']'.

2023-10-26 10:07:28 - [MESSAGE][INFO] - [SELF-HEALING] Failed Locator: '//body[@id='doc-root']/div[3]/div[3]/div/div[2]/div/div[2]/button'.

2023-10-26 10:07:36 - [MESSAGE][INFO] - [SELF-HEALING] Working Locator: '(.//*[normalize-space(text()) and normalize-space(.)='Batal'])[1]/following::button[1]'.

2023-10-26 10:07:46 - [MESSAGE][INFO] - [SELF-HEALING] Screenshot: C:/Users/THINKPAD/git/katalon-certification/Reports/Self-healing/Object Repository/admin/service/button_service_deactivate_Non-aktif_neighbor.png

2023-10-26 10:07:46 - [MESSAGE][WARNING] - [SELF-HEALING] The current locator of test object 'Object Repository/admin/service/button_service_deactivate_Non-aktif' was broken. Propose an alternative one: '(.//*[normalize-space(text()) and normalize-space(.)='Batal'])[1]/following::button[1]'.

2023-10-26 10:07:48 - [MESSAGE][PASSED] - Object: 'Object Repository/admin/service/button_service_deactivate_Non-aktif' is clicked on]]></system-out>
         <system-err><![CDATA[]]></system-err>
      </testcase>
      <system-out><![CDATA[2023-10-26 10:01:31 - [TEST_SUITE][PASSED] - Admin - Service nonaktif: Test Cases/admin_service_nonaktifkan_berhasil]]></system-out>
      <system-err><![CDATA[]]></system-err>
   </testsuite>
</testsuites>
