<?xml version="1.0" encoding="UTF-8"?>
<testsuites name="Dealer Kendaraan" time="287.936" tests="7" failures="0" errors="0">
   <testsuite name="Dealer Kendaraan" tests="7" failures="0" errors="0" time="287.936" skipped="0" timestamp="2023-10-26 10:45:55" hostname="THINKPAD - DESKTOP-KQUK8GU" id="Test Suites/Dealer Kendaraan">
      <properties>
         <property name="deviceName" value=""/>
         <property name="devicePlatform" value=""/>
         <property name="logFolder" value="C:\\Users\\THINKPAD\\git\\katalon-certification\\Reports\\20231026_104533\\Dealer Kendaraan\\20231026_104534"/>
         <property name="logFiles" value="C:\\Users\\THINKPAD\\git\\katalon-certification\\Reports\\20231026_104533\\Dealer Kendaraan\\20231026_104534\\execution0.log"/>
         <property name="attachments" value=""/>
         <property name="hostName" value="THINKPAD - DESKTOP-KQUK8GU"/>
         <property name="os" value="Windows 10 64bit"/>
         <property name="katalonVersion" value="8.6.8.208"/>
         <property name="browser" value="Chrome 118.0.0.0"/>
         <property name="hostAddress" value="192.168.0.109"/>
         <property name="sessionId" value="94dc23d4109d02204e83a2207054a7c0"/>
         <property name="seleniumVersion" value="3.141.59"/>
         <property name="proxyInformation" value="ProxyInformation { proxyOption=NO_PROXY, proxyServerType=HTTP, username=, password=********, proxyServerAddress=, proxyServerPort=0, executionList=&quot;&quot;, isApplyToDesiredCapabilities=true }"/>
         <property name="platform" value="Windows 10"/>
      </properties>
      <testcase name="Test Cases/login_admin" time="42.867" classname="Test Cases/login_admin" status="PASSED">
         <system-out><![CDATA[2023-10-26 10:45:58 - [TEST_CASE][PASSED] - Test Cases/login_admin: Test Cases/login_admin

2023-10-26 10:46:01 - [TEST_STEP][PASSED] - openBrowser(""): Browser is opened with url: ''

2023-10-26 10:46:05 - [MESSAGE][INFO] - Starting 'Chrome' driver

2023-10-26 10:46:06 - [MESSAGE][INFO] - Action delay is set to 0 milliseconds

2023-10-26 10:46:23 - [MESSAGE][PASSED] - Browser is opened with url: ''

2023-10-26 10:46:23 - [TEST_STEP][PASSED] - maximizeWindow(): Current window maximized

2023-10-26 10:46:24 - [MESSAGE][PASSED] - Current window maximized

2023-10-26 10:46:24 - [TEST_STEP][PASSED] - navigateToUrl("https://dms-dev.cloudias79.com/login"): Navigate to 'https://dms-dev.cloudias79.com/login' successfully

2023-10-26 10:46:31 - [MESSAGE][PASSED] - Navigate to 'https://dms-dev.cloudias79.com/login' successfully

2023-10-26 10:46:31 - [TEST_STEP][PASSED] - setText(findTestObject("Object Repository/input_Silakan masuk untuk melanjutkan_r0"), "akunadmin"): Text 'akunadmin' is set on object 'Object Repository/input_Silakan masuk untuk melanjutkan_r0'

2023-10-26 10:46:37 - [MESSAGE][PASSED] - Text 'akunadmin' is set on object 'Object Repository/input_Silakan masuk untuk melanjutkan_r0'

2023-10-26 10:46:37 - [TEST_STEP][PASSED] - setEncryptedText(findTestObject("Object Repository/input__r1"), "fzqqY0qJjYTuJiVJRZh4ag=="): Text ****** has been set on object 'Object Repository/input__r1'

2023-10-26 10:46:39 - [MESSAGE][PASSED] - Text ****** has been set on object 'Object Repository/input__r1'

2023-10-26 10:46:39 - [TEST_STEP][PASSED] - click(findTestObject("Object Repository/button_Login")): Object: 'Object Repository/button_Login' is clicked on

2023-10-26 10:46:41 - [MESSAGE][PASSED] - Object: 'Object Repository/button_Login' is clicked on]]></system-out>
         <system-err><![CDATA[]]></system-err>
      </testcase>
      <testcase name="Test Cases/admin_lihat_daftar_dealer" time="23.909" classname="Test Cases/admin_lihat_daftar_dealer" status="PASSED">
         <system-out><![CDATA[2023-10-26 10:46:41 - [TEST_CASE][PASSED] - Test Cases/admin_lihat_daftar_dealer: Test Cases/admin_lihat_daftar_dealer

2023-10-26 10:46:44 - [TEST_STEP][PASSED] - click(findTestObject("admin/kendaraan/daftar dealer kendaraan/button_Daftar Dealer Kendaraan")): Object: 'Object Repository/admin/kendaraan/daftar dealer kendaraan/button_Daftar Dealer Kendaraan' is clicked on

2023-10-26 10:47:05 - [MESSAGE][PASSED] - Object: 'Object Repository/admin/kendaraan/daftar dealer kendaraan/button_Daftar Dealer Kendaraan' is clicked on]]></system-out>
         <system-err><![CDATA[]]></system-err>
      </testcase>
      <testcase name="Test Cases/admin_search_dealer" time="17.336" classname="Test Cases/admin_search_dealer" status="PASSED">
         <system-out><![CDATA[2023-10-26 10:47:05 - [TEST_CASE][PASSED] - Test Cases/admin_search_dealer: Test Cases/admin_search_dealer

2023-10-26 10:47:10 - [TEST_STEP][PASSED] - click(findTestObject("admin/kendaraan/daftar dealer kendaraan/button_Daftar Dealer Kendaraan")): Object: 'Object Repository/admin/kendaraan/daftar dealer kendaraan/button_Daftar Dealer Kendaraan' is clicked on

2023-10-26 10:47:13 - [MESSAGE][PASSED] - Object: 'Object Repository/admin/kendaraan/daftar dealer kendaraan/button_Daftar Dealer Kendaraan' is clicked on

2023-10-26 10:47:13 - [TEST_STEP][PASSED] - click(findTestObject("admin/kendaraan/daftar warna kendaraan/input_search Daftar Dealer Kendaraan")): Object: 'Object Repository/admin/kendaraan/daftar warna kendaraan/input_search Daftar Dealer Kendaraan' is clicked on

2023-10-26 10:47:17 - [MESSAGE][PASSED] - Object: 'Object Repository/admin/kendaraan/daftar warna kendaraan/input_search Daftar Dealer Kendaraan' is clicked on

2023-10-26 10:47:17 - [TEST_STEP][PASSED] - setText(findTestObject("admin/kendaraan/daftar warna kendaraan/input_search Daftar Dealer Kendaraan"), "h"): Text 'h' is set on object 'Object Repository/admin/kendaraan/daftar warna kendaraan/input_search Daftar Dealer Kendaraan'

2023-10-26 10:47:22 - [MESSAGE][PASSED] - Text 'h' is set on object 'Object Repository/admin/kendaraan/daftar warna kendaraan/input_search Daftar Dealer Kendaraan']]></system-out>
         <system-err><![CDATA[]]></system-err>
      </testcase>
      <testcase name="Test Cases/admin_tambah_dealer" time="130.641" classname="Test Cases/admin_tambah_dealer" status="PASSED">
         <system-out><![CDATA[2023-10-26 10:47:22 - [TEST_CASE][PASSED] - Test Cases/admin_tambah_dealer: Test Cases/admin_tambah_dealer

2023-10-26 10:47:27 - [TEST_STEP][PASSED] - click(findTestObject("admin/kendaraan/daftar dealer kendaraan/button_Daftar Dealer Kendaraan")): Object: 'Object Repository/admin/kendaraan/daftar dealer kendaraan/button_Daftar Dealer Kendaraan' is clicked on

2023-10-26 10:47:29 - [MESSAGE][PASSED] - Object: 'Object Repository/admin/kendaraan/daftar dealer kendaraan/button_Daftar Dealer Kendaraan' is clicked on

2023-10-26 10:47:29 - [TEST_STEP][PASSED] - click(findTestObject("admin/kendaraan/daftar dealer kendaraan/button_Tambah Dealer Penjualan Kendaraan")): Object: 'Object Repository/admin/kendaraan/daftar dealer kendaraan/button_Tambah Dealer Penjualan Kendaraan' is clicked on

2023-10-26 10:47:41 - [MESSAGE][PASSED] - Object: 'Object Repository/admin/kendaraan/daftar dealer kendaraan/button_Tambah Dealer Penjualan Kendaraan' is clicked on

2023-10-26 10:47:41 - [TEST_STEP][PASSED] - click(findTestObject("admin/kendaraan/daftar dealer kendaraan/input_Tambah Dealer Penjualan Kendaraan")): Object: 'Object Repository/admin/kendaraan/daftar dealer kendaraan/input_Tambah Dealer Penjualan Kendaraan' is clicked on

2023-10-26 10:48:15 - [MESSAGE][INFO] - Unable to find the element located by 'By.xpath: //input[@id=':ro:']'. Please recheck the objects properties to make sure the desired element is located. 

2023-10-26 10:48:15 - [MESSAGE][WARNING] - [SELF-HEALING] Failed to find element with id 'Object Repository/admin/kendaraan/daftar dealer kendaraan/input_Tambah Dealer Penjualan Kendaraan'. Try using Self-healing.

2023-10-26 10:48:18 - [MESSAGE][WARNING] - [SELF-HEALING] The current locator of test object 'Object Repository/admin/kendaraan/daftar dealer kendaraan/input_Tambah Dealer Penjualan Kendaraan' was broken. Propose an alternative one: '//div[3]/div/div/div/div/input'.

2023-10-26 10:48:20 - [MESSAGE][PASSED] - Object: 'Object Repository/admin/kendaraan/daftar dealer kendaraan/input_Tambah Dealer Penjualan Kendaraan' is clicked on

2023-10-26 10:48:20 - [TEST_STEP][PASSED] - setText(findTestObject("admin/kendaraan/daftar dealer kendaraan/input_Tambah Dealer Penjualan Kendaraan"), "Suzuki"): Text 'Suzuki' is set on object 'Object Repository/admin/kendaraan/daftar dealer kendaraan/input_Tambah Dealer Penjualan Kendaraan'

2023-10-26 10:48:54 - [MESSAGE][INFO] - Unable to find the element located by 'By.xpath: //input[@id=':ro:']'. Please recheck the objects properties to make sure the desired element is located. 

2023-10-26 10:48:54 - [MESSAGE][WARNING] - [SELF-HEALING] Failed to find element with id 'Object Repository/admin/kendaraan/daftar dealer kendaraan/input_Tambah Dealer Penjualan Kendaraan'. Try using Self-healing.

2023-10-26 10:48:56 - [MESSAGE][WARNING] - [SELF-HEALING] The current locator of test object 'Object Repository/admin/kendaraan/daftar dealer kendaraan/input_Tambah Dealer Penjualan Kendaraan' was broken. Propose an alternative one: '//div[3]/div/div/div/div/input'.

2023-10-26 10:49:29 - [MESSAGE][INFO] - Unable to find the element located by 'By.xpath: //input[@id=':ro:']'. Please recheck the objects properties to make sure the desired element is located. 

2023-10-26 10:49:29 - [MESSAGE][WARNING] - [SELF-HEALING] Failed to find element with id 'Object Repository/admin/kendaraan/daftar dealer kendaraan/input_Tambah Dealer Penjualan Kendaraan'. Try using Self-healing.

2023-10-26 10:49:30 - [MESSAGE][WARNING] - [SELF-HEALING] The current locator of test object 'Object Repository/admin/kendaraan/daftar dealer kendaraan/input_Tambah Dealer Penjualan Kendaraan' was broken. Propose an alternative one: '//div[3]/div/div/div/div/input'.

2023-10-26 10:49:30 - [MESSAGE][PASSED] - Text 'Suzuki' is set on object 'Object Repository/admin/kendaraan/daftar dealer kendaraan/input_Tambah Dealer Penjualan Kendaraan'

2023-10-26 10:49:30 - [TEST_STEP][PASSED] - click(findTestObject("admin/kendaraan/daftar dealer kendaraan/button_Tambah Dealer Penjualan Kendaraan_Batal")): Object: 'Object Repository/admin/kendaraan/daftar dealer kendaraan/button_Tambah Dealer Penjualan Kendaraan_Batal' is clicked on

2023-10-26 10:49:33 - [MESSAGE][PASSED] - Object: 'Object Repository/admin/kendaraan/daftar dealer kendaraan/button_Tambah Dealer Penjualan Kendaraan_Batal' is clicked on]]></system-out>
         <system-err><![CDATA[]]></system-err>
      </testcase>
      <testcase name="Test Cases/admin_edit_dealer" time="46.395" classname="Test Cases/admin_edit_dealer" status="PASSED">
         <system-out><![CDATA[2023-10-26 10:49:33 - [TEST_CASE][PASSED] - Test Cases/admin_edit_dealer: Test Cases/admin_edit_dealer

2023-10-26 10:49:37 - [TEST_STEP][PASSED] - click(findTestObject("admin/kendaraan/daftar dealer kendaraan/button_Daftar Dealer Kendaraan")): Object: 'Object Repository/admin/kendaraan/daftar dealer kendaraan/button_Daftar Dealer Kendaraan' is clicked on

2023-10-26 10:49:39 - [MESSAGE][PASSED] - Object: 'Object Repository/admin/kendaraan/daftar dealer kendaraan/button_Daftar Dealer Kendaraan' is clicked on

2023-10-26 10:49:39 - [TEST_STEP][PASSED] - click(findTestObject("admin/kendaraan/daftar dealer kendaraan/button_edit dealer penjualan kendaraan")): Object: 'Object Repository/admin/kendaraan/daftar dealer kendaraan/button_edit dealer penjualan kendaraan' is clicked on

2023-10-26 10:49:41 - [MESSAGE][PASSED] - Object: 'Object Repository/admin/kendaraan/daftar dealer kendaraan/button_edit dealer penjualan kendaraan' is clicked on

2023-10-26 10:49:41 - [TEST_STEP][PASSED] - click(findTestObject("admin/kendaraan/daftar dealer kendaraan/input_Edit Dealer Penjualan Kendaraan")): Object: 'Object Repository/admin/kendaraan/daftar dealer kendaraan/input_Edit Dealer Penjualan Kendaraan' is clicked on

2023-10-26 10:50:15 - [MESSAGE][INFO] - Unable to find the element located by 'By.xpath: //input[@id=':rp:']'. Please recheck the objects properties to make sure the desired element is located. 

2023-10-26 10:50:15 - [MESSAGE][WARNING] - [SELF-HEALING] Failed to find element with id 'Object Repository/admin/kendaraan/daftar dealer kendaraan/input_Edit Dealer Penjualan Kendaraan'. Try using Self-healing.

2023-10-26 10:50:17 - [MESSAGE][WARNING] - [SELF-HEALING] The current locator of test object 'Object Repository/admin/kendaraan/daftar dealer kendaraan/input_Edit Dealer Penjualan Kendaraan' was broken. Propose an alternative one: '//div[3]/div/div/div/div/input'.

2023-10-26 10:50:18 - [MESSAGE][PASSED] - Object: 'Object Repository/admin/kendaraan/daftar dealer kendaraan/input_Edit Dealer Penjualan Kendaraan' is clicked on

2023-10-26 10:50:18 - [TEST_STEP][PASSED] - click(findTestObject("admin/kendaraan/daftar dealer kendaraan/button_Edit Dealer Penjualan Kendaraan_Batal")): Object: 'Object Repository/admin/kendaraan/daftar dealer kendaraan/button_Edit Dealer Penjualan Kendaraan_Batal' is clicked on

2023-10-26 10:50:19 - [MESSAGE][PASSED] - Object: 'Object Repository/admin/kendaraan/daftar dealer kendaraan/button_Edit Dealer Penjualan Kendaraan_Batal' is clicked on]]></system-out>
         <system-err><![CDATA[]]></system-err>
      </testcase>
      <testcase name="Test Cases/admin_delete_dealer" time="11.098" classname="Test Cases/admin_delete_dealer" status="PASSED">
         <system-out><![CDATA[2023-10-26 10:50:19 - [TEST_CASE][PASSED] - Test Cases/admin_delete_dealer: Test Cases/admin_delete_dealer

2023-10-26 10:50:25 - [TEST_STEP][PASSED] - click(findTestObject("admin/kendaraan/daftar dealer kendaraan/button_Daftar Dealer Kendaraan")): Object: 'Object Repository/admin/kendaraan/daftar dealer kendaraan/button_Daftar Dealer Kendaraan' is clicked on

2023-10-26 10:50:28 - [MESSAGE][PASSED] - Object: 'Object Repository/admin/kendaraan/daftar dealer kendaraan/button_Daftar Dealer Kendaraan' is clicked on

2023-10-26 10:50:28 - [TEST_STEP][PASSED] - click(findTestObject("admin/kendaraan/daftar dealer kendaraan/button_Hapus Dealer Penjualan Kendaraan")): Object: 'Object Repository/admin/kendaraan/daftar dealer kendaraan/button_Hapus Dealer Penjualan Kendaraan' is clicked on

2023-10-26 10:50:29 - [MESSAGE][PASSED] - Object: 'Object Repository/admin/kendaraan/daftar dealer kendaraan/button_Hapus Dealer Penjualan Kendaraan' is clicked on

2023-10-26 10:50:29 - [TEST_STEP][PASSED] - click(findTestObject("admin/kendaraan/daftar dealer kendaraan/button_Hapus Dealer Penjualan Kendaraan_Batal")): Object: 'Object Repository/admin/kendaraan/daftar dealer kendaraan/button_Hapus Dealer Penjualan Kendaraan_Batal' is clicked on

2023-10-26 10:50:30 - [MESSAGE][PASSED] - Object: 'Object Repository/admin/kendaraan/daftar dealer kendaraan/button_Hapus Dealer Penjualan Kendaraan_Batal' is clicked on]]></system-out>
         <system-err><![CDATA[]]></system-err>
      </testcase>
      <testcase name="Test Cases/logout_admin" time="12.395" classname="Test Cases/logout_admin" status="PASSED">
         <system-out><![CDATA[2023-10-26 10:50:30 - [TEST_CASE][PASSED] - Test Cases/logout_admin: Test Cases/logout_admin

2023-10-26 10:50:33 - [TEST_STEP][PASSED] - click(findTestObject("admin/button_icon profile")): Object: 'Object Repository/admin/button_icon profile' is clicked on

2023-10-26 10:50:34 - [MESSAGE][PASSED] - Object: 'Object Repository/admin/button_icon profile' is clicked on

2023-10-26 10:50:34 - [TEST_STEP][PASSED] - delay(3): Delayed 3 second(s)

2023-10-26 10:50:37 - [MESSAGE][PASSED] - Delayed 3 second(s)

2023-10-26 10:50:37 - [TEST_STEP][PASSED] - waitForElementPresent(findTestObject("admin/button_Log Out"), 3): Object 'Object Repository/admin/button_Log Out' is present

2023-10-26 10:50:38 - [MESSAGE][PASSED] - Object 'Object Repository/admin/button_Log Out' is present

2023-10-26 10:50:38 - [TEST_STEP][PASSED] - waitForElementClickable(findTestObject("admin/button_Log Out"), 3): Object 'Object Repository/admin/button_Log Out' is clickable

2023-10-26 10:50:40 - [MESSAGE][PASSED] - Object 'Object Repository/admin/button_Log Out' is clickable

2023-10-26 10:50:40 - [TEST_STEP][PASSED] - click(findTestObject("admin/button_Log Out")): Object: 'Object Repository/admin/button_Log Out' is clicked on

2023-10-26 10:50:43 - [MESSAGE][PASSED] - Object: 'Object Repository/admin/button_Log Out' is clicked on]]></system-out>
         <system-err><![CDATA[]]></system-err>
      </testcase>
      <system-out><![CDATA[2023-10-26 10:45:55 - [TEST_SUITE][PASSED] - Dealer Kendaraan: Test Cases/logout_admin]]></system-out>
      <system-err><![CDATA[]]></system-err>
   </testsuite>
</testsuites>
