<?xml version="1.0" encoding="UTF-8"?>
<testsuites name="Login_Counterpart" time="103.025" tests="2" failures="0" errors="0">
   <testsuite name="Login_Counterpart" tests="2" failures="0" errors="0" time="103.025" skipped="0" timestamp="2023-10-26 10:47:22" hostname="THINKPAD - DESKTOP-KQUK8GU" id="Test Suites/Login_Counterpart">
      <properties>
         <property name="deviceName" value=""/>
         <property name="devicePlatform" value=""/>
         <property name="logFolder" value="C:\\Users\\THINKPAD\\git\\katalon-certification\\Reports\\20231026_104549\\Login_Counterpart\\20231026_104558"/>
         <property name="logFiles" value="C:\\Users\\THINKPAD\\git\\katalon-certification\\Reports\\20231026_104549\\Login_Counterpart\\20231026_104558\\execution0.log"/>
         <property name="attachments" value=""/>
         <property name="hostName" value="THINKPAD - DESKTOP-KQUK8GU"/>
         <property name="os" value="Windows 10 64bit"/>
         <property name="katalonVersion" value="8.6.8.208"/>
         <property name="browser" value="Chrome 118.0.0.0"/>
         <property name="hostAddress" value="192.168.0.109"/>
         <property name="sessionId" value="6cc61d523423c8e492012d070b35b716"/>
         <property name="seleniumVersion" value="3.141.59"/>
         <property name="proxyInformation" value="ProxyInformation { proxyOption=NO_PROXY, proxyServerType=HTTP, username=, password=********, proxyServerAddress=, proxyServerPort=0, executionList=&quot;&quot;, isApplyToDesiredCapabilities=true }"/>
         <property name="platform" value="Windows 10"/>
      </properties>
      <testcase name="Test Cases/login_counterpart" time="62.034" classname="Test Cases/login_counterpart" status="PASSED">
         <system-out><![CDATA[2023-10-26 10:47:26 - [TEST_CASE][PASSED] - Test Cases/login_counterpart: Test Cases/login_counterpart

2023-10-26 10:47:29 - [TEST_STEP][PASSED] - openBrowser(""): Browser is opened with url: ''

2023-10-26 10:47:35 - [MESSAGE][INFO] - Starting 'Chrome' driver

2023-10-26 10:47:36 - [MESSAGE][INFO] - Action delay is set to 0 milliseconds

2023-10-26 10:48:00 - [MESSAGE][PASSED] - Browser is opened with url: ''

2023-10-26 10:48:00 - [TEST_STEP][PASSED] - maximizeWindow(): Current window maximized

2023-10-26 10:48:01 - [MESSAGE][PASSED] - Current window maximized

2023-10-26 10:48:01 - [TEST_STEP][PASSED] - navigateToUrl("https://dms-dev.cloudias79.com/login"): Navigate to 'https://dms-dev.cloudias79.com/login' successfully

2023-10-26 10:48:07 - [MESSAGE][PASSED] - Navigate to 'https://dms-dev.cloudias79.com/login' successfully

2023-10-26 10:48:07 - [TEST_STEP][PASSED] - setText(findTestObject("Page_DMS_login/input_login_username"), "akuncounterpart"): Text 'akuncounterpart' is set on object 'Object Repository/Page_DMS_login/input_login_username'

2023-10-26 10:48:14 - [MESSAGE][PASSED] - Text 'akuncounterpart' is set on object 'Object Repository/Page_DMS_login/input_login_username'

2023-10-26 10:48:14 - [TEST_STEP][PASSED] - setEncryptedText(findTestObject("Page_DMS_login/input_login_password"), "fzqqY0qJjYTuJiVJRZh4ag=="): Text ****** has been set on object 'Object Repository/Page_DMS_login/input_login_password'

2023-10-26 10:48:22 - [MESSAGE][PASSED] - Text ****** has been set on object 'Object Repository/Page_DMS_login/input_login_password'

2023-10-26 10:48:22 - [TEST_STEP][PASSED] - click(findTestObject("Page_DMS_login/button_Login")): Object: 'Object Repository/Page_DMS_login/button_Login' is clicked on

2023-10-26 10:48:28 - [MESSAGE][PASSED] - Object: 'Object Repository/Page_DMS_login/button_Login' is clicked on]]></system-out>
         <system-err><![CDATA[]]></system-err>
      </testcase>
      <testcase name="Test Cases/logout_admin" time="37.149" classname="Test Cases/logout_admin" status="PASSED">
         <system-out><![CDATA[2023-10-26 10:48:28 - [TEST_CASE][PASSED] - Test Cases/logout_admin: Test Cases/logout_admin

2023-10-26 10:48:34 - [TEST_STEP][PASSED] - click(findTestObject("admin/button_icon profile")): Object: 'Object Repository/admin/button_icon profile' is clicked on

2023-10-26 10:48:44 - [MESSAGE][PASSED] - Object: 'Object Repository/admin/button_icon profile' is clicked on

2023-10-26 10:48:44 - [TEST_STEP][PASSED] - delay(3): Delayed 3 second(s)

2023-10-26 10:48:48 - [MESSAGE][PASSED] - Delayed 3 second(s)

2023-10-26 10:48:48 - [TEST_STEP][PASSED] - waitForElementPresent(findTestObject("admin/button_Log Out"), 3): Object 'Object Repository/admin/button_Log Out' is present

2023-10-26 10:48:49 - [MESSAGE][PASSED] - Object 'Object Repository/admin/button_Log Out' is present

2023-10-26 10:48:49 - [TEST_STEP][PASSED] - waitForElementClickable(findTestObject("admin/button_Log Out"), 3): Object 'Object Repository/admin/button_Log Out' is clickable

2023-10-26 10:48:52 - [MESSAGE][PASSED] - Object 'Object Repository/admin/button_Log Out' is clickable

2023-10-26 10:48:52 - [TEST_STEP][PASSED] - click(findTestObject("admin/button_Log Out")): Object: 'Object Repository/admin/button_Log Out' is clicked on

2023-10-26 10:49:05 - [MESSAGE][PASSED] - Object: 'Object Repository/admin/button_Log Out' is clicked on]]></system-out>
         <system-err><![CDATA[]]></system-err>
      </testcase>
      <system-out><![CDATA[2023-10-26 10:47:22 - [TEST_SUITE][PASSED] - Login_Counterpart: Test Cases/logout_admin]]></system-out>
      <system-err><![CDATA[]]></system-err>
   </testsuite>
</testsuites>
