<?xml version="1.0" encoding="UTF-8"?>
<testsuites name="Login_Mekanik" time="200.28" tests="2" failures="0" errors="0">
   <testsuite name="Login_Mekanik" tests="2" failures="0" errors="0" time="200.28" skipped="0" timestamp="2023-10-25 12:23:50" hostname="THINKPAD - DESKTOP-KQUK8GU" id="Test Suites/Login_Mekanik">
      <properties>
         <property name="deviceName" value=""/>
         <property name="devicePlatform" value=""/>
         <property name="logFolder" value="C:\\Users\\THINKPAD\\git\\katalon-certification\\Reports\\20231025_122234\\Login_Mekanik\\20231025_122249"/>
         <property name="logFiles" value="C:\\Users\\THINKPAD\\git\\katalon-certification\\Reports\\20231025_122234\\Login_Mekanik\\20231025_122249\\execution0.log"/>
         <property name="attachments" value=""/>
         <property name="hostName" value="THINKPAD - DESKTOP-KQUK8GU"/>
         <property name="os" value="Windows 10 64bit"/>
         <property name="katalonVersion" value="8.6.8.208"/>
         <property name="browser" value="Chrome 118.0.0.0"/>
         <property name="hostAddress" value="192.168.0.109"/>
         <property name="sessionId" value="9440bd9b381ff4e64f95515f80f9d2c2"/>
         <property name="seleniumVersion" value="3.141.59"/>
         <property name="proxyInformation" value="ProxyInformation { proxyOption=NO_PROXY, proxyServerType=HTTP, username=, password=********, proxyServerAddress=, proxyServerPort=0, executionList=&quot;&quot;, isApplyToDesiredCapabilities=true }"/>
         <property name="platform" value="Windows 10"/>
      </properties>
      <testcase name="Test Cases/login_mekanik" time="115.526" classname="Test Cases/login_mekanik" status="PASSED">
         <system-out><![CDATA[2023-10-25 12:23:52 - [TEST_CASE][PASSED] - Test Cases/login_mekanik: Test Cases/login_mekanik

2023-10-25 12:23:55 - [TEST_STEP][PASSED] - openBrowser(""): Browser is opened with url: ''

2023-10-25 12:23:58 - [MESSAGE][INFO] - Starting 'Chrome' driver

2023-10-25 12:23:59 - [MESSAGE][INFO] - Action delay is set to 0 milliseconds

2023-10-25 12:24:19 - [MESSAGE][PASSED] - Browser is opened with url: ''

2023-10-25 12:24:19 - [TEST_STEP][PASSED] - maximizeWindow(): Current window maximized

2023-10-25 12:24:20 - [MESSAGE][PASSED] - Current window maximized

2023-10-25 12:24:20 - [TEST_STEP][PASSED] - navigateToUrl("https://dms-dev.cloudias79.com/login"): Navigate to 'https://dms-dev.cloudias79.com/login' successfully

2023-10-25 12:25:37 - [MESSAGE][PASSED] - Navigate to 'https://dms-dev.cloudias79.com/login' successfully

2023-10-25 12:25:37 - [TEST_STEP][PASSED] - setText(findTestObject("Page_DMS_login/input_login_username"), "akunmekanik"): Text 'akunmekanik' is set on object 'Object Repository/Page_DMS_login/input_login_username'

2023-10-25 12:25:44 - [MESSAGE][PASSED] - Text 'akunmekanik' is set on object 'Object Repository/Page_DMS_login/input_login_username'

2023-10-25 12:25:44 - [TEST_STEP][PASSED] - setEncryptedText(findTestObject("Page_DMS_login/input_login_password"), "fzqqY0qJjYTuJiVJRZh4ag=="): Text ****** has been set on object 'Object Repository/Page_DMS_login/input_login_password'

2023-10-25 12:25:46 - [MESSAGE][PASSED] - Text ****** has been set on object 'Object Repository/Page_DMS_login/input_login_password'

2023-10-25 12:25:46 - [TEST_STEP][PASSED] - click(findTestObject("Page_DMS_login/button_Login")): Object: 'Object Repository/Page_DMS_login/button_Login' is clicked on

2023-10-25 12:25:47 - [MESSAGE][PASSED] - Object: 'Object Repository/Page_DMS_login/button_Login' is clicked on]]></system-out>
         <system-err><![CDATA[]]></system-err>
      </testcase>
      <testcase name="Test Cases/logout_admin" time="82.611" classname="Test Cases/logout_admin" status="PASSED">
         <system-out><![CDATA[2023-10-25 12:25:47 - [TEST_CASE][PASSED] - Test Cases/logout_admin: Test Cases/logout_admin

2023-10-25 12:25:50 - [TEST_STEP][PASSED] - click(findTestObject("admin/button_icon profile")): Object: 'Object Repository/admin/button_icon profile' is clicked on

2023-10-25 12:26:03 - [MESSAGE][PASSED] - Object: 'Object Repository/admin/button_icon profile' is clicked on

2023-10-25 12:26:03 - [TEST_STEP][PASSED] - delay(3): Delayed 3 second(s)

2023-10-25 12:26:06 - [MESSAGE][PASSED] - Delayed 3 second(s)

2023-10-25 12:26:07 - [TEST_STEP][PASSED] - waitForElementPresent(findTestObject("admin/button_Log Out"), 3): Object 'Object Repository/admin/button_Log Out' is present

2023-10-25 12:26:08 - [MESSAGE][PASSED] - Object 'Object Repository/admin/button_Log Out' is present

2023-10-25 12:26:08 - [TEST_STEP][PASSED] - waitForElementClickable(findTestObject("admin/button_Log Out"), 3): Object 'Object Repository/admin/button_Log Out' is clickable

2023-10-25 12:26:10 - [MESSAGE][PASSED] - Object 'Object Repository/admin/button_Log Out' is clickable

2023-10-25 12:26:10 - [TEST_STEP][PASSED] - click(findTestObject("admin/button_Log Out")): Object: 'Object Repository/admin/button_Log Out' is clicked on

2023-10-25 12:27:10 - [MESSAGE][PASSED] - Object: 'Object Repository/admin/button_Log Out' is clicked on]]></system-out>
         <system-err><![CDATA[]]></system-err>
      </testcase>
      <system-out><![CDATA[2023-10-25 12:23:50 - [TEST_SUITE][PASSED] - Login_Mekanik: Test Cases/logout_admin]]></system-out>
      <system-err><![CDATA[]]></system-err>
   </testsuite>
</testsuites>
