<?xml version="1.0" encoding="UTF-8"?>
<testsuites name="Admin - Service" time="174.63" tests="7" failures="0" errors="0">
   <testsuite name="Admin - Service edit" tests="4" failures="0" errors="0" time="144.0" skipped="0" timestamp="2023-10-26 10:41:11" hostname="THINKPAD - DESKTOP-KQUK8GU" id="Test Suites/Admin - Service edit">
      <properties>
         <property name="deviceName" value=""/>
         <property name="devicePlatform" value=""/>
         <property name="logFolder" value="C:\\Users\\THINKPAD\\git\\katalon-certification\\Reports\\20231026_104023\\Admin - Service edit\\20231026_104025"/>
         <property name="logFiles" value="C:\\Users\\THINKPAD\\git\\katalon-certification\\Reports\\20231026_104023\\Admin - Service edit\\20231026_104025\\execution0.log"/>
         <property name="attachments" value=""/>
         <property name="hostName" value="THINKPAD - DESKTOP-KQUK8GU"/>
         <property name="os" value="Windows 10 64bit"/>
         <property name="katalonVersion" value="8.6.8.208"/>
         <property name="browser" value="Chrome 118.0.0.0"/>
         <property name="hostAddress" value="192.168.0.109"/>
         <property name="sessionId" value="21c915b0ae7d62303b4f294d082b6a03"/>
         <property name="seleniumVersion" value="3.141.59"/>
         <property name="proxyInformation" value="ProxyInformation { proxyOption=NO_PROXY, proxyServerType=HTTP, username=, password=********, proxyServerAddress=, proxyServerPort=0, executionList=&quot;&quot;, isApplyToDesiredCapabilities=true }"/>
         <property name="platform" value="Windows 10"/>
      </properties>
      <testcase name="Test Cases/login_admin" time="34.045" classname="Test Cases/login_admin" status="PASSED">
         <system-out><![CDATA[2023-10-26 10:41:13 - [TEST_CASE][PASSED] - Test Cases/login_admin: Test Cases/login_admin

2023-10-26 10:41:16 - [TEST_STEP][PASSED] - openBrowser(""): Browser is opened with url: ''

2023-10-26 10:41:22 - [MESSAGE][INFO] - Starting 'Chrome' driver

2023-10-26 10:41:22 - [MESSAGE][INFO] - Action delay is set to 0 milliseconds

2023-10-26 10:41:38 - [MESSAGE][PASSED] - Browser is opened with url: ''

2023-10-26 10:41:38 - [TEST_STEP][PASSED] - maximizeWindow(): Current window maximized

2023-10-26 10:41:38 - [MESSAGE][PASSED] - Current window maximized

2023-10-26 10:41:38 - [TEST_STEP][PASSED] - navigateToUrl("https://dms-dev.cloudias79.com/login"): Navigate to 'https://dms-dev.cloudias79.com/login' successfully

2023-10-26 10:41:42 - [MESSAGE][PASSED] - Navigate to 'https://dms-dev.cloudias79.com/login' successfully

2023-10-26 10:41:42 - [TEST_STEP][PASSED] - setText(findTestObject("Object Repository/input_Silakan masuk untuk melanjutkan_r0"), "akunadmin"): Text 'akunadmin' is set on object 'Object Repository/input_Silakan masuk untuk melanjutkan_r0'

2023-10-26 10:41:45 - [MESSAGE][PASSED] - Text 'akunadmin' is set on object 'Object Repository/input_Silakan masuk untuk melanjutkan_r0'

2023-10-26 10:41:45 - [TEST_STEP][PASSED] - setEncryptedText(findTestObject("Object Repository/input__r1"), "fzqqY0qJjYTuJiVJRZh4ag=="): Text ****** has been set on object 'Object Repository/input__r1'

2023-10-26 10:41:46 - [MESSAGE][PASSED] - Text ****** has been set on object 'Object Repository/input__r1'

2023-10-26 10:41:46 - [TEST_STEP][PASSED] - click(findTestObject("Object Repository/button_Login")): Object: 'Object Repository/button_Login' is clicked on

2023-10-26 10:41:47 - [MESSAGE][PASSED] - Object: 'Object Repository/button_Login' is clicked on]]></system-out>
         <system-err><![CDATA[]]></system-err>
      </testcase>
      <testcase name="Test Cases/admin_service_lihat" time="44.241" classname="Test Cases/admin_service_lihat" status="PASSED">
         <system-out><![CDATA[2023-10-26 10:41:47 - [TEST_CASE][PASSED] - Test Cases/admin_service_lihat: Test Cases/admin_service_lihat

2023-10-26 10:41:51 - [TEST_STEP][PASSED] - callTestCase(findTestCase("login_admin"), [:], STOP_ON_FAILURE): Call Test Case 'Test Cases/login_admin' successfully

2023-10-26 10:41:51 - [TEST_CASE][PASSED] - Test Cases/login_admin: Test Cases/login_admin

2023-10-26 10:41:51 - [TEST_STEP][PASSED] - openBrowser(""): Browser is opened with url: ''

2023-10-26 10:41:51 - [MESSAGE][WARNING] - A browser is already opened. Closing browser and opening a new one

2023-10-26 10:42:00 - [MESSAGE][INFO] - Starting 'Chrome' driver

2023-10-26 10:42:00 - [MESSAGE][INFO] - Action delay is set to 0 milliseconds

2023-10-26 10:42:02 - [MESSAGE][PASSED] - Browser is opened with url: ''

2023-10-26 10:42:02 - [TEST_STEP][PASSED] - maximizeWindow(): Current window maximized

2023-10-26 10:42:03 - [MESSAGE][PASSED] - Current window maximized

2023-10-26 10:42:03 - [TEST_STEP][PASSED] - navigateToUrl("https://dms-dev.cloudias79.com/login"): Navigate to 'https://dms-dev.cloudias79.com/login' successfully

2023-10-26 10:42:08 - [MESSAGE][PASSED] - Navigate to 'https://dms-dev.cloudias79.com/login' successfully

2023-10-26 10:42:08 - [TEST_STEP][PASSED] - setText(findTestObject("Object Repository/input_Silakan masuk untuk melanjutkan_r0"), "akunadmin"): Text 'akunadmin' is set on object 'Object Repository/input_Silakan masuk untuk melanjutkan_r0'

2023-10-26 10:42:10 - [MESSAGE][PASSED] - Text 'akunadmin' is set on object 'Object Repository/input_Silakan masuk untuk melanjutkan_r0'

2023-10-26 10:42:10 - [TEST_STEP][PASSED] - setEncryptedText(findTestObject("Object Repository/input__r1"), "fzqqY0qJjYTuJiVJRZh4ag=="): Text ****** has been set on object 'Object Repository/input__r1'

2023-10-26 10:42:15 - [MESSAGE][PASSED] - Text ****** has been set on object 'Object Repository/input__r1'

2023-10-26 10:42:15 - [TEST_STEP][PASSED] - click(findTestObject("Object Repository/button_Login")): Object: 'Object Repository/button_Login' is clicked on

2023-10-26 10:42:16 - [MESSAGE][PASSED] - Object: 'Object Repository/button_Login' is clicked on

2023-10-26 10:42:16 - [MESSAGE][PASSED] - Call Test Case 'Test Cases/login_admin' successfully

2023-10-26 10:42:16 - [TEST_STEP][PASSED] - click(findTestObject("admin/service/button_Service")): Object: 'Object Repository/admin/service/button_Service' is clicked on

2023-10-26 10:42:28 - [MESSAGE][PASSED] - Object: 'Object Repository/admin/service/button_Service' is clicked on

2023-10-26 10:42:28 - [TEST_STEP][PASSED] - click(findTestObject("admin/service/button_service_edit")): Object: 'Object Repository/admin/service/button_service_edit' is clicked on

2023-10-26 10:42:30 - [MESSAGE][PASSED] - Object: 'Object Repository/admin/service/button_service_edit' is clicked on

2023-10-26 10:42:30 - [TEST_STEP][PASSED] - click(findTestObject("admin/service/button_service_edit_Simpan")): Object: 'Object Repository/admin/service/button_service_edit_Simpan' is clicked on

2023-10-26 10:42:31 - [MESSAGE][PASSED] - Object: 'Object Repository/admin/service/button_service_edit_Simpan' is clicked on]]></system-out>
         <system-err><![CDATA[]]></system-err>
      </testcase>
      <testcase name="Test Cases/admin_service_edit_batal" time="36.369" classname="Test Cases/admin_service_edit_batal" status="PASSED">
         <system-out><![CDATA[2023-10-26 10:42:32 - [TEST_CASE][PASSED] - Test Cases/admin_service_edit_batal: Test Cases/admin_service_edit_batal

2023-10-26 10:42:35 - [TEST_STEP][PASSED] - callTestCase(findTestCase("login_admin"), [:], STOP_ON_FAILURE): Call Test Case 'Test Cases/login_admin' successfully

2023-10-26 10:42:35 - [TEST_CASE][PASSED] - Test Cases/login_admin: Test Cases/login_admin

2023-10-26 10:42:35 - [TEST_STEP][PASSED] - openBrowser(""): Browser is opened with url: ''

2023-10-26 10:42:35 - [MESSAGE][WARNING] - A browser is already opened. Closing browser and opening a new one

2023-10-26 10:42:37 - [MESSAGE][INFO] - Starting 'Chrome' driver

2023-10-26 10:42:37 - [MESSAGE][INFO] - Action delay is set to 0 milliseconds

2023-10-26 10:42:39 - [MESSAGE][PASSED] - Browser is opened with url: ''

2023-10-26 10:42:39 - [TEST_STEP][PASSED] - maximizeWindow(): Current window maximized

2023-10-26 10:42:40 - [MESSAGE][PASSED] - Current window maximized

2023-10-26 10:42:40 - [TEST_STEP][PASSED] - navigateToUrl("https://dms-dev.cloudias79.com/login"): Navigate to 'https://dms-dev.cloudias79.com/login' successfully

2023-10-26 10:42:43 - [MESSAGE][PASSED] - Navigate to 'https://dms-dev.cloudias79.com/login' successfully

2023-10-26 10:42:43 - [TEST_STEP][PASSED] - setText(findTestObject("Object Repository/input_Silakan masuk untuk melanjutkan_r0"), "akunadmin"): Text 'akunadmin' is set on object 'Object Repository/input_Silakan masuk untuk melanjutkan_r0'

2023-10-26 10:42:45 - [MESSAGE][PASSED] - Text 'akunadmin' is set on object 'Object Repository/input_Silakan masuk untuk melanjutkan_r0'

2023-10-26 10:42:45 - [TEST_STEP][PASSED] - setEncryptedText(findTestObject("Object Repository/input__r1"), "fzqqY0qJjYTuJiVJRZh4ag=="): Text ****** has been set on object 'Object Repository/input__r1'

2023-10-26 10:42:47 - [MESSAGE][PASSED] - Text ****** has been set on object 'Object Repository/input__r1'

2023-10-26 10:42:47 - [TEST_STEP][PASSED] - click(findTestObject("Object Repository/button_Login")): Object: 'Object Repository/button_Login' is clicked on

2023-10-26 10:42:48 - [MESSAGE][PASSED] - Object: 'Object Repository/button_Login' is clicked on

2023-10-26 10:42:48 - [MESSAGE][PASSED] - Call Test Case 'Test Cases/login_admin' successfully

2023-10-26 10:42:48 - [TEST_STEP][PASSED] - click(findTestObject("admin/service/button_Service")): Object: 'Object Repository/admin/service/button_Service' is clicked on

2023-10-26 10:43:01 - [MESSAGE][PASSED] - Object: 'Object Repository/admin/service/button_Service' is clicked on

2023-10-26 10:43:01 - [TEST_STEP][PASSED] - click(findTestObject("admin/service/button_service_edit")): Object: 'Object Repository/admin/service/button_service_edit' is clicked on

2023-10-26 10:43:05 - [MESSAGE][PASSED] - Object: 'Object Repository/admin/service/button_service_edit' is clicked on

2023-10-26 10:43:05 - [TEST_STEP][PASSED] - click(findTestObject("admin/service/button_service_edit_Batal")): Object: 'Object Repository/admin/service/button_service_edit_Batal' is clicked on

2023-10-26 10:43:08 - [MESSAGE][PASSED] - Object: 'Object Repository/admin/service/button_service_edit_Batal' is clicked on]]></system-out>
         <system-err><![CDATA[]]></system-err>
      </testcase>
      <testcase name="Test Cases/admin_service_edit_berhasil" time="26.705" classname="Test Cases/admin_service_edit_berhasil" status="PASSED">
         <system-out><![CDATA[2023-10-26 10:43:08 - [TEST_CASE][PASSED] - Test Cases/admin_service_edit_berhasil: Test Cases/admin_service_edit_berhasil

2023-10-26 10:43:10 - [TEST_STEP][PASSED] - callTestCase(findTestCase("login_admin"), [:], STOP_ON_FAILURE): Call Test Case 'Test Cases/login_admin' successfully

2023-10-26 10:43:10 - [TEST_CASE][PASSED] - Test Cases/login_admin: Test Cases/login_admin

2023-10-26 10:43:11 - [TEST_STEP][PASSED] - openBrowser(""): Browser is opened with url: ''

2023-10-26 10:43:11 - [MESSAGE][WARNING] - A browser is already opened. Closing browser and opening a new one

2023-10-26 10:43:12 - [MESSAGE][INFO] - Starting 'Chrome' driver

2023-10-26 10:43:12 - [MESSAGE][INFO] - Action delay is set to 0 milliseconds

2023-10-26 10:43:14 - [MESSAGE][PASSED] - Browser is opened with url: ''

2023-10-26 10:43:14 - [TEST_STEP][PASSED] - maximizeWindow(): Current window maximized

2023-10-26 10:43:14 - [MESSAGE][PASSED] - Current window maximized

2023-10-26 10:43:14 - [TEST_STEP][PASSED] - navigateToUrl("https://dms-dev.cloudias79.com/login"): Navigate to 'https://dms-dev.cloudias79.com/login' successfully

2023-10-26 10:43:20 - [MESSAGE][PASSED] - Navigate to 'https://dms-dev.cloudias79.com/login' successfully

2023-10-26 10:43:20 - [TEST_STEP][PASSED] - setText(findTestObject("Object Repository/input_Silakan masuk untuk melanjutkan_r0"), "akunadmin"): Text 'akunadmin' is set on object 'Object Repository/input_Silakan masuk untuk melanjutkan_r0'

2023-10-26 10:43:22 - [MESSAGE][PASSED] - Text 'akunadmin' is set on object 'Object Repository/input_Silakan masuk untuk melanjutkan_r0'

2023-10-26 10:43:22 - [TEST_STEP][PASSED] - setEncryptedText(findTestObject("Object Repository/input__r1"), "fzqqY0qJjYTuJiVJRZh4ag=="): Text ****** has been set on object 'Object Repository/input__r1'

2023-10-26 10:43:23 - [MESSAGE][PASSED] - Text ****** has been set on object 'Object Repository/input__r1'

2023-10-26 10:43:23 - [TEST_STEP][PASSED] - click(findTestObject("Object Repository/button_Login")): Object: 'Object Repository/button_Login' is clicked on

2023-10-26 10:43:24 - [MESSAGE][PASSED] - Object: 'Object Repository/button_Login' is clicked on

2023-10-26 10:43:24 - [MESSAGE][PASSED] - Call Test Case 'Test Cases/login_admin' successfully

2023-10-26 10:43:24 - [TEST_STEP][PASSED] - click(findTestObject("admin/service/button_Service")): Object: 'Object Repository/admin/service/button_Service' is clicked on

2023-10-26 10:43:32 - [MESSAGE][PASSED] - Object: 'Object Repository/admin/service/button_Service' is clicked on

2023-10-26 10:43:32 - [TEST_STEP][PASSED] - click(findTestObject("admin/service/button_service_edit")): Object: 'Object Repository/admin/service/button_service_edit' is clicked on

2023-10-26 10:43:34 - [MESSAGE][PASSED] - Object: 'Object Repository/admin/service/button_service_edit' is clicked on

2023-10-26 10:43:34 - [TEST_STEP][PASSED] - click(findTestObject("admin/service/button_service_edit_Simpan")): Object: 'Object Repository/admin/service/button_service_edit_Simpan' is clicked on

2023-10-26 10:43:35 - [MESSAGE][PASSED] - Object: 'Object Repository/admin/service/button_service_edit_Simpan' is clicked on]]></system-out>
         <system-err><![CDATA[]]></system-err>
      </testcase>
      <system-out><![CDATA[2023-10-26 10:41:11 - [TEST_SUITE][PASSED] - Admin - Service edit: Test Cases/admin_service_edit_berhasil]]></system-out>
      <system-err><![CDATA[]]></system-err>
   </testsuite>
   <testsuite name="Admin - Service nonaktif" tests="3" failures="0" errors="0" time="146.626" skipped="0" timestamp="2023-10-26 10:41:12" hostname="THINKPAD - DESKTOP-KQUK8GU" id="Test Suites/Admin - Service nonaktif">
      <properties>
         <property name="deviceName" value=""/>
         <property name="devicePlatform" value=""/>
         <property name="logFolder" value="C:\\Users\\THINKPAD\\git\\katalon-certification\\Reports\\20231026_104023\\Admin - Service nonaktif\\20231026_104036"/>
         <property name="logFiles" value="C:\\Users\\THINKPAD\\git\\katalon-certification\\Reports\\20231026_104023\\Admin - Service nonaktif\\20231026_104036\\execution0.log"/>
         <property name="attachments" value=""/>
         <property name="hostName" value="THINKPAD - DESKTOP-KQUK8GU"/>
         <property name="os" value="Windows 10 64bit"/>
         <property name="katalonVersion" value="8.6.8.208"/>
         <property name="browser" value="Chrome 118.0.0.0"/>
         <property name="hostAddress" value="192.168.0.109"/>
         <property name="sessionId" value="11edb99faf7f76143871c4eabb817ec7"/>
         <property name="seleniumVersion" value="3.141.59"/>
         <property name="proxyInformation" value="ProxyInformation { proxyOption=NO_PROXY, proxyServerType=HTTP, username=, password=********, proxyServerAddress=, proxyServerPort=0, executionList=&quot;&quot;, isApplyToDesiredCapabilities=true }"/>
         <property name="platform" value="Windows 10"/>
      </properties>
      <testcase name="Test Cases/login_admin" time="33.682" classname="Test Cases/login_admin" status="PASSED">
         <system-out><![CDATA[2023-10-26 10:41:14 - [TEST_CASE][PASSED] - Test Cases/login_admin: Test Cases/login_admin

2023-10-26 10:41:18 - [TEST_STEP][PASSED] - openBrowser(""): Browser is opened with url: ''

2023-10-26 10:41:24 - [MESSAGE][INFO] - Starting 'Chrome' driver

2023-10-26 10:41:24 - [MESSAGE][INFO] - Action delay is set to 0 milliseconds

2023-10-26 10:41:38 - [MESSAGE][PASSED] - Browser is opened with url: ''

2023-10-26 10:41:38 - [TEST_STEP][PASSED] - maximizeWindow(): Current window maximized

2023-10-26 10:41:39 - [MESSAGE][PASSED] - Current window maximized

2023-10-26 10:41:39 - [TEST_STEP][PASSED] - navigateToUrl("https://dms-dev.cloudias79.com/login"): Navigate to 'https://dms-dev.cloudias79.com/login' successfully

2023-10-26 10:41:42 - [MESSAGE][PASSED] - Navigate to 'https://dms-dev.cloudias79.com/login' successfully

2023-10-26 10:41:42 - [TEST_STEP][PASSED] - setText(findTestObject("Object Repository/input_Silakan masuk untuk melanjutkan_r0"), "akunadmin"): Text 'akunadmin' is set on object 'Object Repository/input_Silakan masuk untuk melanjutkan_r0'

2023-10-26 10:41:45 - [MESSAGE][PASSED] - Text 'akunadmin' is set on object 'Object Repository/input_Silakan masuk untuk melanjutkan_r0'

2023-10-26 10:41:45 - [TEST_STEP][PASSED] - setEncryptedText(findTestObject("Object Repository/input__r1"), "fzqqY0qJjYTuJiVJRZh4ag=="): Text ****** has been set on object 'Object Repository/input__r1'

2023-10-26 10:41:47 - [MESSAGE][PASSED] - Text ****** has been set on object 'Object Repository/input__r1'

2023-10-26 10:41:47 - [TEST_STEP][PASSED] - click(findTestObject("Object Repository/button_Login")): Object: 'Object Repository/button_Login' is clicked on

2023-10-26 10:41:48 - [MESSAGE][PASSED] - Object: 'Object Repository/button_Login' is clicked on]]></system-out>
         <system-err><![CDATA[]]></system-err>
      </testcase>
      <testcase name="Test Cases/admin_service_nonaktifkan_batal" time="47.509" classname="Test Cases/admin_service_nonaktifkan_batal" status="PASSED">
         <system-out><![CDATA[2023-10-26 10:41:48 - [TEST_CASE][PASSED] - Test Cases/admin_service_nonaktifkan_batal: Test Cases/admin_service_nonaktifkan_batal

2023-10-26 10:41:52 - [TEST_STEP][PASSED] - callTestCase(findTestCase("login_admin"), [:], STOP_ON_FAILURE): Call Test Case 'Test Cases/login_admin' successfully

2023-10-26 10:41:52 - [TEST_CASE][PASSED] - Test Cases/login_admin: Test Cases/login_admin

2023-10-26 10:41:52 - [TEST_STEP][PASSED] - openBrowser(""): Browser is opened with url: ''

2023-10-26 10:41:52 - [MESSAGE][WARNING] - A browser is already opened. Closing browser and opening a new one

2023-10-26 10:42:03 - [MESSAGE][INFO] - Starting 'Chrome' driver

2023-10-26 10:42:03 - [MESSAGE][INFO] - Action delay is set to 0 milliseconds

2023-10-26 10:42:08 - [MESSAGE][PASSED] - Browser is opened with url: ''

2023-10-26 10:42:08 - [TEST_STEP][PASSED] - maximizeWindow(): Current window maximized

2023-10-26 10:42:09 - [MESSAGE][PASSED] - Current window maximized

2023-10-26 10:42:09 - [TEST_STEP][PASSED] - navigateToUrl("https://dms-dev.cloudias79.com/login"): Navigate to 'https://dms-dev.cloudias79.com/login' successfully

2023-10-26 10:42:13 - [MESSAGE][PASSED] - Navigate to 'https://dms-dev.cloudias79.com/login' successfully

2023-10-26 10:42:13 - [TEST_STEP][PASSED] - setText(findTestObject("Object Repository/input_Silakan masuk untuk melanjutkan_r0"), "akunadmin"): Text 'akunadmin' is set on object 'Object Repository/input_Silakan masuk untuk melanjutkan_r0'

2023-10-26 10:42:16 - [MESSAGE][PASSED] - Text 'akunadmin' is set on object 'Object Repository/input_Silakan masuk untuk melanjutkan_r0'

2023-10-26 10:42:16 - [TEST_STEP][PASSED] - setEncryptedText(findTestObject("Object Repository/input__r1"), "fzqqY0qJjYTuJiVJRZh4ag=="): Text ****** has been set on object 'Object Repository/input__r1'

2023-10-26 10:42:18 - [MESSAGE][PASSED] - Text ****** has been set on object 'Object Repository/input__r1'

2023-10-26 10:42:18 - [TEST_STEP][PASSED] - click(findTestObject("Object Repository/button_Login")): Object: 'Object Repository/button_Login' is clicked on

2023-10-26 10:42:19 - [MESSAGE][PASSED] - Object: 'Object Repository/button_Login' is clicked on

2023-10-26 10:42:19 - [MESSAGE][PASSED] - Call Test Case 'Test Cases/login_admin' successfully

2023-10-26 10:42:19 - [TEST_STEP][PASSED] - click(findTestObject("admin/service/button_Service")): Object: 'Object Repository/admin/service/button_Service' is clicked on

2023-10-26 10:42:31 - [MESSAGE][PASSED] - Object: 'Object Repository/admin/service/button_Service' is clicked on

2023-10-26 10:42:31 - [TEST_STEP][PASSED] - click(findTestObject("admin/service/button_service_deactivate")): Object: 'Object Repository/admin/service/button_service_deactivate' is clicked on

2023-10-26 10:42:33 - [MESSAGE][PASSED] - Object: 'Object Repository/admin/service/button_service_deactivate' is clicked on

2023-10-26 10:42:33 - [TEST_STEP][PASSED] - click(findTestObject("admin/service/button_service_deactivate_Batal")): Object: 'Object Repository/admin/service/button_service_deactivate_Batal' is clicked on

2023-10-26 10:42:36 - [MESSAGE][PASSED] - Object: 'Object Repository/admin/service/button_service_deactivate_Batal' is clicked on]]></system-out>
         <system-err><![CDATA[]]></system-err>
      </testcase>
      <testcase name="Test Cases/admin_service_nonaktifkan_berhasil" time="63.241" classname="Test Cases/admin_service_nonaktifkan_berhasil" status="PASSED">
         <system-out><![CDATA[2023-10-26 10:42:36 - [TEST_CASE][PASSED] - Test Cases/admin_service_nonaktifkan_berhasil: Test Cases/admin_service_nonaktifkan_berhasil

2023-10-26 10:42:37 - [TEST_STEP][PASSED] - callTestCase(findTestCase("login_admin"), [:], STOP_ON_FAILURE): Call Test Case 'Test Cases/login_admin' successfully

2023-10-26 10:42:37 - [TEST_CASE][PASSED] - Test Cases/login_admin: Test Cases/login_admin

2023-10-26 10:42:37 - [TEST_STEP][PASSED] - openBrowser(""): Browser is opened with url: ''

2023-10-26 10:42:37 - [MESSAGE][WARNING] - A browser is already opened. Closing browser and opening a new one

2023-10-26 10:42:38 - [MESSAGE][INFO] - Starting 'Chrome' driver

2023-10-26 10:42:38 - [MESSAGE][INFO] - Action delay is set to 0 milliseconds

2023-10-26 10:42:42 - [MESSAGE][PASSED] - Browser is opened with url: ''

2023-10-26 10:42:42 - [TEST_STEP][PASSED] - maximizeWindow(): Current window maximized

2023-10-26 10:42:42 - [MESSAGE][PASSED] - Current window maximized

2023-10-26 10:42:42 - [TEST_STEP][PASSED] - navigateToUrl("https://dms-dev.cloudias79.com/login"): Navigate to 'https://dms-dev.cloudias79.com/login' successfully

2023-10-26 10:42:46 - [MESSAGE][PASSED] - Navigate to 'https://dms-dev.cloudias79.com/login' successfully

2023-10-26 10:42:46 - [TEST_STEP][PASSED] - setText(findTestObject("Object Repository/input_Silakan masuk untuk melanjutkan_r0"), "akunadmin"): Text 'akunadmin' is set on object 'Object Repository/input_Silakan masuk untuk melanjutkan_r0'

2023-10-26 10:42:48 - [MESSAGE][PASSED] - Text 'akunadmin' is set on object 'Object Repository/input_Silakan masuk untuk melanjutkan_r0'

2023-10-26 10:42:48 - [TEST_STEP][PASSED] - setEncryptedText(findTestObject("Object Repository/input__r1"), "fzqqY0qJjYTuJiVJRZh4ag=="): Text ****** has been set on object 'Object Repository/input__r1'

2023-10-26 10:42:49 - [MESSAGE][PASSED] - Text ****** has been set on object 'Object Repository/input__r1'

2023-10-26 10:42:49 - [TEST_STEP][PASSED] - click(findTestObject("Object Repository/button_Login")): Object: 'Object Repository/button_Login' is clicked on

2023-10-26 10:42:50 - [MESSAGE][PASSED] - Object: 'Object Repository/button_Login' is clicked on

2023-10-26 10:42:50 - [MESSAGE][PASSED] - Call Test Case 'Test Cases/login_admin' successfully

2023-10-26 10:42:50 - [TEST_STEP][PASSED] - click(findTestObject("admin/service/button_Service")): Object: 'Object Repository/admin/service/button_Service' is clicked on

2023-10-26 10:43:05 - [MESSAGE][PASSED] - Object: 'Object Repository/admin/service/button_Service' is clicked on

2023-10-26 10:43:05 - [TEST_STEP][PASSED] - click(findTestObject("admin/service/button_service_deactivate")): Object: 'Object Repository/admin/service/button_service_deactivate' is clicked on

2023-10-26 10:43:06 - [MESSAGE][PASSED] - Object: 'Object Repository/admin/service/button_service_deactivate' is clicked on

2023-10-26 10:43:06 - [TEST_STEP][PASSED] - click(findTestObject("admin/service/button_service_deactivate_Non-aktif")): Object: 'Object Repository/admin/service/button_service_deactivate_Non-aktif' is clicked on

2023-10-26 10:43:38 - [MESSAGE][INFO] - Unable to find the element located by 'By.xpath: //button[@id=':rg:']'. Please recheck the objects properties to make sure the desired element is located. 

2023-10-26 10:43:38 - [MESSAGE][WARNING] - [SELF-HEALING] Failed to find element with id 'Object Repository/admin/service/button_service_deactivate_Non-aktif'. Try using Self-healing.

2023-10-26 10:43:39 - [MESSAGE][WARNING] - [SELF-HEALING] The current locator of test object 'Object Repository/admin/service/button_service_deactivate_Non-aktif' was broken. Propose an alternative one: '(.//*[normalize-space(text()) and normalize-space(.)='Batal'])[1]/following::button[1]'.

2023-10-26 10:43:39 - [MESSAGE][PASSED] - Object: 'Object Repository/admin/service/button_service_deactivate_Non-aktif' is clicked on]]></system-out>
         <system-err><![CDATA[]]></system-err>
      </testcase>
      <system-out><![CDATA[2023-10-26 10:41:12 - [TEST_SUITE][PASSED] - Admin - Service nonaktif: Test Cases/admin_service_nonaktifkan_berhasil]]></system-out>
      <system-err><![CDATA[]]></system-err>
   </testsuite>
</testsuites>
