<?xml version="1.0" encoding="UTF-8"?>
<testsuites name="Nomor antrian" time="176.188" tests="2" failures="0" errors="0">
   <testsuite name="Nomor Antrian" tests="2" failures="0" errors="0" time="70.671" skipped="0" timestamp="2023-10-26 09:56:34" hostname="THINKPAD - DESKTOP-KQUK8GU" id="Test Suites/Nomor Antrian">
      <properties>
         <property name="deviceName" value=""/>
         <property name="devicePlatform" value=""/>
         <property name="logFolder" value="C:\\Users\\THINKPAD\\git\\katalon-certification\\Reports\\20231026_095555\\Nomor Antrian\\20231026_095557"/>
         <property name="logFiles" value="C:\\Users\\THINKPAD\\git\\katalon-certification\\Reports\\20231026_095555\\Nomor Antrian\\20231026_095557\\execution0.log"/>
         <property name="attachments" value=""/>
         <property name="hostName" value="THINKPAD - DESKTOP-KQUK8GU"/>
         <property name="os" value="Windows 10 64bit"/>
         <property name="katalonVersion" value="8.6.8.208"/>
         <property name="browser" value="Chrome 118.0.0.0"/>
         <property name="hostAddress" value="192.168.0.109"/>
         <property name="sessionId" value="d79a8b59116e0c985a23818e04556260"/>
         <property name="seleniumVersion" value="3.141.59"/>
         <property name="proxyInformation" value="ProxyInformation { proxyOption=NO_PROXY, proxyServerType=HTTP, username=, password=********, proxyServerAddress=, proxyServerPort=0, executionList=&quot;&quot;, isApplyToDesiredCapabilities=true }"/>
         <property name="platform" value="Windows 10"/>
      </properties>
      <testcase name="Test Cases/ambil_antrian" time="57.508" classname="Test Cases/ambil_antrian" status="PASSED">
         <system-out><![CDATA[2023-10-26 09:56:37 - [TEST_CASE][PASSED] - Test Cases/ambil_antrian: Test Cases/ambil_antrian

2023-10-26 09:56:41 - [TEST_STEP][PASSED] - openBrowser(""): Browser is opened with url: ''

2023-10-26 09:56:44 - [MESSAGE][INFO] - Starting 'Chrome' driver

2023-10-26 09:56:45 - [MESSAGE][INFO] - Action delay is set to 0 milliseconds

2023-10-26 09:56:59 - [MESSAGE][PASSED] - Browser is opened with url: ''

2023-10-26 09:56:59 - [TEST_STEP][PASSED] - maximizeWindow(): Current window maximized

2023-10-26 09:57:00 - [MESSAGE][PASSED] - Current window maximized

2023-10-26 09:57:00 - [TEST_STEP][PASSED] - navigateToUrl("https://dms-dev.cloudias79.com/customer"): Navigate to 'https://dms-dev.cloudias79.com/customer' successfully

2023-10-26 09:57:09 - [MESSAGE][PASSED] - Navigate to 'https://dms-dev.cloudias79.com/customer' successfully

2023-10-26 09:57:09 - [TEST_STEP][PASSED] - setText(findTestObject("no antrian/input_Ambil Antrian_nomorPolisi"), "D5784ASD"): Text 'D5784ASD' is set on object 'Object Repository/no antrian/input_Ambil Antrian_nomorPolisi'

2023-10-26 09:57:15 - [MESSAGE][PASSED] - Text 'D5784ASD' is set on object 'Object Repository/no antrian/input_Ambil Antrian_nomorPolisi'

2023-10-26 09:57:15 - [TEST_STEP][PASSED] - setText(findTestObject("no antrian/input_Ambil Antrian_nama"), "Astuti"): Text 'Astuti' is set on object 'Object Repository/no antrian/input_Ambil Antrian_nama'

2023-10-26 09:57:28 - [MESSAGE][PASSED] - Text 'Astuti' is set on object 'Object Repository/no antrian/input_Ambil Antrian_nama'

2023-10-26 09:57:28 - [TEST_STEP][PASSED] - click(findTestObject("no antrian/button_Ambil Nomor Antrian")): Object: 'Object Repository/no antrian/button_Ambil Nomor Antrian' is clicked on

2023-10-26 09:57:34 - [MESSAGE][PASSED] - Object: 'Object Repository/no antrian/button_Ambil Nomor Antrian' is clicked on]]></system-out>
         <system-err><![CDATA[]]></system-err>
      </testcase>
      <testcase name="Test Cases/simpan_cetak_no_antrian" time="10.581" classname="Test Cases/simpan_cetak_no_antrian" status="PASSED">
         <system-out><![CDATA[2023-10-26 09:57:34 - [TEST_CASE][PASSED] - Test Cases/simpan_cetak_no_antrian: Test Cases/simpan_cetak_no_antrian

2023-10-26 09:57:41 - [TEST_STEP][PASSED] - click(findTestObject("no antrian/button_Simpan  Cetak Nomor Antrian")): Object: 'Object Repository/no antrian/button_Simpan  Cetak Nomor Antrian' is clicked on

2023-10-26 09:57:45 - [MESSAGE][PASSED] - Object: 'Object Repository/no antrian/button_Simpan  Cetak Nomor Antrian' is clicked on]]></system-out>
         <system-err><![CDATA[]]></system-err>
      </testcase>
      <system-out><![CDATA[2023-10-26 09:56:34 - [TEST_SUITE][PASSED] - Nomor Antrian: Test Cases/simpan_cetak_no_antrian]]></system-out>
      <system-err><![CDATA[]]></system-err>
   </testsuite>
</testsuites>
