<?xml version="1.0" encoding="UTF-8"?>
<testsuites name="Login" time="171.323" tests="12" failures="0" errors="0">
   <testsuite name="Login_Admin" tests="2" failures="0" errors="0" time="109.334" skipped="0" timestamp="2023-10-25 12:23:33" hostname="THINKPAD - DESKTOP-KQUK8GU" id="Test Suites/Login_Admin">
      <properties>
         <property name="deviceName" value=""/>
         <property name="devicePlatform" value=""/>
         <property name="logFolder" value="C:\\Users\\THINKPAD\\git\\katalon-certification\\Reports\\20231025_122234\\Login_Admin\\20231025_122237"/>
         <property name="logFiles" value="C:\\Users\\THINKPAD\\git\\katalon-certification\\Reports\\20231025_122234\\Login_Admin\\20231025_122237\\execution0.log"/>
         <property name="attachments" value=""/>
         <property name="hostName" value="THINKPAD - DESKTOP-KQUK8GU"/>
         <property name="os" value="Windows 10 64bit"/>
         <property name="katalonVersion" value="8.6.8.208"/>
         <property name="browser" value="Chrome 118.0.0.0"/>
         <property name="hostAddress" value="192.168.0.109"/>
         <property name="sessionId" value="6ef91f48416eed730be618bff792cf13"/>
         <property name="seleniumVersion" value="3.141.59"/>
         <property name="proxyInformation" value="ProxyInformation { proxyOption=NO_PROXY, proxyServerType=HTTP, username=, password=********, proxyServerAddress=, proxyServerPort=0, executionList=&quot;&quot;, isApplyToDesiredCapabilities=true }"/>
         <property name="platform" value="Windows 10"/>
      </properties>
      <testcase name="Test Cases/login_admin" time="61.604" classname="Test Cases/login_admin" status="PASSED">
         <system-out><![CDATA[2023-10-25 12:23:36 - [TEST_CASE][PASSED] - Test Cases/login_admin: Test Cases/login_admin

2023-10-25 12:23:39 - [TEST_STEP][PASSED] - openBrowser(""): Browser is opened with url: ''

2023-10-25 12:23:43 - [MESSAGE][INFO] - Starting 'Chrome' driver

2023-10-25 12:23:44 - [MESSAGE][INFO] - Action delay is set to 0 milliseconds

2023-10-25 12:24:01 - [MESSAGE][PASSED] - Browser is opened with url: ''

2023-10-25 12:24:01 - [TEST_STEP][PASSED] - maximizeWindow(): Current window maximized

2023-10-25 12:24:01 - [MESSAGE][PASSED] - Current window maximized

2023-10-25 12:24:01 - [TEST_STEP][PASSED] - navigateToUrl("https://dms-dev.cloudias79.com/login"): Navigate to 'https://dms-dev.cloudias79.com/login' successfully

2023-10-25 12:24:15 - [MESSAGE][PASSED] - Navigate to 'https://dms-dev.cloudias79.com/login' successfully

2023-10-25 12:24:15 - [TEST_STEP][PASSED] - setText(findTestObject("Object Repository/input_Silakan masuk untuk melanjutkan_r0"), "akunadmin"): Text 'akunadmin' is set on object 'Object Repository/input_Silakan masuk untuk melanjutkan_r0'

2023-10-25 12:24:27 - [MESSAGE][PASSED] - Text 'akunadmin' is set on object 'Object Repository/input_Silakan masuk untuk melanjutkan_r0'

2023-10-25 12:24:27 - [TEST_STEP][PASSED] - setEncryptedText(findTestObject("Object Repository/input__r1"), "fzqqY0qJjYTuJiVJRZh4ag=="): Text ****** has been set on object 'Object Repository/input__r1'

2023-10-25 12:24:34 - [MESSAGE][PASSED] - Text ****** has been set on object 'Object Repository/input__r1'

2023-10-25 12:24:34 - [TEST_STEP][PASSED] - click(findTestObject("Object Repository/button_Login")): Object: 'Object Repository/button_Login' is clicked on

2023-10-25 12:24:37 - [MESSAGE][PASSED] - Object: 'Object Repository/button_Login' is clicked on]]></system-out>
         <system-err><![CDATA[]]></system-err>
      </testcase>
      <testcase name="Test Cases/logout_admin" time="44.729" classname="Test Cases/logout_admin" status="PASSED">
         <system-out><![CDATA[2023-10-25 12:24:38 - [TEST_CASE][PASSED] - Test Cases/logout_admin: Test Cases/logout_admin

2023-10-25 12:24:45 - [TEST_STEP][PASSED] - click(findTestObject("admin/button_icon profile")): Object: 'Object Repository/admin/button_icon profile' is clicked on

2023-10-25 12:24:48 - [MESSAGE][PASSED] - Object: 'Object Repository/admin/button_icon profile' is clicked on

2023-10-25 12:24:48 - [TEST_STEP][PASSED] - delay(3): Delayed 3 second(s)

2023-10-25 12:24:51 - [MESSAGE][PASSED] - Delayed 3 second(s)

2023-10-25 12:24:51 - [TEST_STEP][PASSED] - waitForElementPresent(findTestObject("admin/button_Log Out"), 3): Object 'Object Repository/admin/button_Log Out' is present

2023-10-25 12:24:54 - [MESSAGE][PASSED] - Object 'Object Repository/admin/button_Log Out' is present

2023-10-25 12:24:54 - [TEST_STEP][PASSED] - waitForElementClickable(findTestObject("admin/button_Log Out"), 3): Object 'Object Repository/admin/button_Log Out' is clickable

2023-10-25 12:24:59 - [MESSAGE][PASSED] - Object 'Object Repository/admin/button_Log Out' is clickable

2023-10-25 12:24:59 - [TEST_STEP][PASSED] - click(findTestObject("admin/button_Log Out")): Object: 'Object Repository/admin/button_Log Out' is clicked on

2023-10-25 12:25:22 - [MESSAGE][PASSED] - Object: 'Object Repository/admin/button_Log Out' is clicked on]]></system-out>
         <system-err><![CDATA[]]></system-err>
      </testcase>
      <system-out><![CDATA[2023-10-25 12:23:33 - [TEST_SUITE][PASSED] - Login_Admin: Test Cases/logout_admin]]></system-out>
      <system-err><![CDATA[]]></system-err>
   </testsuite>
   <testsuite name="Login_Counterpart" tests="2" failures="0" errors="0" time="115.647" skipped="0" timestamp="2023-10-25 12:23:39" hostname="THINKPAD - DESKTOP-KQUK8GU" id="Test Suites/Login_Counterpart">
      <properties>
         <property name="deviceName" value=""/>
         <property name="devicePlatform" value=""/>
         <property name="logFolder" value="C:\\Users\\THINKPAD\\git\\katalon-certification\\Reports\\20231025_122234\\Login_Counterpart\\20231025_122240"/>
         <property name="logFiles" value="C:\\Users\\THINKPAD\\git\\katalon-certification\\Reports\\20231025_122234\\Login_Counterpart\\20231025_122240\\execution0.log"/>
         <property name="attachments" value=""/>
         <property name="hostName" value="THINKPAD - DESKTOP-KQUK8GU"/>
         <property name="os" value="Windows 10 64bit"/>
         <property name="katalonVersion" value="8.6.8.208"/>
         <property name="browser" value="Chrome 118.0.0.0"/>
         <property name="hostAddress" value="192.168.0.109"/>
         <property name="sessionId" value="e20a45c6e09a043cf419968092b99259"/>
         <property name="seleniumVersion" value="3.141.59"/>
         <property name="proxyInformation" value="ProxyInformation { proxyOption=NO_PROXY, proxyServerType=HTTP, username=, password=********, proxyServerAddress=, proxyServerPort=0, executionList=&quot;&quot;, isApplyToDesiredCapabilities=true }"/>
         <property name="platform" value="Windows 10"/>
      </properties>
      <testcase name="Test Cases/login_counterpart" time="69.447" classname="Test Cases/login_counterpart" status="PASSED">
         <system-out><![CDATA[2023-10-25 12:23:42 - [TEST_CASE][PASSED] - Test Cases/login_counterpart: Test Cases/login_counterpart

2023-10-25 12:23:47 - [TEST_STEP][PASSED] - openBrowser(""): Browser is opened with url: ''

2023-10-25 12:23:51 - [MESSAGE][INFO] - Starting 'Chrome' driver

2023-10-25 12:23:51 - [MESSAGE][INFO] - Action delay is set to 0 milliseconds

2023-10-25 12:24:11 - [MESSAGE][PASSED] - Browser is opened with url: ''

2023-10-25 12:24:11 - [TEST_STEP][PASSED] - maximizeWindow(): Current window maximized

2023-10-25 12:24:12 - [MESSAGE][PASSED] - Current window maximized

2023-10-25 12:24:12 - [TEST_STEP][PASSED] - navigateToUrl("https://dms-dev.cloudias79.com/login"): Navigate to 'https://dms-dev.cloudias79.com/login' successfully

2023-10-25 12:24:31 - [MESSAGE][PASSED] - Navigate to 'https://dms-dev.cloudias79.com/login' successfully

2023-10-25 12:24:31 - [TEST_STEP][PASSED] - setText(findTestObject("Page_DMS_login/input_login_username"), "akuncounterpart"): Text 'akuncounterpart' is set on object 'Object Repository/Page_DMS_login/input_login_username'

2023-10-25 12:24:42 - [MESSAGE][PASSED] - Text 'akuncounterpart' is set on object 'Object Repository/Page_DMS_login/input_login_username'

2023-10-25 12:24:42 - [TEST_STEP][PASSED] - setEncryptedText(findTestObject("Page_DMS_login/input_login_password"), "fzqqY0qJjYTuJiVJRZh4ag=="): Text ****** has been set on object 'Object Repository/Page_DMS_login/input_login_password'

2023-10-25 12:24:49 - [MESSAGE][PASSED] - Text ****** has been set on object 'Object Repository/Page_DMS_login/input_login_password'

2023-10-25 12:24:49 - [TEST_STEP][PASSED] - click(findTestObject("Page_DMS_login/button_Login")): Object: 'Object Repository/Page_DMS_login/button_Login' is clicked on

2023-10-25 12:24:52 - [MESSAGE][PASSED] - Object: 'Object Repository/Page_DMS_login/button_Login' is clicked on]]></system-out>
         <system-err><![CDATA[]]></system-err>
      </testcase>
      <testcase name="Test Cases/logout_admin" time="42.326" classname="Test Cases/logout_admin" status="PASSED">
         <system-out><![CDATA[2023-10-25 12:24:52 - [TEST_CASE][PASSED] - Test Cases/logout_admin: Test Cases/logout_admin

2023-10-25 12:24:57 - [TEST_STEP][PASSED] - click(findTestObject("admin/button_icon profile")): Object: 'Object Repository/admin/button_icon profile' is clicked on

2023-10-25 12:25:03 - [MESSAGE][PASSED] - Object: 'Object Repository/admin/button_icon profile' is clicked on

2023-10-25 12:25:03 - [TEST_STEP][PASSED] - delay(3): Delayed 3 second(s)

2023-10-25 12:25:06 - [MESSAGE][PASSED] - Delayed 3 second(s)

2023-10-25 12:25:06 - [TEST_STEP][PASSED] - waitForElementPresent(findTestObject("admin/button_Log Out"), 3): Object 'Object Repository/admin/button_Log Out' is present

2023-10-25 12:25:11 - [MESSAGE][PASSED] - Object 'Object Repository/admin/button_Log Out' is present

2023-10-25 12:25:11 - [TEST_STEP][PASSED] - waitForElementClickable(findTestObject("admin/button_Log Out"), 3): Object 'Object Repository/admin/button_Log Out' is clickable

2023-10-25 12:25:14 - [MESSAGE][PASSED] - Object 'Object Repository/admin/button_Log Out' is clickable

2023-10-25 12:25:14 - [TEST_STEP][PASSED] - click(findTestObject("admin/button_Log Out")): Object: 'Object Repository/admin/button_Log Out' is clicked on

2023-10-25 12:25:34 - [MESSAGE][PASSED] - Object: 'Object Repository/admin/button_Log Out' is clicked on]]></system-out>
         <system-err><![CDATA[]]></system-err>
      </testcase>
      <system-out><![CDATA[2023-10-25 12:23:39 - [TEST_SUITE][PASSED] - Login_Counterpart: Test Cases/logout_admin]]></system-out>
      <system-err><![CDATA[]]></system-err>
   </testsuite>
   <testsuite name="Login_FinalInspection" tests="2" failures="0" errors="0" time="72.956" skipped="0" timestamp="2023-10-25 12:25:29" hostname="THINKPAD - DESKTOP-KQUK8GU" id="Test Suites/Login_FinalInspection">
      <properties>
         <property name="deviceName" value=""/>
         <property name="devicePlatform" value=""/>
         <property name="logFolder" value="C:\\Users\\THINKPAD\\git\\katalon-certification\\Reports\\20231025_122234\\Login_FinalInspection\\20231025_122246"/>
         <property name="logFiles" value="C:\\Users\\THINKPAD\\git\\katalon-certification\\Reports\\20231025_122234\\Login_FinalInspection\\20231025_122246\\execution0.log"/>
         <property name="attachments" value=""/>
         <property name="hostName" value="THINKPAD - DESKTOP-KQUK8GU"/>
         <property name="os" value="Windows 10 64bit"/>
         <property name="katalonVersion" value="8.6.8.208"/>
         <property name="browser" value="Chrome 118.0.0.0"/>
         <property name="hostAddress" value="192.168.0.109"/>
         <property name="sessionId" value="8906a37bcf9ff2d19e001c2804dd8754"/>
         <property name="seleniumVersion" value="3.141.59"/>
         <property name="proxyInformation" value="ProxyInformation { proxyOption=NO_PROXY, proxyServerType=HTTP, username=, password=********, proxyServerAddress=, proxyServerPort=0, executionList=&quot;&quot;, isApplyToDesiredCapabilities=true }"/>
         <property name="platform" value="Windows 10"/>
      </properties>
      <testcase name="Test Cases/login_finalinspection" time="41.334" classname="Test Cases/login_finalinspection" status="PASSED">
         <system-out><![CDATA[2023-10-25 12:25:33 - [TEST_CASE][PASSED] - Test Cases/login_finalinspection: Test Cases/login_finalinspection

2023-10-25 12:25:41 - [TEST_STEP][PASSED] - openBrowser(""): Browser is opened with url: ''

2023-10-25 12:25:43 - [MESSAGE][INFO] - Starting 'Chrome' driver

2023-10-25 12:25:43 - [MESSAGE][INFO] - Action delay is set to 0 milliseconds

2023-10-25 12:25:52 - [MESSAGE][PASSED] - Browser is opened with url: ''

2023-10-25 12:25:52 - [TEST_STEP][PASSED] - maximizeWindow(): Current window maximized

2023-10-25 12:25:52 - [MESSAGE][PASSED] - Current window maximized

2023-10-25 12:25:52 - [TEST_STEP][PASSED] - navigateToUrl("https://dms-dev.cloudias79.com/login"): Navigate to 'https://dms-dev.cloudias79.com/login' successfully

2023-10-25 12:26:02 - [MESSAGE][PASSED] - Navigate to 'https://dms-dev.cloudias79.com/login' successfully

2023-10-25 12:26:02 - [TEST_STEP][PASSED] - setText(findTestObject("Page_DMS_login/input_login_username"), "akunfinalinspection"): Text 'akunfinalinspection' is set on object 'Object Repository/Page_DMS_login/input_login_username'

2023-10-25 12:26:06 - [MESSAGE][PASSED] - Text 'akunfinalinspection' is set on object 'Object Repository/Page_DMS_login/input_login_username'

2023-10-25 12:26:06 - [TEST_STEP][PASSED] - setEncryptedText(findTestObject("Page_DMS_login/input_login_password"), "fzqqY0qJjYTuJiVJRZh4ag=="): Text ****** has been set on object 'Object Repository/Page_DMS_login/input_login_password'

2023-10-25 12:26:11 - [MESSAGE][PASSED] - Text ****** has been set on object 'Object Repository/Page_DMS_login/input_login_password'

2023-10-25 12:26:11 - [TEST_STEP][PASSED] - click(findTestObject("Page_DMS_login/button_Login")): Object: 'Object Repository/Page_DMS_login/button_Login' is clicked on

2023-10-25 12:26:14 - [MESSAGE][PASSED] - Object: 'Object Repository/Page_DMS_login/button_Login' is clicked on]]></system-out>
         <system-err><![CDATA[]]></system-err>
      </testcase>
      <testcase name="Test Cases/logout_admin" time="27.961" classname="Test Cases/logout_admin" status="PASSED">
         <system-out><![CDATA[2023-10-25 12:26:14 - [TEST_CASE][PASSED] - Test Cases/logout_admin: Test Cases/logout_admin

2023-10-25 12:26:17 - [TEST_STEP][PASSED] - click(findTestObject("admin/button_icon profile")): Object: 'Object Repository/admin/button_icon profile' is clicked on

2023-10-25 12:26:25 - [MESSAGE][PASSED] - Object: 'Object Repository/admin/button_icon profile' is clicked on

2023-10-25 12:26:25 - [TEST_STEP][PASSED] - delay(3): Delayed 3 second(s)

2023-10-25 12:26:29 - [MESSAGE][PASSED] - Delayed 3 second(s)

2023-10-25 12:26:29 - [TEST_STEP][PASSED] - waitForElementPresent(findTestObject("admin/button_Log Out"), 3): Object 'Object Repository/admin/button_Log Out' is present

2023-10-25 12:26:30 - [MESSAGE][PASSED] - Object 'Object Repository/admin/button_Log Out' is present

2023-10-25 12:26:30 - [TEST_STEP][PASSED] - waitForElementClickable(findTestObject("admin/button_Log Out"), 3): Object 'Object Repository/admin/button_Log Out' is clickable

2023-10-25 12:26:31 - [MESSAGE][PASSED] - Object 'Object Repository/admin/button_Log Out' is clickable

2023-10-25 12:26:31 - [TEST_STEP][PASSED] - click(findTestObject("admin/button_Log Out")): Object: 'Object Repository/admin/button_Log Out' is clicked on

2023-10-25 12:26:42 - [MESSAGE][PASSED] - Object: 'Object Repository/admin/button_Log Out' is clicked on]]></system-out>
         <system-err><![CDATA[]]></system-err>
      </testcase>
      <system-out><![CDATA[2023-10-25 12:25:29 - [TEST_SUITE][PASSED] - Login_FinalInspection: Test Cases/logout_admin]]></system-out>
      <system-err><![CDATA[]]></system-err>
   </testsuite>
   <testsuite name="Login_Mekanik" tests="2" failures="0" errors="0" time="200.28" skipped="0" timestamp="2023-10-25 12:23:50" hostname="THINKPAD - DESKTOP-KQUK8GU" id="Test Suites/Login_Mekanik">
      <properties>
         <property name="deviceName" value=""/>
         <property name="devicePlatform" value=""/>
         <property name="logFolder" value="C:\\Users\\THINKPAD\\git\\katalon-certification\\Reports\\20231025_122234\\Login_Mekanik\\20231025_122249"/>
         <property name="logFiles" value="C:\\Users\\THINKPAD\\git\\katalon-certification\\Reports\\20231025_122234\\Login_Mekanik\\20231025_122249\\execution0.log"/>
         <property name="attachments" value=""/>
         <property name="hostName" value="THINKPAD - DESKTOP-KQUK8GU"/>
         <property name="os" value="Windows 10 64bit"/>
         <property name="katalonVersion" value="8.6.8.208"/>
         <property name="browser" value="Chrome 118.0.0.0"/>
         <property name="hostAddress" value="192.168.0.109"/>
         <property name="sessionId" value="9440bd9b381ff4e64f95515f80f9d2c2"/>
         <property name="seleniumVersion" value="3.141.59"/>
         <property name="proxyInformation" value="ProxyInformation { proxyOption=NO_PROXY, proxyServerType=HTTP, username=, password=********, proxyServerAddress=, proxyServerPort=0, executionList=&quot;&quot;, isApplyToDesiredCapabilities=true }"/>
         <property name="platform" value="Windows 10"/>
      </properties>
      <testcase name="Test Cases/login_mekanik" time="115.526" classname="Test Cases/login_mekanik" status="PASSED">
         <system-out><![CDATA[2023-10-25 12:23:52 - [TEST_CASE][PASSED] - Test Cases/login_mekanik: Test Cases/login_mekanik

2023-10-25 12:23:55 - [TEST_STEP][PASSED] - openBrowser(""): Browser is opened with url: ''

2023-10-25 12:23:58 - [MESSAGE][INFO] - Starting 'Chrome' driver

2023-10-25 12:23:59 - [MESSAGE][INFO] - Action delay is set to 0 milliseconds

2023-10-25 12:24:19 - [MESSAGE][PASSED] - Browser is opened with url: ''

2023-10-25 12:24:19 - [TEST_STEP][PASSED] - maximizeWindow(): Current window maximized

2023-10-25 12:24:20 - [MESSAGE][PASSED] - Current window maximized

2023-10-25 12:24:20 - [TEST_STEP][PASSED] - navigateToUrl("https://dms-dev.cloudias79.com/login"): Navigate to 'https://dms-dev.cloudias79.com/login' successfully

2023-10-25 12:25:37 - [MESSAGE][PASSED] - Navigate to 'https://dms-dev.cloudias79.com/login' successfully

2023-10-25 12:25:37 - [TEST_STEP][PASSED] - setText(findTestObject("Page_DMS_login/input_login_username"), "akunmekanik"): Text 'akunmekanik' is set on object 'Object Repository/Page_DMS_login/input_login_username'

2023-10-25 12:25:44 - [MESSAGE][PASSED] - Text 'akunmekanik' is set on object 'Object Repository/Page_DMS_login/input_login_username'

2023-10-25 12:25:44 - [TEST_STEP][PASSED] - setEncryptedText(findTestObject("Page_DMS_login/input_login_password"), "fzqqY0qJjYTuJiVJRZh4ag=="): Text ****** has been set on object 'Object Repository/Page_DMS_login/input_login_password'

2023-10-25 12:25:46 - [MESSAGE][PASSED] - Text ****** has been set on object 'Object Repository/Page_DMS_login/input_login_password'

2023-10-25 12:25:46 - [TEST_STEP][PASSED] - click(findTestObject("Page_DMS_login/button_Login")): Object: 'Object Repository/Page_DMS_login/button_Login' is clicked on

2023-10-25 12:25:47 - [MESSAGE][PASSED] - Object: 'Object Repository/Page_DMS_login/button_Login' is clicked on]]></system-out>
         <system-err><![CDATA[]]></system-err>
      </testcase>
      <testcase name="Test Cases/logout_admin" time="82.611" classname="Test Cases/logout_admin" status="PASSED">
         <system-out><![CDATA[2023-10-25 12:25:47 - [TEST_CASE][PASSED] - Test Cases/logout_admin: Test Cases/logout_admin

2023-10-25 12:25:50 - [TEST_STEP][PASSED] - click(findTestObject("admin/button_icon profile")): Object: 'Object Repository/admin/button_icon profile' is clicked on

2023-10-25 12:26:03 - [MESSAGE][PASSED] - Object: 'Object Repository/admin/button_icon profile' is clicked on

2023-10-25 12:26:03 - [TEST_STEP][PASSED] - delay(3): Delayed 3 second(s)

2023-10-25 12:26:06 - [MESSAGE][PASSED] - Delayed 3 second(s)

2023-10-25 12:26:07 - [TEST_STEP][PASSED] - waitForElementPresent(findTestObject("admin/button_Log Out"), 3): Object 'Object Repository/admin/button_Log Out' is present

2023-10-25 12:26:08 - [MESSAGE][PASSED] - Object 'Object Repository/admin/button_Log Out' is present

2023-10-25 12:26:08 - [TEST_STEP][PASSED] - waitForElementClickable(findTestObject("admin/button_Log Out"), 3): Object 'Object Repository/admin/button_Log Out' is clickable

2023-10-25 12:26:10 - [MESSAGE][PASSED] - Object 'Object Repository/admin/button_Log Out' is clickable

2023-10-25 12:26:10 - [TEST_STEP][PASSED] - click(findTestObject("admin/button_Log Out")): Object: 'Object Repository/admin/button_Log Out' is clicked on

2023-10-25 12:27:10 - [MESSAGE][PASSED] - Object: 'Object Repository/admin/button_Log Out' is clicked on]]></system-out>
         <system-err><![CDATA[]]></system-err>
      </testcase>
      <system-out><![CDATA[2023-10-25 12:23:50 - [TEST_SUITE][PASSED] - Login_Mekanik: Test Cases/logout_admin]]></system-out>
      <system-err><![CDATA[]]></system-err>
   </testsuite>
   <testsuite name="Login_KetuaBengkel" tests="2" failures="0" errors="0" time="102.583" skipped="0" timestamp="2023-10-25 12:23:53" hostname="THINKPAD - DESKTOP-KQUK8GU" id="Test Suites/Login_KetuaBengkel">
      <properties>
         <property name="deviceName" value=""/>
         <property name="devicePlatform" value=""/>
         <property name="logFolder" value="C:\\Users\\THINKPAD\\git\\katalon-certification\\Reports\\20231025_122234\\Login_KetuaBengkel\\20231025_122256"/>
         <property name="logFiles" value="C:\\Users\\THINKPAD\\git\\katalon-certification\\Reports\\20231025_122234\\Login_KetuaBengkel\\20231025_122256\\execution0.log"/>
         <property name="attachments" value=""/>
         <property name="hostName" value="THINKPAD - DESKTOP-KQUK8GU"/>
         <property name="os" value="Windows 10 64bit"/>
         <property name="katalonVersion" value="8.6.8.208"/>
         <property name="browser" value="Chrome 118.0.0.0"/>
         <property name="hostAddress" value="192.168.0.109"/>
         <property name="sessionId" value="b4c2fe037348fe8d735662723bd82f57"/>
         <property name="seleniumVersion" value="3.141.59"/>
         <property name="proxyInformation" value="ProxyInformation { proxyOption=NO_PROXY, proxyServerType=HTTP, username=, password=********, proxyServerAddress=, proxyServerPort=0, executionList=&quot;&quot;, isApplyToDesiredCapabilities=true }"/>
         <property name="platform" value="Windows 10"/>
      </properties>
      <testcase name="Test Cases/login_ketuabengkel" time="64.116" classname="Test Cases/login_ketuabengkel" status="PASSED">
         <system-out><![CDATA[2023-10-25 12:23:56 - [TEST_CASE][PASSED] - Test Cases/login_ketuabengkel: Test Cases/login_ketuabengkel

2023-10-25 12:24:01 - [TEST_STEP][PASSED] - openBrowser(""): Browser is opened with url: ''

2023-10-25 12:24:05 - [MESSAGE][INFO] - Starting 'Chrome' driver

2023-10-25 12:24:06 - [MESSAGE][INFO] - Action delay is set to 0 milliseconds

2023-10-25 12:24:24 - [MESSAGE][PASSED] - Browser is opened with url: ''

2023-10-25 12:24:24 - [TEST_STEP][PASSED] - maximizeWindow(): Current window maximized

2023-10-25 12:24:24 - [MESSAGE][PASSED] - Current window maximized

2023-10-25 12:24:24 - [TEST_STEP][PASSED] - navigateToUrl("https://dms-dev.cloudias79.com/login"): Navigate to 'https://dms-dev.cloudias79.com/login' successfully

2023-10-25 12:24:39 - [MESSAGE][PASSED] - Navigate to 'https://dms-dev.cloudias79.com/login' successfully

2023-10-25 12:24:39 - [TEST_STEP][PASSED] - setText(findTestObject("Page_DMS_login/input_login_username"), "ketuabengkel"): Text 'ketuabengkel' is set on object 'Object Repository/Page_DMS_login/input_login_username'

2023-10-25 12:24:50 - [MESSAGE][PASSED] - Text 'ketuabengkel' is set on object 'Object Repository/Page_DMS_login/input_login_username'

2023-10-25 12:24:50 - [TEST_STEP][PASSED] - setEncryptedText(findTestObject("Page_DMS_login/input_login_password"), "fzqqY0qJjYTuJiVJRZh4ag=="): Text ****** has been set on object 'Object Repository/Page_DMS_login/input_login_password'

2023-10-25 12:24:57 - [MESSAGE][PASSED] - Text ****** has been set on object 'Object Repository/Page_DMS_login/input_login_password'

2023-10-25 12:24:57 - [TEST_STEP][PASSED] - click(findTestObject("Page_DMS_login/button_Login")): Object: 'Object Repository/Page_DMS_login/button_Login' is clicked on

2023-10-25 12:25:00 - [MESSAGE][PASSED] - Object: 'Object Repository/Page_DMS_login/button_Login' is clicked on]]></system-out>
         <system-err><![CDATA[]]></system-err>
      </testcase>
      <testcase name="Test Cases/logout_admin" time="35.68" classname="Test Cases/logout_admin" status="PASSED">
         <system-out><![CDATA[2023-10-25 12:25:00 - [TEST_CASE][PASSED] - Test Cases/logout_admin: Test Cases/logout_admin

2023-10-25 12:25:05 - [TEST_STEP][PASSED] - click(findTestObject("admin/button_icon profile")): Object: 'Object Repository/admin/button_icon profile' is clicked on

2023-10-25 12:25:12 - [MESSAGE][PASSED] - Object: 'Object Repository/admin/button_icon profile' is clicked on

2023-10-25 12:25:12 - [TEST_STEP][PASSED] - delay(3): Delayed 3 second(s)

2023-10-25 12:25:15 - [MESSAGE][PASSED] - Delayed 3 second(s)

2023-10-25 12:25:15 - [TEST_STEP][PASSED] - waitForElementPresent(findTestObject("admin/button_Log Out"), 3): Object 'Object Repository/admin/button_Log Out' is present

2023-10-25 12:25:17 - [MESSAGE][PASSED] - Object 'Object Repository/admin/button_Log Out' is present

2023-10-25 12:25:17 - [TEST_STEP][PASSED] - waitForElementClickable(findTestObject("admin/button_Log Out"), 3): Object 'Object Repository/admin/button_Log Out' is clickable

2023-10-25 12:25:21 - [MESSAGE][PASSED] - Object 'Object Repository/admin/button_Log Out' is clickable

2023-10-25 12:25:21 - [TEST_STEP][PASSED] - click(findTestObject("admin/button_Log Out")): Object: 'Object Repository/admin/button_Log Out' is clicked on

2023-10-25 12:25:36 - [MESSAGE][PASSED] - Object: 'Object Repository/admin/button_Log Out' is clicked on]]></system-out>
         <system-err><![CDATA[]]></system-err>
      </testcase>
      <system-out><![CDATA[2023-10-25 12:23:53 - [TEST_SUITE][PASSED] - Login_KetuaBengkel: Test Cases/logout_admin]]></system-out>
      <system-err><![CDATA[]]></system-err>
   </testsuite>
   <testsuite name="Login_ServiceAdvisor" tests="2" failures="0" errors="0" time="94.253" skipped="0" timestamp="2023-10-25 12:24:53" hostname="THINKPAD - DESKTOP-KQUK8GU" id="Test Suites/Login_ServiceAdvisor">
      <properties>
         <property name="deviceName" value=""/>
         <property name="devicePlatform" value=""/>
         <property name="logFolder" value="C:\\Users\\THINKPAD\\git\\katalon-certification\\Reports\\20231025_122234\\Login_ServiceAdvisor\\20231025_122302"/>
         <property name="logFiles" value="C:\\Users\\THINKPAD\\git\\katalon-certification\\Reports\\20231025_122234\\Login_ServiceAdvisor\\20231025_122302\\execution0.log"/>
         <property name="attachments" value=""/>
         <property name="hostName" value="THINKPAD - DESKTOP-KQUK8GU"/>
         <property name="os" value="Windows 10 64bit"/>
         <property name="katalonVersion" value="8.6.8.208"/>
         <property name="browser" value="Chrome 118.0.0.0"/>
         <property name="hostAddress" value="192.168.0.109"/>
         <property name="sessionId" value="c9682d47c678a51ba3edc161b14b3e0b"/>
         <property name="seleniumVersion" value="3.141.59"/>
         <property name="proxyInformation" value="ProxyInformation { proxyOption=NO_PROXY, proxyServerType=HTTP, username=, password=********, proxyServerAddress=, proxyServerPort=0, executionList=&quot;&quot;, isApplyToDesiredCapabilities=true }"/>
         <property name="platform" value="Windows 10"/>
      </properties>
      <testcase name="Test Cases/login_serviceadvisor" time="51.198" classname="Test Cases/login_serviceadvisor" status="PASSED">
         <system-out><![CDATA[2023-10-25 12:24:57 - [TEST_CASE][PASSED] - Test Cases/login_serviceadvisor: Test Cases/login_serviceadvisor

2023-10-25 12:25:02 - [TEST_STEP][PASSED] - openBrowser(""): Browser is opened with url: ''

2023-10-25 12:25:08 - [MESSAGE][INFO] - Starting 'Chrome' driver

2023-10-25 12:25:09 - [MESSAGE][INFO] - Action delay is set to 0 milliseconds

2023-10-25 12:25:22 - [MESSAGE][PASSED] - Browser is opened with url: ''

2023-10-25 12:25:22 - [TEST_STEP][PASSED] - maximizeWindow(): Current window maximized

2023-10-25 12:25:24 - [MESSAGE][PASSED] - Current window maximized

2023-10-25 12:25:24 - [TEST_STEP][PASSED] - navigateToUrl("https://dms-dev.cloudias79.com/login"): Navigate to 'https://dms-dev.cloudias79.com/login' successfully

2023-10-25 12:25:36 - [MESSAGE][PASSED] - Navigate to 'https://dms-dev.cloudias79.com/login' successfully

2023-10-25 12:25:36 - [TEST_STEP][PASSED] - setText(findTestObject("Page_DMS_login/input_login_username"), "akunserviceadvisor"): Text 'akunserviceadvisor' is set on object 'Object Repository/Page_DMS_login/input_login_username'

2023-10-25 12:25:44 - [MESSAGE][PASSED] - Text 'akunserviceadvisor' is set on object 'Object Repository/Page_DMS_login/input_login_username'

2023-10-25 12:25:44 - [TEST_STEP][PASSED] - setEncryptedText(findTestObject("Page_DMS_login/input_login_password"), "fzqqY0qJjYTuJiVJRZh4ag=="): Text ****** has been set on object 'Object Repository/Page_DMS_login/input_login_password'

2023-10-25 12:25:46 - [MESSAGE][PASSED] - Text ****** has been set on object 'Object Repository/Page_DMS_login/input_login_password'

2023-10-25 12:25:46 - [TEST_STEP][PASSED] - click(findTestObject("Page_DMS_login/button_Login")): Object: 'Object Repository/Page_DMS_login/button_Login' is clicked on

2023-10-25 12:25:48 - [MESSAGE][PASSED] - Object: 'Object Repository/Page_DMS_login/button_Login' is clicked on]]></system-out>
         <system-err><![CDATA[]]></system-err>
      </testcase>
      <testcase name="Test Cases/logout_admin" time="39.133" classname="Test Cases/logout_admin" status="PASSED">
         <system-out><![CDATA[2023-10-25 12:25:48 - [TEST_CASE][PASSED] - Test Cases/logout_admin: Test Cases/logout_admin

2023-10-25 12:25:52 - [TEST_STEP][PASSED] - click(findTestObject("admin/button_icon profile")): Object: 'Object Repository/admin/button_icon profile' is clicked on

2023-10-25 12:26:08 - [MESSAGE][PASSED] - Object: 'Object Repository/admin/button_icon profile' is clicked on

2023-10-25 12:26:08 - [TEST_STEP][PASSED] - delay(3): Delayed 3 second(s)

2023-10-25 12:26:11 - [MESSAGE][PASSED] - Delayed 3 second(s)

2023-10-25 12:26:11 - [TEST_STEP][PASSED] - waitForElementPresent(findTestObject("admin/button_Log Out"), 3): Object 'Object Repository/admin/button_Log Out' is present

2023-10-25 12:26:13 - [MESSAGE][PASSED] - Object 'Object Repository/admin/button_Log Out' is present

2023-10-25 12:26:13 - [TEST_STEP][PASSED] - waitForElementClickable(findTestObject("admin/button_Log Out"), 3): Object 'Object Repository/admin/button_Log Out' is clickable

2023-10-25 12:26:16 - [MESSAGE][PASSED] - Object 'Object Repository/admin/button_Log Out' is clickable

2023-10-25 12:26:16 - [TEST_STEP][PASSED] - click(findTestObject("admin/button_Log Out")): Object: 'Object Repository/admin/button_Log Out' is clicked on

2023-10-25 12:26:27 - [MESSAGE][PASSED] - Object: 'Object Repository/admin/button_Log Out' is clicked on]]></system-out>
         <system-err><![CDATA[]]></system-err>
      </testcase>
      <system-out><![CDATA[2023-10-25 12:24:53 - [TEST_SUITE][PASSED] - Login_ServiceAdvisor: Test Cases/logout_admin]]></system-out>
      <system-err><![CDATA[]]></system-err>
   </testsuite>
</testsuites>
