<?xml version="1.0" encoding="UTF-8"?>
<testsuites name="Dealer Kendaraan" time="252.707" tests="7" failures="0" errors="0">
   <testsuite name="Dealer Kendaraan" tests="7" failures="0" errors="0" time="252.707" skipped="0" timestamp="2023-10-25 14:54:17" hostname="THINKPAD - DESKTOP-KQUK8GU" id="Test Suites/Dealer Kendaraan">
      <properties>
         <property name="deviceName" value=""/>
         <property name="devicePlatform" value=""/>
         <property name="logFolder" value="C:\\Users\\THINKPAD\\git\\katalon-certification\\Reports\\20231025_145406\\Dealer Kendaraan\\20231025_145406"/>
         <property name="logFiles" value="C:\\Users\\THINKPAD\\git\\katalon-certification\\Reports\\20231025_145406\\Dealer Kendaraan\\20231025_145406\\execution0.log"/>
         <property name="attachments" value=""/>
         <property name="hostName" value="THINKPAD - DESKTOP-KQUK8GU"/>
         <property name="os" value="Windows 10 64bit"/>
         <property name="katalonVersion" value="8.6.8.208"/>
         <property name="browser" value="Chrome 118.0.0.0"/>
         <property name="hostAddress" value="192.168.0.109"/>
         <property name="sessionId" value="2796998c797e1fe98f4816a81fa50e9c"/>
         <property name="seleniumVersion" value="3.141.59"/>
         <property name="proxyInformation" value="ProxyInformation { proxyOption=NO_PROXY, proxyServerType=HTTP, username=, password=********, proxyServerAddress=, proxyServerPort=0, executionList=&quot;&quot;, isApplyToDesiredCapabilities=true }"/>
         <property name="platform" value="Windows 10"/>
      </properties>
      <testcase name="Test Cases/login_admin" time="33.248" classname="Test Cases/login_admin" status="PASSED">
         <system-out><![CDATA[2023-10-25 14:54:19 - [TEST_CASE][PASSED] - Test Cases/login_admin: Test Cases/login_admin

2023-10-25 14:54:22 - [TEST_STEP][PASSED] - openBrowser(""): Browser is opened with url: ''

2023-10-25 14:54:25 - [MESSAGE][INFO] - Starting 'Chrome' driver

2023-10-25 14:54:25 - [MESSAGE][INFO] - Action delay is set to 0 milliseconds

2023-10-25 14:54:34 - [MESSAGE][PASSED] - Browser is opened with url: ''

2023-10-25 14:54:34 - [TEST_STEP][PASSED] - maximizeWindow(): Current window maximized

2023-10-25 14:54:34 - [MESSAGE][PASSED] - Current window maximized

2023-10-25 14:54:34 - [TEST_STEP][PASSED] - navigateToUrl("https://dms-dev.cloudias79.com/login"): Navigate to 'https://dms-dev.cloudias79.com/login' successfully

2023-10-25 14:54:41 - [MESSAGE][PASSED] - Navigate to 'https://dms-dev.cloudias79.com/login' successfully

2023-10-25 14:54:41 - [TEST_STEP][PASSED] - setText(findTestObject("Object Repository/input_Silakan masuk untuk melanjutkan_r0"), "akunadmin"): Text 'akunadmin' is set on object 'Object Repository/input_Silakan masuk untuk melanjutkan_r0'

2023-10-25 14:54:45 - [MESSAGE][PASSED] - Text 'akunadmin' is set on object 'Object Repository/input_Silakan masuk untuk melanjutkan_r0'

2023-10-25 14:54:45 - [TEST_STEP][PASSED] - setEncryptedText(findTestObject("Object Repository/input__r1"), "fzqqY0qJjYTuJiVJRZh4ag=="): Text ****** has been set on object 'Object Repository/input__r1'

2023-10-25 14:54:51 - [MESSAGE][PASSED] - Text ****** has been set on object 'Object Repository/input__r1'

2023-10-25 14:54:51 - [TEST_STEP][PASSED] - click(findTestObject("Object Repository/button_Login")): Object: 'Object Repository/button_Login' is clicked on

2023-10-25 14:54:52 - [MESSAGE][PASSED] - Object: 'Object Repository/button_Login' is clicked on]]></system-out>
         <system-err><![CDATA[]]></system-err>
      </testcase>
      <testcase name="Test Cases/admin_lihat_daftar_dealer" time="8.682" classname="Test Cases/admin_lihat_daftar_dealer" status="PASSED">
         <system-out><![CDATA[2023-10-25 14:54:52 - [TEST_CASE][PASSED] - Test Cases/admin_lihat_daftar_dealer: Test Cases/admin_lihat_daftar_dealer

2023-10-25 14:54:55 - [TEST_STEP][PASSED] - click(findTestObject("admin/kendaraan/daftar dealer kendaraan/button_Daftar Dealer Kendaraan")): Object: 'Object Repository/admin/kendaraan/daftar dealer kendaraan/button_Daftar Dealer Kendaraan' is clicked on

2023-10-25 14:55:01 - [MESSAGE][PASSED] - Object: 'Object Repository/admin/kendaraan/daftar dealer kendaraan/button_Daftar Dealer Kendaraan' is clicked on]]></system-out>
         <system-err><![CDATA[]]></system-err>
      </testcase>
      <testcase name="Test Cases/admin_search_dealer" time="6.779" classname="Test Cases/admin_search_dealer" status="PASSED">
         <system-out><![CDATA[2023-10-25 14:55:01 - [TEST_CASE][PASSED] - Test Cases/admin_search_dealer: Test Cases/admin_search_dealer

2023-10-25 14:55:04 - [TEST_STEP][PASSED] - click(findTestObject("admin/kendaraan/daftar dealer kendaraan/button_Daftar Dealer Kendaraan")): Object: 'Object Repository/admin/kendaraan/daftar dealer kendaraan/button_Daftar Dealer Kendaraan' is clicked on

2023-10-25 14:55:04 - [MESSAGE][PASSED] - Object: 'Object Repository/admin/kendaraan/daftar dealer kendaraan/button_Daftar Dealer Kendaraan' is clicked on

2023-10-25 14:55:04 - [TEST_STEP][PASSED] - click(findTestObject("admin/kendaraan/daftar warna kendaraan/input_search Daftar Dealer Kendaraan")): Object: 'Object Repository/admin/kendaraan/daftar warna kendaraan/input_search Daftar Dealer Kendaraan' is clicked on

2023-10-25 14:55:06 - [MESSAGE][PASSED] - Object: 'Object Repository/admin/kendaraan/daftar warna kendaraan/input_search Daftar Dealer Kendaraan' is clicked on

2023-10-25 14:55:06 - [TEST_STEP][PASSED] - setText(findTestObject("admin/kendaraan/daftar warna kendaraan/input_search Daftar Dealer Kendaraan"), "h"): Text 'h' is set on object 'Object Repository/admin/kendaraan/daftar warna kendaraan/input_search Daftar Dealer Kendaraan'

2023-10-25 14:55:08 - [MESSAGE][PASSED] - Text 'h' is set on object 'Object Repository/admin/kendaraan/daftar warna kendaraan/input_search Daftar Dealer Kendaraan']]></system-out>
         <system-err><![CDATA[]]></system-err>
      </testcase>
      <testcase name="Test Cases/admin_tambah_dealer" time="124.312" classname="Test Cases/admin_tambah_dealer" status="PASSED">
         <system-out><![CDATA[2023-10-25 14:55:08 - [TEST_CASE][PASSED] - Test Cases/admin_tambah_dealer: Test Cases/admin_tambah_dealer

2023-10-25 14:55:11 - [TEST_STEP][PASSED] - click(findTestObject("admin/kendaraan/daftar dealer kendaraan/button_Daftar Dealer Kendaraan")): Object: 'Object Repository/admin/kendaraan/daftar dealer kendaraan/button_Daftar Dealer Kendaraan' is clicked on

2023-10-25 14:55:12 - [MESSAGE][PASSED] - Object: 'Object Repository/admin/kendaraan/daftar dealer kendaraan/button_Daftar Dealer Kendaraan' is clicked on

2023-10-25 14:55:12 - [TEST_STEP][PASSED] - click(findTestObject("admin/kendaraan/daftar dealer kendaraan/button_Tambah Dealer Penjualan Kendaraan")): Object: 'Object Repository/admin/kendaraan/daftar dealer kendaraan/button_Tambah Dealer Penjualan Kendaraan' is clicked on

2023-10-25 14:55:14 - [MESSAGE][PASSED] - Object: 'Object Repository/admin/kendaraan/daftar dealer kendaraan/button_Tambah Dealer Penjualan Kendaraan' is clicked on

2023-10-25 14:55:14 - [TEST_STEP][PASSED] - click(findTestObject("admin/kendaraan/daftar dealer kendaraan/input_Tambah Dealer Penjualan Kendaraan")): Object: 'Object Repository/admin/kendaraan/daftar dealer kendaraan/input_Tambah Dealer Penjualan Kendaraan' is clicked on

2023-10-25 14:55:46 - [MESSAGE][INFO] - Unable to find the element located by 'By.xpath: //input[@id=':ro:']'. Please recheck the objects properties to make sure the desired element is located. 

2023-10-25 14:55:46 - [MESSAGE][WARNING] - [SELF-HEALING] Failed to find element with id 'Object Repository/admin/kendaraan/daftar dealer kendaraan/input_Tambah Dealer Penjualan Kendaraan'. Try using Self-healing.

2023-10-25 14:55:47 - [MESSAGE][WARNING] - [SELF-HEALING] The current locator of test object 'Object Repository/admin/kendaraan/daftar dealer kendaraan/input_Tambah Dealer Penjualan Kendaraan' was broken. Propose an alternative one: '//div[3]/div/div/div/div/input'.

2023-10-25 14:55:53 - [MESSAGE][PASSED] - Object: 'Object Repository/admin/kendaraan/daftar dealer kendaraan/input_Tambah Dealer Penjualan Kendaraan' is clicked on

2023-10-25 14:55:53 - [TEST_STEP][PASSED] - setText(findTestObject("admin/kendaraan/daftar dealer kendaraan/input_Tambah Dealer Penjualan Kendaraan"), "Suzuki"): Text 'Suzuki' is set on object 'Object Repository/admin/kendaraan/daftar dealer kendaraan/input_Tambah Dealer Penjualan Kendaraan'

2023-10-25 14:56:26 - [MESSAGE][INFO] - Unable to find the element located by 'By.xpath: //input[@id=':ro:']'. Please recheck the objects properties to make sure the desired element is located. 

2023-10-25 14:56:26 - [MESSAGE][WARNING] - [SELF-HEALING] Failed to find element with id 'Object Repository/admin/kendaraan/daftar dealer kendaraan/input_Tambah Dealer Penjualan Kendaraan'. Try using Self-healing.

2023-10-25 14:56:29 - [MESSAGE][WARNING] - [SELF-HEALING] The current locator of test object 'Object Repository/admin/kendaraan/daftar dealer kendaraan/input_Tambah Dealer Penjualan Kendaraan' was broken. Propose an alternative one: '//div[3]/div/div/div/div/input'.

2023-10-25 14:57:03 - [MESSAGE][INFO] - Unable to find the element located by 'By.xpath: //input[@id=':ro:']'. Please recheck the objects properties to make sure the desired element is located. 

2023-10-25 14:57:03 - [MESSAGE][WARNING] - [SELF-HEALING] Failed to find element with id 'Object Repository/admin/kendaraan/daftar dealer kendaraan/input_Tambah Dealer Penjualan Kendaraan'. Try using Self-healing.

2023-10-25 14:57:06 - [MESSAGE][WARNING] - [SELF-HEALING] The current locator of test object 'Object Repository/admin/kendaraan/daftar dealer kendaraan/input_Tambah Dealer Penjualan Kendaraan' was broken. Propose an alternative one: '//div[3]/div/div/div/div/input'.

2023-10-25 14:57:07 - [MESSAGE][PASSED] - Text 'Suzuki' is set on object 'Object Repository/admin/kendaraan/daftar dealer kendaraan/input_Tambah Dealer Penjualan Kendaraan'

2023-10-25 14:57:07 - [TEST_STEP][PASSED] - click(findTestObject("admin/kendaraan/daftar dealer kendaraan/button_Tambah Dealer Penjualan Kendaraan_Batal")): Object: 'Object Repository/admin/kendaraan/daftar dealer kendaraan/button_Tambah Dealer Penjualan Kendaraan_Batal' is clicked on

2023-10-25 14:57:12 - [MESSAGE][PASSED] - Object: 'Object Repository/admin/kendaraan/daftar dealer kendaraan/button_Tambah Dealer Penjualan Kendaraan_Batal' is clicked on]]></system-out>
         <system-err><![CDATA[]]></system-err>
      </testcase>
      <testcase name="Test Cases/admin_edit_dealer" time="49.849" classname="Test Cases/admin_edit_dealer" status="PASSED">
         <system-out><![CDATA[2023-10-25 14:57:12 - [TEST_CASE][PASSED] - Test Cases/admin_edit_dealer: Test Cases/admin_edit_dealer

2023-10-25 14:57:15 - [TEST_STEP][PASSED] - click(findTestObject("admin/kendaraan/daftar dealer kendaraan/button_Daftar Dealer Kendaraan")): Object: 'Object Repository/admin/kendaraan/daftar dealer kendaraan/button_Daftar Dealer Kendaraan' is clicked on

2023-10-25 14:57:17 - [MESSAGE][PASSED] - Object: 'Object Repository/admin/kendaraan/daftar dealer kendaraan/button_Daftar Dealer Kendaraan' is clicked on

2023-10-25 14:57:17 - [TEST_STEP][PASSED] - click(findTestObject("admin/kendaraan/daftar dealer kendaraan/button_edit dealer penjualan kendaraan")): Object: 'Object Repository/admin/kendaraan/daftar dealer kendaraan/button_edit dealer penjualan kendaraan' is clicked on

2023-10-25 14:57:23 - [MESSAGE][PASSED] - Object: 'Object Repository/admin/kendaraan/daftar dealer kendaraan/button_edit dealer penjualan kendaraan' is clicked on

2023-10-25 14:57:23 - [TEST_STEP][PASSED] - click(findTestObject("admin/kendaraan/daftar dealer kendaraan/input_Edit Dealer Penjualan Kendaraan")): Object: 'Object Repository/admin/kendaraan/daftar dealer kendaraan/input_Edit Dealer Penjualan Kendaraan' is clicked on

2023-10-25 14:57:55 - [MESSAGE][INFO] - Unable to find the element located by 'By.xpath: //input[@id=':rp:']'. Please recheck the objects properties to make sure the desired element is located. 

2023-10-25 14:57:55 - [MESSAGE][WARNING] - [SELF-HEALING] Failed to find element with id 'Object Repository/admin/kendaraan/daftar dealer kendaraan/input_Edit Dealer Penjualan Kendaraan'. Try using Self-healing.

2023-10-25 14:57:57 - [MESSAGE][WARNING] - [SELF-HEALING] The current locator of test object 'Object Repository/admin/kendaraan/daftar dealer kendaraan/input_Edit Dealer Penjualan Kendaraan' was broken. Propose an alternative one: '//div[3]/div/div/div/div/input'.

2023-10-25 14:57:58 - [MESSAGE][PASSED] - Object: 'Object Repository/admin/kendaraan/daftar dealer kendaraan/input_Edit Dealer Penjualan Kendaraan' is clicked on

2023-10-25 14:57:58 - [TEST_STEP][PASSED] - click(findTestObject("admin/kendaraan/daftar dealer kendaraan/button_Edit Dealer Penjualan Kendaraan_Batal")): Object: 'Object Repository/admin/kendaraan/daftar dealer kendaraan/button_Edit Dealer Penjualan Kendaraan_Batal' is clicked on

2023-10-25 14:58:02 - [MESSAGE][PASSED] - Object: 'Object Repository/admin/kendaraan/daftar dealer kendaraan/button_Edit Dealer Penjualan Kendaraan_Batal' is clicked on]]></system-out>
         <system-err><![CDATA[]]></system-err>
      </testcase>
      <testcase name="Test Cases/admin_delete_dealer" time="9.812" classname="Test Cases/admin_delete_dealer" status="PASSED">
         <system-out><![CDATA[2023-10-25 14:58:02 - [TEST_CASE][PASSED] - Test Cases/admin_delete_dealer: Test Cases/admin_delete_dealer

2023-10-25 14:58:07 - [TEST_STEP][PASSED] - click(findTestObject("admin/kendaraan/daftar dealer kendaraan/button_Daftar Dealer Kendaraan")): Object: 'Object Repository/admin/kendaraan/daftar dealer kendaraan/button_Daftar Dealer Kendaraan' is clicked on

2023-10-25 14:58:09 - [MESSAGE][PASSED] - Object: 'Object Repository/admin/kendaraan/daftar dealer kendaraan/button_Daftar Dealer Kendaraan' is clicked on

2023-10-25 14:58:09 - [TEST_STEP][PASSED] - click(findTestObject("admin/kendaraan/daftar dealer kendaraan/button_Hapus Dealer Penjualan Kendaraan")): Object: 'Object Repository/admin/kendaraan/daftar dealer kendaraan/button_Hapus Dealer Penjualan Kendaraan' is clicked on

2023-10-25 14:58:10 - [MESSAGE][PASSED] - Object: 'Object Repository/admin/kendaraan/daftar dealer kendaraan/button_Hapus Dealer Penjualan Kendaraan' is clicked on

2023-10-25 14:58:10 - [TEST_STEP][PASSED] - click(findTestObject("admin/kendaraan/daftar dealer kendaraan/button_Hapus Dealer Penjualan Kendaraan_Batal")): Object: 'Object Repository/admin/kendaraan/daftar dealer kendaraan/button_Hapus Dealer Penjualan Kendaraan_Batal' is clicked on

2023-10-25 14:58:12 - [MESSAGE][PASSED] - Object: 'Object Repository/admin/kendaraan/daftar dealer kendaraan/button_Hapus Dealer Penjualan Kendaraan_Batal' is clicked on]]></system-out>
         <system-err><![CDATA[]]></system-err>
      </testcase>
      <testcase name="Test Cases/logout_admin" time="17.975" classname="Test Cases/logout_admin" status="PASSED">
         <system-out><![CDATA[2023-10-25 14:58:12 - [TEST_CASE][PASSED] - Test Cases/logout_admin: Test Cases/logout_admin

2023-10-25 14:58:16 - [TEST_STEP][PASSED] - click(findTestObject("admin/button_icon profile")): Object: 'Object Repository/admin/button_icon profile' is clicked on

2023-10-25 14:58:18 - [MESSAGE][PASSED] - Object: 'Object Repository/admin/button_icon profile' is clicked on

2023-10-25 14:58:18 - [TEST_STEP][PASSED] - delay(3): Delayed 3 second(s)

2023-10-25 14:58:21 - [MESSAGE][PASSED] - Delayed 3 second(s)

2023-10-25 14:58:21 - [TEST_STEP][PASSED] - waitForElementPresent(findTestObject("admin/button_Log Out"), 3): Object 'Object Repository/admin/button_Log Out' is present

2023-10-25 14:58:22 - [MESSAGE][PASSED] - Object 'Object Repository/admin/button_Log Out' is present

2023-10-25 14:58:22 - [TEST_STEP][PASSED] - waitForElementClickable(findTestObject("admin/button_Log Out"), 3): Object 'Object Repository/admin/button_Log Out' is clickable

2023-10-25 14:58:25 - [MESSAGE][PASSED] - Object 'Object Repository/admin/button_Log Out' is clickable

2023-10-25 14:58:25 - [TEST_STEP][PASSED] - click(findTestObject("admin/button_Log Out")): Object: 'Object Repository/admin/button_Log Out' is clicked on

2023-10-25 14:58:30 - [MESSAGE][PASSED] - Object: 'Object Repository/admin/button_Log Out' is clicked on]]></system-out>
         <system-err><![CDATA[]]></system-err>
      </testcase>
      <system-out><![CDATA[2023-10-25 14:54:17 - [TEST_SUITE][PASSED] - Dealer Kendaraan: Test Cases/logout_admin]]></system-out>
      <system-err><![CDATA[]]></system-err>
   </testsuite>
</testsuites>
