<?xml version="1.0" encoding="UTF-8"?>
<testsuites name="Admin - Service edit" time="514.584" tests="4" failures="0" errors="0">
   <testsuite name="Admin - Service edit" tests="4" failures="0" errors="0" time="514.584" skipped="0" timestamp="2023-10-26 10:01:04" hostname="THINKPAD - DESKTOP-KQUK8GU" id="Test Suites/Admin - Service edit">
      <properties>
         <property name="deviceName" value=""/>
         <property name="devicePlatform" value=""/>
         <property name="logFolder" value="C:\\Users\\THINKPAD\\git\\katalon-certification\\Reports\\20231026_095929\\Admin - Service edit\\20231026_095932"/>
         <property name="logFiles" value="C:\\Users\\THINKPAD\\git\\katalon-certification\\Reports\\20231026_095929\\Admin - Service edit\\20231026_095932\\execution0.log"/>
         <property name="attachments" value=""/>
         <property name="hostName" value="THINKPAD - DESKTOP-KQUK8GU"/>
         <property name="os" value="Windows 10 64bit"/>
         <property name="katalonVersion" value="8.6.8.208"/>
         <property name="browser" value="Chrome 118.0.0.0"/>
         <property name="hostAddress" value="192.168.0.109"/>
         <property name="sessionId" value="4b986a977879e9b73b91ed9c01d4b83f"/>
         <property name="seleniumVersion" value="3.141.59"/>
         <property name="proxyInformation" value="ProxyInformation { proxyOption=NO_PROXY, proxyServerType=HTTP, username=, password=********, proxyServerAddress=, proxyServerPort=0, executionList=&quot;&quot;, isApplyToDesiredCapabilities=true }"/>
         <property name="platform" value="Windows 10"/>
      </properties>
      <testcase name="Test Cases/login_admin" time="177.751" classname="Test Cases/login_admin" status="PASSED">
         <system-out><![CDATA[2023-10-26 10:01:24 - [TEST_CASE][PASSED] - Test Cases/login_admin: Test Cases/login_admin

2023-10-26 10:01:51 - [TEST_STEP][PASSED] - openBrowser(""): Browser is opened with url: ''

2023-10-26 10:02:11 - [MESSAGE][INFO] - Starting 'Chrome' driver

2023-10-26 10:02:12 - [MESSAGE][INFO] - Action delay is set to 0 milliseconds

2023-10-26 10:03:27 - [MESSAGE][PASSED] - Browser is opened with url: ''

2023-10-26 10:03:27 - [TEST_STEP][PASSED] - maximizeWindow(): Current window maximized

2023-10-26 10:03:29 - [MESSAGE][PASSED] - Current window maximized

2023-10-26 10:03:29 - [TEST_STEP][PASSED] - navigateToUrl("https://dms-dev.cloudias79.com/login"): Navigate to 'https://dms-dev.cloudias79.com/login' successfully

2023-10-26 10:03:33 - [MESSAGE][PASSED] - Navigate to 'https://dms-dev.cloudias79.com/login' successfully

2023-10-26 10:03:33 - [TEST_STEP][PASSED] - setText(findTestObject("Object Repository/input_Silakan masuk untuk melanjutkan_r0"), "akunadmin"): Text 'akunadmin' is set on object 'Object Repository/input_Silakan masuk untuk melanjutkan_r0'

2023-10-26 10:04:11 - [MESSAGE][PASSED] - Text 'akunadmin' is set on object 'Object Repository/input_Silakan masuk untuk melanjutkan_r0'

2023-10-26 10:04:11 - [TEST_STEP][PASSED] - setEncryptedText(findTestObject("Object Repository/input__r1"), "fzqqY0qJjYTuJiVJRZh4ag=="): Text ****** has been set on object 'Object Repository/input__r1'

2023-10-26 10:04:16 - [MESSAGE][PASSED] - Text ****** has been set on object 'Object Repository/input__r1'

2023-10-26 10:04:16 - [TEST_STEP][PASSED] - click(findTestObject("Object Repository/button_Login")): Object: 'Object Repository/button_Login' is clicked on

2023-10-26 10:04:21 - [MESSAGE][PASSED] - Object: 'Object Repository/button_Login' is clicked on]]></system-out>
         <system-err><![CDATA[]]></system-err>
      </testcase>
      <testcase name="Test Cases/admin_service_lihat" time="105.372" classname="Test Cases/admin_service_lihat" status="PASSED">
         <system-out><![CDATA[2023-10-26 10:04:21 - [TEST_CASE][PASSED] - Test Cases/admin_service_lihat: Test Cases/admin_service_lihat

2023-10-26 10:04:32 - [TEST_STEP][PASSED] - callTestCase(findTestCase("login_admin"), [:], STOP_ON_FAILURE): Call Test Case 'Test Cases/login_admin' successfully

2023-10-26 10:04:33 - [TEST_CASE][PASSED] - Test Cases/login_admin: Test Cases/login_admin

2023-10-26 10:04:34 - [TEST_STEP][PASSED] - openBrowser(""): Browser is opened with url: ''

2023-10-26 10:04:34 - [MESSAGE][WARNING] - A browser is already opened. Closing browser and opening a new one

2023-10-26 10:05:35 - [MESSAGE][INFO] - Starting 'Chrome' driver

2023-10-26 10:05:35 - [MESSAGE][INFO] - Action delay is set to 0 milliseconds

2023-10-26 10:05:38 - [MESSAGE][PASSED] - Browser is opened with url: ''

2023-10-26 10:05:38 - [TEST_STEP][PASSED] - maximizeWindow(): Current window maximized

2023-10-26 10:05:39 - [MESSAGE][PASSED] - Current window maximized

2023-10-26 10:05:39 - [TEST_STEP][PASSED] - navigateToUrl("https://dms-dev.cloudias79.com/login"): Navigate to 'https://dms-dev.cloudias79.com/login' successfully

2023-10-26 10:05:40 - [MESSAGE][PASSED] - Navigate to 'https://dms-dev.cloudias79.com/login' successfully

2023-10-26 10:05:40 - [TEST_STEP][PASSED] - setText(findTestObject("Object Repository/input_Silakan masuk untuk melanjutkan_r0"), "akunadmin"): Text 'akunadmin' is set on object 'Object Repository/input_Silakan masuk untuk melanjutkan_r0'

2023-10-26 10:05:48 - [MESSAGE][PASSED] - Text 'akunadmin' is set on object 'Object Repository/input_Silakan masuk untuk melanjutkan_r0'

2023-10-26 10:05:48 - [TEST_STEP][PASSED] - setEncryptedText(findTestObject("Object Repository/input__r1"), "fzqqY0qJjYTuJiVJRZh4ag=="): Text ****** has been set on object 'Object Repository/input__r1'

2023-10-26 10:05:50 - [MESSAGE][PASSED] - Text ****** has been set on object 'Object Repository/input__r1'

2023-10-26 10:05:50 - [TEST_STEP][PASSED] - click(findTestObject("Object Repository/button_Login")): Object: 'Object Repository/button_Login' is clicked on

2023-10-26 10:05:52 - [MESSAGE][PASSED] - Object: 'Object Repository/button_Login' is clicked on

2023-10-26 10:05:52 - [MESSAGE][PASSED] - Call Test Case 'Test Cases/login_admin' successfully

2023-10-26 10:05:52 - [TEST_STEP][PASSED] - click(findTestObject("admin/service/button_Service")): Object: 'Object Repository/admin/service/button_Service' is clicked on

2023-10-26 10:06:02 - [MESSAGE][PASSED] - Object: 'Object Repository/admin/service/button_Service' is clicked on

2023-10-26 10:06:02 - [TEST_STEP][PASSED] - click(findTestObject("admin/service/button_service_edit")): Object: 'Object Repository/admin/service/button_service_edit' is clicked on

2023-10-26 10:06:04 - [MESSAGE][PASSED] - Object: 'Object Repository/admin/service/button_service_edit' is clicked on

2023-10-26 10:06:04 - [TEST_STEP][PASSED] - click(findTestObject("admin/service/button_service_edit_Simpan")): Object: 'Object Repository/admin/service/button_service_edit_Simpan' is clicked on

2023-10-26 10:06:07 - [MESSAGE][PASSED] - Object: 'Object Repository/admin/service/button_service_edit_Simpan' is clicked on]]></system-out>
         <system-err><![CDATA[]]></system-err>
      </testcase>
      <testcase name="Test Cases/admin_service_edit_batal" time="87.437" classname="Test Cases/admin_service_edit_batal" status="PASSED">
         <system-out><![CDATA[2023-10-26 10:06:07 - [TEST_CASE][PASSED] - Test Cases/admin_service_edit_batal: Test Cases/admin_service_edit_batal

2023-10-26 10:06:10 - [TEST_STEP][PASSED] - callTestCase(findTestCase("login_admin"), [:], STOP_ON_FAILURE): Call Test Case 'Test Cases/login_admin' successfully

2023-10-26 10:06:11 - [TEST_CASE][PASSED] - Test Cases/login_admin: Test Cases/login_admin

2023-10-26 10:06:11 - [TEST_STEP][PASSED] - openBrowser(""): Browser is opened with url: ''

2023-10-26 10:06:11 - [MESSAGE][WARNING] - A browser is already opened. Closing browser and opening a new one

2023-10-26 10:06:40 - [MESSAGE][INFO] - Starting 'Chrome' driver

2023-10-26 10:06:40 - [MESSAGE][INFO] - Action delay is set to 0 milliseconds

2023-10-26 10:06:44 - [MESSAGE][PASSED] - Browser is opened with url: ''

2023-10-26 10:06:44 - [TEST_STEP][PASSED] - maximizeWindow(): Current window maximized

2023-10-26 10:06:44 - [MESSAGE][PASSED] - Current window maximized

2023-10-26 10:06:44 - [TEST_STEP][PASSED] - navigateToUrl("https://dms-dev.cloudias79.com/login"): Navigate to 'https://dms-dev.cloudias79.com/login' successfully

2023-10-26 10:06:46 - [MESSAGE][PASSED] - Navigate to 'https://dms-dev.cloudias79.com/login' successfully

2023-10-26 10:06:46 - [TEST_STEP][PASSED] - setText(findTestObject("Object Repository/input_Silakan masuk untuk melanjutkan_r0"), "akunadmin"): Text 'akunadmin' is set on object 'Object Repository/input_Silakan masuk untuk melanjutkan_r0'

2023-10-26 10:06:54 - [MESSAGE][PASSED] - Text 'akunadmin' is set on object 'Object Repository/input_Silakan masuk untuk melanjutkan_r0'

2023-10-26 10:06:54 - [TEST_STEP][PASSED] - setEncryptedText(findTestObject("Object Repository/input__r1"), "fzqqY0qJjYTuJiVJRZh4ag=="): Text ****** has been set on object 'Object Repository/input__r1'

2023-10-26 10:07:04 - [MESSAGE][PASSED] - Text ****** has been set on object 'Object Repository/input__r1'

2023-10-26 10:07:04 - [TEST_STEP][PASSED] - click(findTestObject("Object Repository/button_Login")): Object: 'Object Repository/button_Login' is clicked on

2023-10-26 10:07:08 - [MESSAGE][PASSED] - Object: 'Object Repository/button_Login' is clicked on

2023-10-26 10:07:08 - [MESSAGE][PASSED] - Call Test Case 'Test Cases/login_admin' successfully

2023-10-26 10:07:08 - [TEST_STEP][PASSED] - click(findTestObject("admin/service/button_Service")): Object: 'Object Repository/admin/service/button_Service' is clicked on

2023-10-26 10:07:20 - [MESSAGE][PASSED] - Object: 'Object Repository/admin/service/button_Service' is clicked on

2023-10-26 10:07:20 - [TEST_STEP][PASSED] - click(findTestObject("admin/service/button_service_edit")): Object: 'Object Repository/admin/service/button_service_edit' is clicked on

2023-10-26 10:07:26 - [MESSAGE][PASSED] - Object: 'Object Repository/admin/service/button_service_edit' is clicked on

2023-10-26 10:07:26 - [TEST_STEP][PASSED] - click(findTestObject("admin/service/button_service_edit_Batal")): Object: 'Object Repository/admin/service/button_service_edit_Batal' is clicked on

2023-10-26 10:07:34 - [MESSAGE][PASSED] - Object: 'Object Repository/admin/service/button_service_edit_Batal' is clicked on]]></system-out>
         <system-err><![CDATA[]]></system-err>
      </testcase>
      <testcase name="Test Cases/admin_service_edit_berhasil" time="122.569" classname="Test Cases/admin_service_edit_berhasil" status="PASSED">
         <system-out><![CDATA[2023-10-26 10:07:36 - [TEST_CASE][PASSED] - Test Cases/admin_service_edit_berhasil: Test Cases/admin_service_edit_berhasil

2023-10-26 10:07:46 - [TEST_STEP][PASSED] - callTestCase(findTestCase("login_admin"), [:], STOP_ON_FAILURE): Call Test Case 'Test Cases/login_admin' successfully

2023-10-26 10:07:46 - [TEST_CASE][PASSED] - Test Cases/login_admin: Test Cases/login_admin

2023-10-26 10:07:46 - [TEST_STEP][PASSED] - openBrowser(""): Browser is opened with url: ''

2023-10-26 10:07:46 - [MESSAGE][WARNING] - A browser is already opened. Closing browser and opening a new one

2023-10-26 10:08:44 - [MESSAGE][INFO] - Starting 'Chrome' driver

2023-10-26 10:08:44 - [MESSAGE][INFO] - Action delay is set to 0 milliseconds

2023-10-26 10:08:57 - [MESSAGE][PASSED] - Browser is opened with url: ''

2023-10-26 10:08:57 - [TEST_STEP][PASSED] - maximizeWindow(): Current window maximized

2023-10-26 10:08:58 - [MESSAGE][PASSED] - Current window maximized

2023-10-26 10:08:58 - [TEST_STEP][PASSED] - navigateToUrl("https://dms-dev.cloudias79.com/login"): Navigate to 'https://dms-dev.cloudias79.com/login' successfully

2023-10-26 10:09:00 - [MESSAGE][PASSED] - Navigate to 'https://dms-dev.cloudias79.com/login' successfully

2023-10-26 10:09:00 - [TEST_STEP][PASSED] - setText(findTestObject("Object Repository/input_Silakan masuk untuk melanjutkan_r0"), "akunadmin"): Text 'akunadmin' is set on object 'Object Repository/input_Silakan masuk untuk melanjutkan_r0'

2023-10-26 10:09:12 - [MESSAGE][PASSED] - Text 'akunadmin' is set on object 'Object Repository/input_Silakan masuk untuk melanjutkan_r0'

2023-10-26 10:09:12 - [TEST_STEP][PASSED] - setEncryptedText(findTestObject("Object Repository/input__r1"), "fzqqY0qJjYTuJiVJRZh4ag=="): Text ****** has been set on object 'Object Repository/input__r1'

2023-10-26 10:09:22 - [MESSAGE][PASSED] - Text ****** has been set on object 'Object Repository/input__r1'

2023-10-26 10:09:22 - [TEST_STEP][PASSED] - click(findTestObject("Object Repository/button_Login")): Object: 'Object Repository/button_Login' is clicked on

2023-10-26 10:09:25 - [MESSAGE][PASSED] - Object: 'Object Repository/button_Login' is clicked on

2023-10-26 10:09:25 - [MESSAGE][PASSED] - Call Test Case 'Test Cases/login_admin' successfully

2023-10-26 10:09:25 - [TEST_STEP][PASSED] - click(findTestObject("admin/service/button_Service")): Object: 'Object Repository/admin/service/button_Service' is clicked on

2023-10-26 10:09:35 - [MESSAGE][PASSED] - Object: 'Object Repository/admin/service/button_Service' is clicked on

2023-10-26 10:09:35 - [TEST_STEP][PASSED] - click(findTestObject("admin/service/button_service_edit")): Object: 'Object Repository/admin/service/button_service_edit' is clicked on

2023-10-26 10:09:37 - [MESSAGE][PASSED] - Object: 'Object Repository/admin/service/button_service_edit' is clicked on

2023-10-26 10:09:37 - [TEST_STEP][PASSED] - click(findTestObject("admin/service/button_service_edit_Simpan")): Object: 'Object Repository/admin/service/button_service_edit_Simpan' is clicked on

2023-10-26 10:09:39 - [MESSAGE][PASSED] - Object: 'Object Repository/admin/service/button_service_edit_Simpan' is clicked on]]></system-out>
         <system-err><![CDATA[]]></system-err>
      </testcase>
      <system-out><![CDATA[2023-10-26 10:01:04 - [TEST_SUITE][PASSED] - Admin - Service edit: Test Cases/admin_service_edit_berhasil]]></system-out>
      <system-err><![CDATA[]]></system-err>
   </testsuite>
</testsuites>
