<?xml version="1.0" encoding="UTF-8"?>
<testsuites name="Login_Admin" time="118.493" tests="2" failures="0" errors="0">
   <testsuite name="Login_Admin" tests="2" failures="0" errors="0" time="118.493" skipped="0" timestamp="2023-10-25 14:55:29" hostname="THINKPAD - DESKTOP-KQUK8GU" id="Test Suites/Login_Admin">
      <properties>
         <property name="deviceName" value=""/>
         <property name="devicePlatform" value=""/>
         <property name="logFolder" value="C:\\Users\\THINKPAD\\git\\katalon-certification\\Reports\\20231025_145511\\Login_Admin\\20231025_145511"/>
         <property name="logFiles" value="C:\\Users\\THINKPAD\\git\\katalon-certification\\Reports\\20231025_145511\\Login_Admin\\20231025_145511\\execution0.log"/>
         <property name="attachments" value=""/>
         <property name="hostName" value="THINKPAD - DESKTOP-KQUK8GU"/>
         <property name="os" value="Windows 10 64bit"/>
         <property name="katalonVersion" value="8.6.8.208"/>
         <property name="browser" value="Chrome 118.0.0.0"/>
         <property name="hostAddress" value="192.168.0.109"/>
         <property name="sessionId" value="36d0d9b93cf080558b274644bb3dd30c"/>
         <property name="seleniumVersion" value="3.141.59"/>
         <property name="proxyInformation" value="ProxyInformation { proxyOption=NO_PROXY, proxyServerType=HTTP, username=, password=********, proxyServerAddress=, proxyServerPort=0, executionList=&quot;&quot;, isApplyToDesiredCapabilities=true }"/>
         <property name="platform" value="Windows 10"/>
      </properties>
      <testcase name="Test Cases/login_admin" time="69.329" classname="Test Cases/login_admin" status="PASSED">
         <system-out><![CDATA[2023-10-25 14:55:31 - [TEST_CASE][PASSED] - Test Cases/login_admin: Test Cases/login_admin

2023-10-25 14:55:36 - [TEST_STEP][PASSED] - openBrowser(""): Browser is opened with url: ''

2023-10-25 14:55:38 - [MESSAGE][INFO] - Starting 'Chrome' driver

2023-10-25 14:55:39 - [MESSAGE][INFO] - Action delay is set to 0 milliseconds

2023-10-25 14:55:52 - [MESSAGE][PASSED] - Browser is opened with url: ''

2023-10-25 14:55:52 - [TEST_STEP][PASSED] - maximizeWindow(): Current window maximized

2023-10-25 14:55:52 - [MESSAGE][PASSED] - Current window maximized

2023-10-25 14:55:52 - [TEST_STEP][PASSED] - navigateToUrl("https://dms-dev.cloudias79.com/login"): Navigate to 'https://dms-dev.cloudias79.com/login' successfully

2023-10-25 14:56:02 - [MESSAGE][PASSED] - Navigate to 'https://dms-dev.cloudias79.com/login' successfully

2023-10-25 14:56:02 - [TEST_STEP][PASSED] - setText(findTestObject("Object Repository/input_Silakan masuk untuk melanjutkan_r0"), "akunadmin"): Text 'akunadmin' is set on object 'Object Repository/input_Silakan masuk untuk melanjutkan_r0'

2023-10-25 14:56:20 - [MESSAGE][PASSED] - Text 'akunadmin' is set on object 'Object Repository/input_Silakan masuk untuk melanjutkan_r0'

2023-10-25 14:56:20 - [TEST_STEP][PASSED] - setEncryptedText(findTestObject("Object Repository/input__r1"), "fzqqY0qJjYTuJiVJRZh4ag=="): Text ****** has been set on object 'Object Repository/input__r1'

2023-10-25 14:56:31 - [MESSAGE][PASSED] - Text ****** has been set on object 'Object Repository/input__r1'

2023-10-25 14:56:31 - [TEST_STEP][PASSED] - click(findTestObject("Object Repository/button_Login")): Object: 'Object Repository/button_Login' is clicked on

2023-10-25 14:56:41 - [MESSAGE][PASSED] - Object: 'Object Repository/button_Login' is clicked on]]></system-out>
         <system-err><![CDATA[]]></system-err>
      </testcase>
      <testcase name="Test Cases/logout_admin" time="46.975" classname="Test Cases/logout_admin" status="PASSED">
         <system-out><![CDATA[2023-10-25 14:56:41 - [TEST_CASE][PASSED] - Test Cases/logout_admin: Test Cases/logout_admin

2023-10-25 14:56:45 - [TEST_STEP][PASSED] - click(findTestObject("admin/button_icon profile")): Object: 'Object Repository/admin/button_icon profile' is clicked on

2023-10-25 14:57:10 - [MESSAGE][PASSED] - Object: 'Object Repository/admin/button_icon profile' is clicked on

2023-10-25 14:57:10 - [TEST_STEP][PASSED] - delay(3): Delayed 3 second(s)

2023-10-25 14:57:14 - [MESSAGE][PASSED] - Delayed 3 second(s)

2023-10-25 14:57:14 - [TEST_STEP][PASSED] - waitForElementPresent(findTestObject("admin/button_Log Out"), 3): Object 'Object Repository/admin/button_Log Out' is present

2023-10-25 14:57:15 - [MESSAGE][PASSED] - Object 'Object Repository/admin/button_Log Out' is present

2023-10-25 14:57:15 - [TEST_STEP][PASSED] - waitForElementClickable(findTestObject("admin/button_Log Out"), 3): Object 'Object Repository/admin/button_Log Out' is clickable

2023-10-25 14:57:18 - [MESSAGE][PASSED] - Object 'Object Repository/admin/button_Log Out' is clickable

2023-10-25 14:57:18 - [TEST_STEP][PASSED] - click(findTestObject("admin/button_Log Out")): Object: 'Object Repository/admin/button_Log Out' is clicked on

2023-10-25 14:57:28 - [MESSAGE][PASSED] - Object: 'Object Repository/admin/button_Log Out' is clicked on]]></system-out>
         <system-err><![CDATA[]]></system-err>
      </testcase>
      <system-out><![CDATA[2023-10-25 14:55:29 - [TEST_SUITE][PASSED] - Login_Admin: Test Cases/logout_admin]]></system-out>
      <system-err><![CDATA[]]></system-err>
   </testsuite>
</testsuites>
