<?xml version="1.0" encoding="UTF-8"?>
<testsuites name="Admin - Service edit" time="150.923" tests="4" failures="0" errors="0">
   <testsuite name="Admin - Service edit" tests="4" failures="0" errors="0" time="150.923" skipped="0" timestamp="2023-10-27 08:26:21" hostname="THINKPAD - DESKTOP-KQUK8GU" id="Test Suites/Admin - Service edit">
      <properties>
         <property name="deviceName" value=""/>
         <property name="devicePlatform" value=""/>
         <property name="logFolder" value="C:\\Users\\THINKPAD\\git\\katalon-certification\\Reports\\20231027_082525\\Admin - Service edit\\20231027_082531"/>
         <property name="logFiles" value="C:\\Users\\THINKPAD\\git\\katalon-certification\\Reports\\20231027_082525\\Admin - Service edit\\20231027_082531\\execution0.log"/>
         <property name="attachments" value=""/>
         <property name="hostName" value="THINKPAD - DESKTOP-KQUK8GU"/>
         <property name="os" value="Windows 10 64bit"/>
         <property name="katalonVersion" value="8.6.8.208"/>
         <property name="browser" value="Chrome 118.0.0.0"/>
         <property name="hostAddress" value="192.168.0.109"/>
         <property name="sessionId" value="3b6a0fa8a0eb87f11273041395a1df88"/>
         <property name="seleniumVersion" value="3.141.59"/>
         <property name="proxyInformation" value="ProxyInformation { proxyOption=NO_PROXY, proxyServerType=HTTP, username=, password=********, proxyServerAddress=, proxyServerPort=0, executionList=&quot;&quot;, isApplyToDesiredCapabilities=true }"/>
         <property name="platform" value="Windows 10"/>
      </properties>
      <testcase name="Test Cases/login_admin" time="35.728" classname="Test Cases/login_admin" status="PASSED">
         <system-out><![CDATA[2023-10-27 08:26:23 - [TEST_CASE][PASSED] - Test Cases/login_admin: Test Cases/login_admin

2023-10-27 08:26:26 - [TEST_STEP][PASSED] - openBrowser(""): Browser is opened with url: ''

2023-10-27 08:26:29 - [MESSAGE][INFO] - Starting 'Chrome' driver

2023-10-27 08:26:30 - [MESSAGE][INFO] - Action delay is set to 0 milliseconds

2023-10-27 08:26:42 - [MESSAGE][PASSED] - Browser is opened with url: ''

2023-10-27 08:26:42 - [TEST_STEP][PASSED] - maximizeWindow(): Current window maximized

2023-10-27 08:26:43 - [MESSAGE][PASSED] - Current window maximized

2023-10-27 08:26:43 - [TEST_STEP][PASSED] - navigateToUrl("https://dms-dev.cloudias79.com/login"): Navigate to 'https://dms-dev.cloudias79.com/login' successfully

2023-10-27 08:26:48 - [MESSAGE][PASSED] - Navigate to 'https://dms-dev.cloudias79.com/login' successfully

2023-10-27 08:26:48 - [TEST_STEP][PASSED] - setText(findTestObject("Object Repository/input_Silakan masuk untuk melanjutkan_r0"), "akunadmin"): Text 'akunadmin' is set on object 'Object Repository/input_Silakan masuk untuk melanjutkan_r0'

2023-10-27 08:26:52 - [MESSAGE][PASSED] - Text 'akunadmin' is set on object 'Object Repository/input_Silakan masuk untuk melanjutkan_r0'

2023-10-27 08:26:52 - [TEST_STEP][PASSED] - setEncryptedText(findTestObject("Object Repository/input__r1"), "fzqqY0qJjYTuJiVJRZh4ag=="): Text ****** has been set on object 'Object Repository/input__r1'

2023-10-27 08:26:56 - [MESSAGE][PASSED] - Text ****** has been set on object 'Object Repository/input__r1'

2023-10-27 08:26:56 - [TEST_STEP][PASSED] - click(findTestObject("Object Repository/button_Login")): Object: 'Object Repository/button_Login' is clicked on

2023-10-27 08:26:59 - [MESSAGE][PASSED] - Object: 'Object Repository/button_Login' is clicked on]]></system-out>
         <system-err><![CDATA[]]></system-err>
      </testcase>
      <testcase name="Test Cases/admin_service_lihat" time="36.483" classname="Test Cases/admin_service_lihat" status="PASSED">
         <system-out><![CDATA[2023-10-27 08:26:59 - [TEST_CASE][PASSED] - Test Cases/admin_service_lihat: Test Cases/admin_service_lihat

2023-10-27 08:27:01 - [TEST_STEP][PASSED] - callTestCase(findTestCase("login_admin"), [:], STOP_ON_FAILURE): Call Test Case 'Test Cases/login_admin' successfully

2023-10-27 08:27:01 - [TEST_CASE][PASSED] - Test Cases/login_admin: Test Cases/login_admin

2023-10-27 08:27:02 - [TEST_STEP][PASSED] - openBrowser(""): Browser is opened with url: ''

2023-10-27 08:27:02 - [MESSAGE][WARNING] - A browser is already opened. Closing browser and opening a new one

2023-10-27 08:27:09 - [MESSAGE][INFO] - Starting 'Chrome' driver

2023-10-27 08:27:09 - [MESSAGE][INFO] - Action delay is set to 0 milliseconds

2023-10-27 08:27:14 - [MESSAGE][PASSED] - Browser is opened with url: ''

2023-10-27 08:27:14 - [TEST_STEP][PASSED] - maximizeWindow(): Current window maximized

2023-10-27 08:27:14 - [MESSAGE][PASSED] - Current window maximized

2023-10-27 08:27:14 - [TEST_STEP][PASSED] - navigateToUrl("https://dms-dev.cloudias79.com/login"): Navigate to 'https://dms-dev.cloudias79.com/login' successfully

2023-10-27 08:27:19 - [MESSAGE][PASSED] - Navigate to 'https://dms-dev.cloudias79.com/login' successfully

2023-10-27 08:27:19 - [TEST_STEP][PASSED] - setText(findTestObject("Object Repository/input_Silakan masuk untuk melanjutkan_r0"), "akunadmin"): Text 'akunadmin' is set on object 'Object Repository/input_Silakan masuk untuk melanjutkan_r0'

2023-10-27 08:27:21 - [MESSAGE][PASSED] - Text 'akunadmin' is set on object 'Object Repository/input_Silakan masuk untuk melanjutkan_r0'

2023-10-27 08:27:21 - [TEST_STEP][PASSED] - setEncryptedText(findTestObject("Object Repository/input__r1"), "fzqqY0qJjYTuJiVJRZh4ag=="): Text ****** has been set on object 'Object Repository/input__r1'

2023-10-27 08:27:23 - [MESSAGE][PASSED] - Text ****** has been set on object 'Object Repository/input__r1'

2023-10-27 08:27:23 - [TEST_STEP][PASSED] - click(findTestObject("Object Repository/button_Login")): Object: 'Object Repository/button_Login' is clicked on

2023-10-27 08:27:24 - [MESSAGE][PASSED] - Object: 'Object Repository/button_Login' is clicked on

2023-10-27 08:27:24 - [MESSAGE][PASSED] - Call Test Case 'Test Cases/login_admin' successfully

2023-10-27 08:27:24 - [TEST_STEP][PASSED] - click(findTestObject("admin/service/button_Service")): Object: 'Object Repository/admin/service/button_Service' is clicked on

2023-10-27 08:27:33 - [MESSAGE][PASSED] - Object: 'Object Repository/admin/service/button_Service' is clicked on

2023-10-27 08:27:33 - [TEST_STEP][PASSED] - click(findTestObject("admin/service/button_service_edit")): Object: 'Object Repository/admin/service/button_service_edit' is clicked on

2023-10-27 08:27:34 - [MESSAGE][PASSED] - Object: 'Object Repository/admin/service/button_service_edit' is clicked on

2023-10-27 08:27:34 - [TEST_STEP][PASSED] - click(findTestObject("admin/service/button_service_edit_Simpan")): Object: 'Object Repository/admin/service/button_service_edit_Simpan' is clicked on

2023-10-27 08:27:35 - [MESSAGE][PASSED] - Object: 'Object Repository/admin/service/button_service_edit_Simpan' is clicked on]]></system-out>
         <system-err><![CDATA[]]></system-err>
      </testcase>
      <testcase name="Test Cases/admin_service_edit_batal" time="36.58" classname="Test Cases/admin_service_edit_batal" status="PASSED">
         <system-out><![CDATA[2023-10-27 08:27:35 - [TEST_CASE][PASSED] - Test Cases/admin_service_edit_batal: Test Cases/admin_service_edit_batal

2023-10-27 08:27:37 - [TEST_STEP][PASSED] - callTestCase(findTestCase("login_admin"), [:], STOP_ON_FAILURE): Call Test Case 'Test Cases/login_admin' successfully

2023-10-27 08:27:38 - [TEST_CASE][PASSED] - Test Cases/login_admin: Test Cases/login_admin

2023-10-27 08:27:38 - [TEST_STEP][PASSED] - openBrowser(""): Browser is opened with url: ''

2023-10-27 08:27:38 - [MESSAGE][WARNING] - A browser is already opened. Closing browser and opening a new one

2023-10-27 08:27:40 - [MESSAGE][INFO] - Starting 'Chrome' driver

2023-10-27 08:27:40 - [MESSAGE][INFO] - Action delay is set to 0 milliseconds

2023-10-27 08:27:43 - [MESSAGE][PASSED] - Browser is opened with url: ''

2023-10-27 08:27:43 - [TEST_STEP][PASSED] - maximizeWindow(): Current window maximized

2023-10-27 08:27:43 - [MESSAGE][PASSED] - Current window maximized

2023-10-27 08:27:43 - [TEST_STEP][PASSED] - navigateToUrl("https://dms-dev.cloudias79.com/login"): Navigate to 'https://dms-dev.cloudias79.com/login' successfully

2023-10-27 08:27:50 - [MESSAGE][PASSED] - Navigate to 'https://dms-dev.cloudias79.com/login' successfully

2023-10-27 08:27:50 - [TEST_STEP][PASSED] - setText(findTestObject("Object Repository/input_Silakan masuk untuk melanjutkan_r0"), "akunadmin"): Text 'akunadmin' is set on object 'Object Repository/input_Silakan masuk untuk melanjutkan_r0'

2023-10-27 08:27:52 - [MESSAGE][PASSED] - Text 'akunadmin' is set on object 'Object Repository/input_Silakan masuk untuk melanjutkan_r0'

2023-10-27 08:27:52 - [TEST_STEP][PASSED] - setEncryptedText(findTestObject("Object Repository/input__r1"), "fzqqY0qJjYTuJiVJRZh4ag=="): Text ****** has been set on object 'Object Repository/input__r1'

2023-10-27 08:27:54 - [MESSAGE][PASSED] - Text ****** has been set on object 'Object Repository/input__r1'

2023-10-27 08:27:54 - [TEST_STEP][PASSED] - click(findTestObject("Object Repository/button_Login")): Object: 'Object Repository/button_Login' is clicked on

2023-10-27 08:27:54 - [MESSAGE][PASSED] - Object: 'Object Repository/button_Login' is clicked on

2023-10-27 08:27:54 - [MESSAGE][PASSED] - Call Test Case 'Test Cases/login_admin' successfully

2023-10-27 08:27:54 - [TEST_STEP][PASSED] - click(findTestObject("admin/service/button_Service")): Object: 'Object Repository/admin/service/button_Service' is clicked on

2023-10-27 08:28:05 - [MESSAGE][PASSED] - Object: 'Object Repository/admin/service/button_Service' is clicked on

2023-10-27 08:28:05 - [TEST_STEP][PASSED] - click(findTestObject("admin/service/button_service_edit")): Object: 'Object Repository/admin/service/button_service_edit' is clicked on

2023-10-27 08:28:07 - [MESSAGE][PASSED] - Object: 'Object Repository/admin/service/button_service_edit' is clicked on

2023-10-27 08:28:07 - [TEST_STEP][PASSED] - click(findTestObject("admin/service/button_service_edit_Batal")): Object: 'Object Repository/admin/service/button_service_edit_Batal' is clicked on

2023-10-27 08:28:12 - [MESSAGE][PASSED] - Object: 'Object Repository/admin/service/button_service_edit_Batal' is clicked on]]></system-out>
         <system-err><![CDATA[]]></system-err>
      </testcase>
      <testcase name="Test Cases/admin_service_edit_berhasil" time="40.176" classname="Test Cases/admin_service_edit_berhasil" status="PASSED">
         <system-out><![CDATA[2023-10-27 08:28:12 - [TEST_CASE][PASSED] - Test Cases/admin_service_edit_berhasil: Test Cases/admin_service_edit_berhasil

2023-10-27 08:28:15 - [TEST_STEP][PASSED] - callTestCase(findTestCase("login_admin"), [:], STOP_ON_FAILURE): Call Test Case 'Test Cases/login_admin' successfully

2023-10-27 08:28:16 - [TEST_CASE][PASSED] - Test Cases/login_admin: Test Cases/login_admin

2023-10-27 08:28:16 - [TEST_STEP][PASSED] - openBrowser(""): Browser is opened with url: ''

2023-10-27 08:28:16 - [MESSAGE][WARNING] - A browser is already opened. Closing browser and opening a new one

2023-10-27 08:28:19 - [MESSAGE][INFO] - Starting 'Chrome' driver

2023-10-27 08:28:19 - [MESSAGE][INFO] - Action delay is set to 0 milliseconds

2023-10-27 08:28:22 - [MESSAGE][PASSED] - Browser is opened with url: ''

2023-10-27 08:28:22 - [TEST_STEP][PASSED] - maximizeWindow(): Current window maximized

2023-10-27 08:28:22 - [MESSAGE][PASSED] - Current window maximized

2023-10-27 08:28:22 - [TEST_STEP][PASSED] - navigateToUrl("https://dms-dev.cloudias79.com/login"): Navigate to 'https://dms-dev.cloudias79.com/login' successfully

2023-10-27 08:28:36 - [MESSAGE][PASSED] - Navigate to 'https://dms-dev.cloudias79.com/login' successfully

2023-10-27 08:28:36 - [TEST_STEP][PASSED] - setText(findTestObject("Object Repository/input_Silakan masuk untuk melanjutkan_r0"), "akunadmin"): Text 'akunadmin' is set on object 'Object Repository/input_Silakan masuk untuk melanjutkan_r0'

2023-10-27 08:28:39 - [MESSAGE][PASSED] - Text 'akunadmin' is set on object 'Object Repository/input_Silakan masuk untuk melanjutkan_r0'

2023-10-27 08:28:39 - [TEST_STEP][PASSED] - setEncryptedText(findTestObject("Object Repository/input__r1"), "fzqqY0qJjYTuJiVJRZh4ag=="): Text ****** has been set on object 'Object Repository/input__r1'

2023-10-27 08:28:40 - [MESSAGE][PASSED] - Text ****** has been set on object 'Object Repository/input__r1'

2023-10-27 08:28:40 - [TEST_STEP][PASSED] - click(findTestObject("Object Repository/button_Login")): Object: 'Object Repository/button_Login' is clicked on

2023-10-27 08:28:41 - [MESSAGE][PASSED] - Object: 'Object Repository/button_Login' is clicked on

2023-10-27 08:28:41 - [MESSAGE][PASSED] - Call Test Case 'Test Cases/login_admin' successfully

2023-10-27 08:28:41 - [TEST_STEP][PASSED] - click(findTestObject("admin/service/button_Service")): Object: 'Object Repository/admin/service/button_Service' is clicked on

2023-10-27 08:28:50 - [MESSAGE][PASSED] - Object: 'Object Repository/admin/service/button_Service' is clicked on

2023-10-27 08:28:50 - [TEST_STEP][PASSED] - click(findTestObject("admin/service/button_service_edit")): Object: 'Object Repository/admin/service/button_service_edit' is clicked on

2023-10-27 08:28:51 - [MESSAGE][PASSED] - Object: 'Object Repository/admin/service/button_service_edit' is clicked on

2023-10-27 08:28:51 - [TEST_STEP][PASSED] - click(findTestObject("admin/service/button_service_edit_Simpan")): Object: 'Object Repository/admin/service/button_service_edit_Simpan' is clicked on

2023-10-27 08:28:52 - [MESSAGE][PASSED] - Object: 'Object Repository/admin/service/button_service_edit_Simpan' is clicked on]]></system-out>
         <system-err><![CDATA[]]></system-err>
      </testcase>
      <system-out><![CDATA[2023-10-27 08:26:21 - [TEST_SUITE][PASSED] - Admin - Service edit: Test Cases/admin_service_edit_berhasil]]></system-out>
      <system-err><![CDATA[]]></system-err>
   </testsuite>
</testsuites>
