<?xml version="1.0" encoding="UTF-8"?>
<testsuites name="Login" time="146.357" tests="12" failures="0" errors="0">
   <testsuite name="Login_Admin" tests="2" failures="0" errors="0" time="113.904" skipped="0" timestamp="2023-10-26 10:47:22" hostname="THINKPAD - DESKTOP-KQUK8GU" id="Test Suites/Login_Admin">
      <properties>
         <property name="deviceName" value=""/>
         <property name="devicePlatform" value=""/>
         <property name="logFolder" value="C:\\Users\\THINKPAD\\git\\katalon-certification\\Reports\\20231026_104549\\Login_Admin\\20231026_104552"/>
         <property name="logFiles" value="C:\\Users\\THINKPAD\\git\\katalon-certification\\Reports\\20231026_104549\\Login_Admin\\20231026_104552\\execution0.log"/>
         <property name="attachments" value=""/>
         <property name="hostName" value="THINKPAD - DESKTOP-KQUK8GU"/>
         <property name="os" value="Windows 10 64bit"/>
         <property name="katalonVersion" value="8.6.8.208"/>
         <property name="browser" value="Chrome 118.0.0.0"/>
         <property name="hostAddress" value="192.168.0.109"/>
         <property name="sessionId" value="de6b026b5c37f2f6de556006b65574f3"/>
         <property name="seleniumVersion" value="3.141.59"/>
         <property name="proxyInformation" value="ProxyInformation { proxyOption=NO_PROXY, proxyServerType=HTTP, username=, password=********, proxyServerAddress=, proxyServerPort=0, executionList=&quot;&quot;, isApplyToDesiredCapabilities=true }"/>
         <property name="platform" value="Windows 10"/>
      </properties>
      <testcase name="Test Cases/login_admin" time="58.896" classname="Test Cases/login_admin" status="PASSED">
         <system-out><![CDATA[2023-10-26 10:47:25 - [TEST_CASE][PASSED] - Test Cases/login_admin: Test Cases/login_admin

2023-10-26 10:47:29 - [TEST_STEP][PASSED] - openBrowser(""): Browser is opened with url: ''

2023-10-26 10:47:36 - [MESSAGE][INFO] - Starting 'Chrome' driver

2023-10-26 10:47:36 - [MESSAGE][INFO] - Action delay is set to 0 milliseconds

2023-10-26 10:47:57 - [MESSAGE][PASSED] - Browser is opened with url: ''

2023-10-26 10:47:57 - [TEST_STEP][PASSED] - maximizeWindow(): Current window maximized

2023-10-26 10:47:58 - [MESSAGE][PASSED] - Current window maximized

2023-10-26 10:47:58 - [TEST_STEP][PASSED] - navigateToUrl("https://dms-dev.cloudias79.com/login"): Navigate to 'https://dms-dev.cloudias79.com/login' successfully

2023-10-26 10:48:05 - [MESSAGE][PASSED] - Navigate to 'https://dms-dev.cloudias79.com/login' successfully

2023-10-26 10:48:05 - [TEST_STEP][PASSED] - setText(findTestObject("Object Repository/input_Silakan masuk untuk melanjutkan_r0"), "akunadmin"): Text 'akunadmin' is set on object 'Object Repository/input_Silakan masuk untuk melanjutkan_r0'

2023-10-26 10:48:12 - [MESSAGE][PASSED] - Text 'akunadmin' is set on object 'Object Repository/input_Silakan masuk untuk melanjutkan_r0'

2023-10-26 10:48:12 - [TEST_STEP][PASSED] - setEncryptedText(findTestObject("Object Repository/input__r1"), "fzqqY0qJjYTuJiVJRZh4ag=="): Text ****** has been set on object 'Object Repository/input__r1'

2023-10-26 10:48:21 - [MESSAGE][PASSED] - Text ****** has been set on object 'Object Repository/input__r1'

2023-10-26 10:48:21 - [TEST_STEP][PASSED] - click(findTestObject("Object Repository/button_Login")): Object: 'Object Repository/button_Login' is clicked on

2023-10-26 10:48:24 - [MESSAGE][PASSED] - Object: 'Object Repository/button_Login' is clicked on]]></system-out>
         <system-err><![CDATA[]]></system-err>
      </testcase>
      <testcase name="Test Cases/logout_admin" time="51.352" classname="Test Cases/logout_admin" status="PASSED">
         <system-out><![CDATA[2023-10-26 10:48:24 - [TEST_CASE][PASSED] - Test Cases/logout_admin: Test Cases/logout_admin

2023-10-26 10:48:30 - [TEST_STEP][PASSED] - click(findTestObject("admin/button_icon profile")): Object: 'Object Repository/admin/button_icon profile' is clicked on

2023-10-26 10:48:40 - [MESSAGE][PASSED] - Object: 'Object Repository/admin/button_icon profile' is clicked on

2023-10-26 10:48:40 - [TEST_STEP][PASSED] - delay(3): Delayed 3 second(s)

2023-10-26 10:48:43 - [MESSAGE][PASSED] - Delayed 3 second(s)

2023-10-26 10:48:43 - [TEST_STEP][PASSED] - waitForElementPresent(findTestObject("admin/button_Log Out"), 3): Object 'Object Repository/admin/button_Log Out' is present

2023-10-26 10:48:47 - [MESSAGE][PASSED] - Object 'Object Repository/admin/button_Log Out' is present

2023-10-26 10:48:47 - [TEST_STEP][PASSED] - waitForElementClickable(findTestObject("admin/button_Log Out"), 3): Object 'Object Repository/admin/button_Log Out' is clickable

2023-10-26 10:48:49 - [MESSAGE][PASSED] - Object 'Object Repository/admin/button_Log Out' is clickable

2023-10-26 10:48:49 - [TEST_STEP][PASSED] - click(findTestObject("admin/button_Log Out")): Object: 'Object Repository/admin/button_Log Out' is clicked on

2023-10-26 10:49:16 - [MESSAGE][PASSED] - Object: 'Object Repository/admin/button_Log Out' is clicked on]]></system-out>
         <system-err><![CDATA[]]></system-err>
      </testcase>
      <system-out><![CDATA[2023-10-26 10:47:22 - [TEST_SUITE][PASSED] - Login_Admin: Test Cases/logout_admin]]></system-out>
      <system-err><![CDATA[]]></system-err>
   </testsuite>
   <testsuite name="Login_Counterpart" tests="2" failures="0" errors="0" time="103.025" skipped="0" timestamp="2023-10-26 10:47:22" hostname="THINKPAD - DESKTOP-KQUK8GU" id="Test Suites/Login_Counterpart">
      <properties>
         <property name="deviceName" value=""/>
         <property name="devicePlatform" value=""/>
         <property name="logFolder" value="C:\\Users\\THINKPAD\\git\\katalon-certification\\Reports\\20231026_104549\\Login_Counterpart\\20231026_104558"/>
         <property name="logFiles" value="C:\\Users\\THINKPAD\\git\\katalon-certification\\Reports\\20231026_104549\\Login_Counterpart\\20231026_104558\\execution0.log"/>
         <property name="attachments" value=""/>
         <property name="hostName" value="THINKPAD - DESKTOP-KQUK8GU"/>
         <property name="os" value="Windows 10 64bit"/>
         <property name="katalonVersion" value="8.6.8.208"/>
         <property name="browser" value="Chrome 118.0.0.0"/>
         <property name="hostAddress" value="192.168.0.109"/>
         <property name="sessionId" value="6cc61d523423c8e492012d070b35b716"/>
         <property name="seleniumVersion" value="3.141.59"/>
         <property name="proxyInformation" value="ProxyInformation { proxyOption=NO_PROXY, proxyServerType=HTTP, username=, password=********, proxyServerAddress=, proxyServerPort=0, executionList=&quot;&quot;, isApplyToDesiredCapabilities=true }"/>
         <property name="platform" value="Windows 10"/>
      </properties>
      <testcase name="Test Cases/login_counterpart" time="62.034" classname="Test Cases/login_counterpart" status="PASSED">
         <system-out><![CDATA[2023-10-26 10:47:26 - [TEST_CASE][PASSED] - Test Cases/login_counterpart: Test Cases/login_counterpart

2023-10-26 10:47:29 - [TEST_STEP][PASSED] - openBrowser(""): Browser is opened with url: ''

2023-10-26 10:47:35 - [MESSAGE][INFO] - Starting 'Chrome' driver

2023-10-26 10:47:36 - [MESSAGE][INFO] - Action delay is set to 0 milliseconds

2023-10-26 10:48:00 - [MESSAGE][PASSED] - Browser is opened with url: ''

2023-10-26 10:48:00 - [TEST_STEP][PASSED] - maximizeWindow(): Current window maximized

2023-10-26 10:48:01 - [MESSAGE][PASSED] - Current window maximized

2023-10-26 10:48:01 - [TEST_STEP][PASSED] - navigateToUrl("https://dms-dev.cloudias79.com/login"): Navigate to 'https://dms-dev.cloudias79.com/login' successfully

2023-10-26 10:48:07 - [MESSAGE][PASSED] - Navigate to 'https://dms-dev.cloudias79.com/login' successfully

2023-10-26 10:48:07 - [TEST_STEP][PASSED] - setText(findTestObject("Page_DMS_login/input_login_username"), "akuncounterpart"): Text 'akuncounterpart' is set on object 'Object Repository/Page_DMS_login/input_login_username'

2023-10-26 10:48:14 - [MESSAGE][PASSED] - Text 'akuncounterpart' is set on object 'Object Repository/Page_DMS_login/input_login_username'

2023-10-26 10:48:14 - [TEST_STEP][PASSED] - setEncryptedText(findTestObject("Page_DMS_login/input_login_password"), "fzqqY0qJjYTuJiVJRZh4ag=="): Text ****** has been set on object 'Object Repository/Page_DMS_login/input_login_password'

2023-10-26 10:48:22 - [MESSAGE][PASSED] - Text ****** has been set on object 'Object Repository/Page_DMS_login/input_login_password'

2023-10-26 10:48:22 - [TEST_STEP][PASSED] - click(findTestObject("Page_DMS_login/button_Login")): Object: 'Object Repository/Page_DMS_login/button_Login' is clicked on

2023-10-26 10:48:28 - [MESSAGE][PASSED] - Object: 'Object Repository/Page_DMS_login/button_Login' is clicked on]]></system-out>
         <system-err><![CDATA[]]></system-err>
      </testcase>
      <testcase name="Test Cases/logout_admin" time="37.149" classname="Test Cases/logout_admin" status="PASSED">
         <system-out><![CDATA[2023-10-26 10:48:28 - [TEST_CASE][PASSED] - Test Cases/logout_admin: Test Cases/logout_admin

2023-10-26 10:48:34 - [TEST_STEP][PASSED] - click(findTestObject("admin/button_icon profile")): Object: 'Object Repository/admin/button_icon profile' is clicked on

2023-10-26 10:48:44 - [MESSAGE][PASSED] - Object: 'Object Repository/admin/button_icon profile' is clicked on

2023-10-26 10:48:44 - [TEST_STEP][PASSED] - delay(3): Delayed 3 second(s)

2023-10-26 10:48:48 - [MESSAGE][PASSED] - Delayed 3 second(s)

2023-10-26 10:48:48 - [TEST_STEP][PASSED] - waitForElementPresent(findTestObject("admin/button_Log Out"), 3): Object 'Object Repository/admin/button_Log Out' is present

2023-10-26 10:48:49 - [MESSAGE][PASSED] - Object 'Object Repository/admin/button_Log Out' is present

2023-10-26 10:48:49 - [TEST_STEP][PASSED] - waitForElementClickable(findTestObject("admin/button_Log Out"), 3): Object 'Object Repository/admin/button_Log Out' is clickable

2023-10-26 10:48:52 - [MESSAGE][PASSED] - Object 'Object Repository/admin/button_Log Out' is clickable

2023-10-26 10:48:52 - [TEST_STEP][PASSED] - click(findTestObject("admin/button_Log Out")): Object: 'Object Repository/admin/button_Log Out' is clicked on

2023-10-26 10:49:05 - [MESSAGE][PASSED] - Object: 'Object Repository/admin/button_Log Out' is clicked on]]></system-out>
         <system-err><![CDATA[]]></system-err>
      </testcase>
      <system-out><![CDATA[2023-10-26 10:47:22 - [TEST_SUITE][PASSED] - Login_Counterpart: Test Cases/logout_admin]]></system-out>
      <system-err><![CDATA[]]></system-err>
   </testsuite>
   <testsuite name="Login_FinalInspection" tests="2" failures="0" errors="0" time="49.727" skipped="0" timestamp="2023-10-26 10:49:59" hostname="THINKPAD - DESKTOP-KQUK8GU" id="Test Suites/Login_FinalInspection">
      <properties>
         <property name="deviceName" value=""/>
         <property name="devicePlatform" value=""/>
         <property name="logFolder" value="C:\\Users\\THINKPAD\\git\\katalon-certification\\Reports\\20231026_104549\\Login_FinalInspection\\20231026_104635"/>
         <property name="logFiles" value="C:\\Users\\THINKPAD\\git\\katalon-certification\\Reports\\20231026_104549\\Login_FinalInspection\\20231026_104635\\execution0.log"/>
         <property name="attachments" value=""/>
         <property name="hostName" value="THINKPAD - DESKTOP-KQUK8GU"/>
         <property name="os" value="Windows 10 64bit"/>
         <property name="katalonVersion" value="8.6.8.208"/>
         <property name="browser" value="Chrome 118.0.0.0"/>
         <property name="hostAddress" value="192.168.0.109"/>
         <property name="sessionId" value="25b1a10a632bd71d711e89a8a1ac2eca"/>
         <property name="seleniumVersion" value="3.141.59"/>
         <property name="proxyInformation" value="ProxyInformation { proxyOption=NO_PROXY, proxyServerType=HTTP, username=, password=********, proxyServerAddress=, proxyServerPort=0, executionList=&quot;&quot;, isApplyToDesiredCapabilities=true }"/>
         <property name="platform" value="Windows 10"/>
      </properties>
      <testcase name="Test Cases/login_finalinspection" time="28.471" classname="Test Cases/login_finalinspection" status="PASSED">
         <system-out><![CDATA[2023-10-26 10:50:01 - [TEST_CASE][PASSED] - Test Cases/login_finalinspection: Test Cases/login_finalinspection

2023-10-26 10:50:04 - [TEST_STEP][PASSED] - openBrowser(""): Browser is opened with url: ''

2023-10-26 10:50:07 - [MESSAGE][INFO] - Starting 'Chrome' driver

2023-10-26 10:50:07 - [MESSAGE][INFO] - Action delay is set to 0 milliseconds

2023-10-26 10:50:16 - [MESSAGE][PASSED] - Browser is opened with url: ''

2023-10-26 10:50:16 - [TEST_STEP][PASSED] - maximizeWindow(): Current window maximized

2023-10-26 10:50:17 - [MESSAGE][PASSED] - Current window maximized

2023-10-26 10:50:17 - [TEST_STEP][PASSED] - navigateToUrl("https://dms-dev.cloudias79.com/login"): Navigate to 'https://dms-dev.cloudias79.com/login' successfully

2023-10-26 10:50:21 - [MESSAGE][PASSED] - Navigate to 'https://dms-dev.cloudias79.com/login' successfully

2023-10-26 10:50:21 - [TEST_STEP][PASSED] - setText(findTestObject("Page_DMS_login/input_login_username"), "akunfinalinspection"): Text 'akunfinalinspection' is set on object 'Object Repository/Page_DMS_login/input_login_username'

2023-10-26 10:50:26 - [MESSAGE][PASSED] - Text 'akunfinalinspection' is set on object 'Object Repository/Page_DMS_login/input_login_username'

2023-10-26 10:50:26 - [TEST_STEP][PASSED] - setEncryptedText(findTestObject("Page_DMS_login/input_login_password"), "fzqqY0qJjYTuJiVJRZh4ag=="): Text ****** has been set on object 'Object Repository/Page_DMS_login/input_login_password'

2023-10-26 10:50:28 - [MESSAGE][PASSED] - Text ****** has been set on object 'Object Repository/Page_DMS_login/input_login_password'

2023-10-26 10:50:28 - [TEST_STEP][PASSED] - click(findTestObject("Page_DMS_login/button_Login")): Object: 'Object Repository/Page_DMS_login/button_Login' is clicked on

2023-10-26 10:50:30 - [MESSAGE][PASSED] - Object: 'Object Repository/Page_DMS_login/button_Login' is clicked on]]></system-out>
         <system-err><![CDATA[]]></system-err>
      </testcase>
      <testcase name="Test Cases/logout_admin" time="19.079" classname="Test Cases/logout_admin" status="PASSED">
         <system-out><![CDATA[2023-10-26 10:50:30 - [TEST_CASE][PASSED] - Test Cases/logout_admin: Test Cases/logout_admin

2023-10-26 10:50:33 - [TEST_STEP][PASSED] - click(findTestObject("admin/button_icon profile")): Object: 'Object Repository/admin/button_icon profile' is clicked on

2023-10-26 10:50:38 - [MESSAGE][PASSED] - Object: 'Object Repository/admin/button_icon profile' is clicked on

2023-10-26 10:50:38 - [TEST_STEP][PASSED] - delay(3): Delayed 3 second(s)

2023-10-26 10:50:41 - [MESSAGE][PASSED] - Delayed 3 second(s)

2023-10-26 10:50:41 - [TEST_STEP][PASSED] - waitForElementPresent(findTestObject("admin/button_Log Out"), 3): Object 'Object Repository/admin/button_Log Out' is present

2023-10-26 10:50:43 - [MESSAGE][PASSED] - Object 'Object Repository/admin/button_Log Out' is present

2023-10-26 10:50:43 - [TEST_STEP][PASSED] - waitForElementClickable(findTestObject("admin/button_Log Out"), 3): Object 'Object Repository/admin/button_Log Out' is clickable

2023-10-26 10:50:46 - [MESSAGE][PASSED] - Object 'Object Repository/admin/button_Log Out' is clickable

2023-10-26 10:50:46 - [TEST_STEP][PASSED] - click(findTestObject("admin/button_Log Out")): Object: 'Object Repository/admin/button_Log Out' is clicked on

2023-10-26 10:50:49 - [MESSAGE][PASSED] - Object: 'Object Repository/admin/button_Log Out' is clicked on]]></system-out>
         <system-err><![CDATA[]]></system-err>
      </testcase>
      <system-out><![CDATA[2023-10-26 10:49:59 - [TEST_SUITE][PASSED] - Login_FinalInspection: Test Cases/logout_admin]]></system-out>
      <system-err><![CDATA[]]></system-err>
   </testsuite>
   <testsuite name="Login_Mekanik" tests="2" failures="0" errors="0" time="105.128" skipped="0" timestamp="2023-10-26 10:48:05" hostname="THINKPAD - DESKTOP-KQUK8GU" id="Test Suites/Login_Mekanik">
      <properties>
         <property name="deviceName" value=""/>
         <property name="devicePlatform" value=""/>
         <property name="logFolder" value="C:\\Users\\THINKPAD\\git\\katalon-certification\\Reports\\20231026_104549\\Login_Mekanik\\20231026_104639"/>
         <property name="logFiles" value="C:\\Users\\THINKPAD\\git\\katalon-certification\\Reports\\20231026_104549\\Login_Mekanik\\20231026_104639\\execution0.log"/>
         <property name="attachments" value=""/>
         <property name="hostName" value="THINKPAD - DESKTOP-KQUK8GU"/>
         <property name="os" value="Windows 10 64bit"/>
         <property name="katalonVersion" value="8.6.8.208"/>
         <property name="browser" value="Chrome 118.0.0.0"/>
         <property name="hostAddress" value="192.168.0.109"/>
         <property name="sessionId" value="377403be28cca82c207646519c7ae792"/>
         <property name="seleniumVersion" value="3.141.59"/>
         <property name="proxyInformation" value="ProxyInformation { proxyOption=NO_PROXY, proxyServerType=HTTP, username=, password=********, proxyServerAddress=, proxyServerPort=0, executionList=&quot;&quot;, isApplyToDesiredCapabilities=true }"/>
         <property name="platform" value="Windows 10"/>
      </properties>
      <testcase name="Test Cases/login_mekanik" time="49.811" classname="Test Cases/login_mekanik" status="PASSED">
         <system-out><![CDATA[2023-10-26 10:48:09 - [TEST_CASE][PASSED] - Test Cases/login_mekanik: Test Cases/login_mekanik

2023-10-26 10:48:13 - [TEST_STEP][PASSED] - openBrowser(""): Browser is opened with url: ''

2023-10-26 10:48:16 - [MESSAGE][INFO] - Starting 'Chrome' driver

2023-10-26 10:48:17 - [MESSAGE][INFO] - Action delay is set to 0 milliseconds

2023-10-26 10:48:31 - [MESSAGE][PASSED] - Browser is opened with url: ''

2023-10-26 10:48:31 - [TEST_STEP][PASSED] - maximizeWindow(): Current window maximized

2023-10-26 10:48:31 - [MESSAGE][PASSED] - Current window maximized

2023-10-26 10:48:31 - [TEST_STEP][PASSED] - navigateToUrl("https://dms-dev.cloudias79.com/login"): Navigate to 'https://dms-dev.cloudias79.com/login' successfully

2023-10-26 10:48:40 - [MESSAGE][PASSED] - Navigate to 'https://dms-dev.cloudias79.com/login' successfully

2023-10-26 10:48:40 - [TEST_STEP][PASSED] - setText(findTestObject("Page_DMS_login/input_login_username"), "akunmekanik"): Text 'akunmekanik' is set on object 'Object Repository/Page_DMS_login/input_login_username'

2023-10-26 10:48:49 - [MESSAGE][PASSED] - Text 'akunmekanik' is set on object 'Object Repository/Page_DMS_login/input_login_username'

2023-10-26 10:48:49 - [TEST_STEP][PASSED] - setEncryptedText(findTestObject("Page_DMS_login/input_login_password"), "fzqqY0qJjYTuJiVJRZh4ag=="): Text ****** has been set on object 'Object Repository/Page_DMS_login/input_login_password'

2023-10-26 10:48:54 - [MESSAGE][PASSED] - Text ****** has been set on object 'Object Repository/Page_DMS_login/input_login_password'

2023-10-26 10:48:54 - [TEST_STEP][PASSED] - click(findTestObject("Page_DMS_login/button_Login")): Object: 'Object Repository/Page_DMS_login/button_Login' is clicked on

2023-10-26 10:48:59 - [MESSAGE][PASSED] - Object: 'Object Repository/Page_DMS_login/button_Login' is clicked on]]></system-out>
         <system-err><![CDATA[]]></system-err>
      </testcase>
      <testcase name="Test Cases/logout_admin" time="51.155" classname="Test Cases/logout_admin" status="PASSED">
         <system-out><![CDATA[2023-10-26 10:48:59 - [TEST_CASE][PASSED] - Test Cases/logout_admin: Test Cases/logout_admin

2023-10-26 10:49:04 - [TEST_STEP][PASSED] - click(findTestObject("admin/button_icon profile")): Object: 'Object Repository/admin/button_icon profile' is clicked on

2023-10-26 10:49:15 - [MESSAGE][PASSED] - Object: 'Object Repository/admin/button_icon profile' is clicked on

2023-10-26 10:49:15 - [TEST_STEP][PASSED] - delay(3): Delayed 3 second(s)

2023-10-26 10:49:18 - [MESSAGE][PASSED] - Delayed 3 second(s)

2023-10-26 10:49:18 - [TEST_STEP][PASSED] - waitForElementPresent(findTestObject("admin/button_Log Out"), 3): Object 'Object Repository/admin/button_Log Out' is present

2023-10-26 10:49:45 - [MESSAGE][PASSED] - Object 'Object Repository/admin/button_Log Out' is present

2023-10-26 10:49:45 - [TEST_STEP][PASSED] - waitForElementClickable(findTestObject("admin/button_Log Out"), 3): Object 'Object Repository/admin/button_Log Out' is clickable

2023-10-26 10:49:47 - [MESSAGE][PASSED] - Object 'Object Repository/admin/button_Log Out' is clickable

2023-10-26 10:49:47 - [TEST_STEP][PASSED] - click(findTestObject("admin/button_Log Out")): Object: 'Object Repository/admin/button_Log Out' is clicked on

2023-10-26 10:49:50 - [MESSAGE][PASSED] - Object: 'Object Repository/admin/button_Log Out' is clicked on]]></system-out>
         <system-err><![CDATA[]]></system-err>
      </testcase>
      <system-out><![CDATA[2023-10-26 10:48:05 - [TEST_SUITE][PASSED] - Login_Mekanik: Test Cases/logout_admin]]></system-out>
      <system-err><![CDATA[]]></system-err>
   </testsuite>
   <testsuite name="Login_KetuaBengkel" tests="2" failures="0" errors="0" time="85.942" skipped="0" timestamp="2023-10-26 10:48:09" hostname="THINKPAD - DESKTOP-KQUK8GU" id="Test Suites/Login_KetuaBengkel">
      <properties>
         <property name="deviceName" value=""/>
         <property name="devicePlatform" value=""/>
         <property name="logFolder" value="C:\\Users\\THINKPAD\\git\\katalon-certification\\Reports\\20231026_104549\\Login_KetuaBengkel\\20231026_104645"/>
         <property name="logFiles" value="C:\\Users\\THINKPAD\\git\\katalon-certification\\Reports\\20231026_104549\\Login_KetuaBengkel\\20231026_104645\\execution0.log"/>
         <property name="attachments" value=""/>
         <property name="hostName" value="THINKPAD - DESKTOP-KQUK8GU"/>
         <property name="os" value="Windows 10 64bit"/>
         <property name="katalonVersion" value="8.6.8.208"/>
         <property name="browser" value="Chrome 118.0.0.0"/>
         <property name="hostAddress" value="192.168.0.109"/>
         <property name="sessionId" value="52c429d816241d0ef5569c861df11750"/>
         <property name="seleniumVersion" value="3.141.59"/>
         <property name="proxyInformation" value="ProxyInformation { proxyOption=NO_PROXY, proxyServerType=HTTP, username=, password=********, proxyServerAddress=, proxyServerPort=0, executionList=&quot;&quot;, isApplyToDesiredCapabilities=true }"/>
         <property name="platform" value="Windows 10"/>
      </properties>
      <testcase name="Test Cases/login_ketuabengkel" time="51.53" classname="Test Cases/login_ketuabengkel" status="PASSED">
         <system-out><![CDATA[2023-10-26 10:48:11 - [TEST_CASE][PASSED] - Test Cases/login_ketuabengkel: Test Cases/login_ketuabengkel

2023-10-26 10:48:16 - [TEST_STEP][PASSED] - openBrowser(""): Browser is opened with url: ''

2023-10-26 10:48:20 - [MESSAGE][INFO] - Starting 'Chrome' driver

2023-10-26 10:48:20 - [MESSAGE][INFO] - Action delay is set to 0 milliseconds

2023-10-26 10:48:37 - [MESSAGE][PASSED] - Browser is opened with url: ''

2023-10-26 10:48:37 - [TEST_STEP][PASSED] - maximizeWindow(): Current window maximized

2023-10-26 10:48:37 - [MESSAGE][PASSED] - Current window maximized

2023-10-26 10:48:37 - [TEST_STEP][PASSED] - navigateToUrl("https://dms-dev.cloudias79.com/login"): Navigate to 'https://dms-dev.cloudias79.com/login' successfully

2023-10-26 10:48:45 - [MESSAGE][PASSED] - Navigate to 'https://dms-dev.cloudias79.com/login' successfully

2023-10-26 10:48:45 - [TEST_STEP][PASSED] - setText(findTestObject("Page_DMS_login/input_login_username"), "ketuabengkel"): Text 'ketuabengkel' is set on object 'Object Repository/Page_DMS_login/input_login_username'

2023-10-26 10:48:51 - [MESSAGE][PASSED] - Text 'ketuabengkel' is set on object 'Object Repository/Page_DMS_login/input_login_username'

2023-10-26 10:48:51 - [TEST_STEP][PASSED] - setEncryptedText(findTestObject("Page_DMS_login/input_login_password"), "fzqqY0qJjYTuJiVJRZh4ag=="): Text ****** has been set on object 'Object Repository/Page_DMS_login/input_login_password'

2023-10-26 10:48:58 - [MESSAGE][PASSED] - Text ****** has been set on object 'Object Repository/Page_DMS_login/input_login_password'

2023-10-26 10:48:58 - [TEST_STEP][PASSED] - click(findTestObject("Page_DMS_login/button_Login")): Object: 'Object Repository/Page_DMS_login/button_Login' is clicked on

2023-10-26 10:49:03 - [MESSAGE][PASSED] - Object: 'Object Repository/Page_DMS_login/button_Login' is clicked on]]></system-out>
         <system-err><![CDATA[]]></system-err>
      </testcase>
      <testcase name="Test Cases/logout_admin" time="32.119" classname="Test Cases/logout_admin" status="PASSED">
         <system-out><![CDATA[2023-10-26 10:49:03 - [TEST_CASE][PASSED] - Test Cases/logout_admin: Test Cases/logout_admin

2023-10-26 10:49:09 - [TEST_STEP][PASSED] - click(findTestObject("admin/button_icon profile")): Object: 'Object Repository/admin/button_icon profile' is clicked on

2023-10-26 10:49:18 - [MESSAGE][PASSED] - Object: 'Object Repository/admin/button_icon profile' is clicked on

2023-10-26 10:49:18 - [TEST_STEP][PASSED] - delay(3): Delayed 3 second(s)

2023-10-26 10:49:22 - [MESSAGE][PASSED] - Delayed 3 second(s)

2023-10-26 10:49:22 - [TEST_STEP][PASSED] - waitForElementPresent(findTestObject("admin/button_Log Out"), 3): Object 'Object Repository/admin/button_Log Out' is present

2023-10-26 10:49:27 - [MESSAGE][PASSED] - Object 'Object Repository/admin/button_Log Out' is present

2023-10-26 10:49:27 - [TEST_STEP][PASSED] - waitForElementClickable(findTestObject("admin/button_Log Out"), 3): Object 'Object Repository/admin/button_Log Out' is clickable

2023-10-26 10:49:29 - [MESSAGE][PASSED] - Object 'Object Repository/admin/button_Log Out' is clickable

2023-10-26 10:49:29 - [TEST_STEP][PASSED] - click(findTestObject("admin/button_Log Out")): Object: 'Object Repository/admin/button_Log Out' is clicked on

2023-10-26 10:49:35 - [MESSAGE][PASSED] - Object: 'Object Repository/admin/button_Log Out' is clicked on]]></system-out>
         <system-err><![CDATA[]]></system-err>
      </testcase>
      <system-out><![CDATA[2023-10-26 10:48:09 - [TEST_SUITE][PASSED] - Login_KetuaBengkel: Test Cases/logout_admin]]></system-out>
      <system-err><![CDATA[]]></system-err>
   </testsuite>
   <testsuite name="Login_ServiceAdvisor" tests="2" failures="0" errors="0" time="63.218" skipped="0" timestamp="2023-10-26 10:49:06" hostname="THINKPAD - DESKTOP-KQUK8GU" id="Test Suites/Login_ServiceAdvisor">
      <properties>
         <property name="deviceName" value=""/>
         <property name="devicePlatform" value=""/>
         <property name="logFolder" value="C:\\Users\\THINKPAD\\git\\katalon-certification\\Reports\\20231026_104549\\Login_ServiceAdvisor\\20231026_104653"/>
         <property name="logFiles" value="C:\\Users\\THINKPAD\\git\\katalon-certification\\Reports\\20231026_104549\\Login_ServiceAdvisor\\20231026_104653\\execution0.log"/>
         <property name="attachments" value=""/>
         <property name="hostName" value="THINKPAD - DESKTOP-KQUK8GU"/>
         <property name="os" value="Windows 10 64bit"/>
         <property name="katalonVersion" value="8.6.8.208"/>
         <property name="browser" value="Chrome 118.0.0.0"/>
         <property name="hostAddress" value="192.168.0.109"/>
         <property name="sessionId" value="ef312fc434a7a7ca6cccf00922b93ae7"/>
         <property name="seleniumVersion" value="3.141.59"/>
         <property name="proxyInformation" value="ProxyInformation { proxyOption=NO_PROXY, proxyServerType=HTTP, username=, password=********, proxyServerAddress=, proxyServerPort=0, executionList=&quot;&quot;, isApplyToDesiredCapabilities=true }"/>
         <property name="platform" value="Windows 10"/>
      </properties>
      <testcase name="Test Cases/login_serviceadvisor" time="36.68" classname="Test Cases/login_serviceadvisor" status="PASSED">
         <system-out><![CDATA[2023-10-26 10:49:12 - [TEST_CASE][PASSED] - Test Cases/login_serviceadvisor: Test Cases/login_serviceadvisor

2023-10-26 10:49:21 - [TEST_STEP][PASSED] - openBrowser(""): Browser is opened with url: ''

2023-10-26 10:49:26 - [MESSAGE][INFO] - Starting 'Chrome' driver

2023-10-26 10:49:27 - [MESSAGE][INFO] - Action delay is set to 0 milliseconds

2023-10-26 10:49:37 - [MESSAGE][PASSED] - Browser is opened with url: ''

2023-10-26 10:49:37 - [TEST_STEP][PASSED] - maximizeWindow(): Current window maximized

2023-10-26 10:49:38 - [MESSAGE][PASSED] - Current window maximized

2023-10-26 10:49:38 - [TEST_STEP][PASSED] - navigateToUrl("https://dms-dev.cloudias79.com/login"): Navigate to 'https://dms-dev.cloudias79.com/login' successfully

2023-10-26 10:49:42 - [MESSAGE][PASSED] - Navigate to 'https://dms-dev.cloudias79.com/login' successfully

2023-10-26 10:49:42 - [TEST_STEP][PASSED] - setText(findTestObject("Page_DMS_login/input_login_username"), "akunserviceadvisor"): Text 'akunserviceadvisor' is set on object 'Object Repository/Page_DMS_login/input_login_username'

2023-10-26 10:49:45 - [MESSAGE][PASSED] - Text 'akunserviceadvisor' is set on object 'Object Repository/Page_DMS_login/input_login_username'

2023-10-26 10:49:45 - [TEST_STEP][PASSED] - setEncryptedText(findTestObject("Page_DMS_login/input_login_password"), "fzqqY0qJjYTuJiVJRZh4ag=="): Text ****** has been set on object 'Object Repository/Page_DMS_login/input_login_password'

2023-10-26 10:49:47 - [MESSAGE][PASSED] - Text ****** has been set on object 'Object Repository/Page_DMS_login/input_login_password'

2023-10-26 10:49:47 - [TEST_STEP][PASSED] - click(findTestObject("Page_DMS_login/button_Login")): Object: 'Object Repository/Page_DMS_login/button_Login' is clicked on

2023-10-26 10:49:48 - [MESSAGE][PASSED] - Object: 'Object Repository/Page_DMS_login/button_Login' is clicked on]]></system-out>
         <system-err><![CDATA[]]></system-err>
      </testcase>
      <testcase name="Test Cases/logout_admin" time="21.042" classname="Test Cases/logout_admin" status="PASSED">
         <system-out><![CDATA[2023-10-26 10:49:48 - [TEST_CASE][PASSED] - Test Cases/logout_admin: Test Cases/logout_admin

2023-10-26 10:49:52 - [TEST_STEP][PASSED] - click(findTestObject("admin/button_icon profile")): Object: 'Object Repository/admin/button_icon profile' is clicked on

2023-10-26 10:49:57 - [MESSAGE][PASSED] - Object: 'Object Repository/admin/button_icon profile' is clicked on

2023-10-26 10:49:57 - [TEST_STEP][PASSED] - delay(3): Delayed 3 second(s)

2023-10-26 10:50:00 - [MESSAGE][PASSED] - Delayed 3 second(s)

2023-10-26 10:50:00 - [TEST_STEP][PASSED] - waitForElementPresent(findTestObject("admin/button_Log Out"), 3): Object 'Object Repository/admin/button_Log Out' is present

2023-10-26 10:50:02 - [MESSAGE][PASSED] - Object 'Object Repository/admin/button_Log Out' is present

2023-10-26 10:50:02 - [TEST_STEP][PASSED] - waitForElementClickable(findTestObject("admin/button_Log Out"), 3): Object 'Object Repository/admin/button_Log Out' is clickable

2023-10-26 10:50:04 - [MESSAGE][PASSED] - Object 'Object Repository/admin/button_Log Out' is clickable

2023-10-26 10:50:04 - [TEST_STEP][PASSED] - click(findTestObject("admin/button_Log Out")): Object: 'Object Repository/admin/button_Log Out' is clicked on

2023-10-26 10:50:09 - [MESSAGE][PASSED] - Object: 'Object Repository/admin/button_Log Out' is clicked on]]></system-out>
         <system-err><![CDATA[]]></system-err>
      </testcase>
      <system-out><![CDATA[2023-10-26 10:49:06 - [TEST_SUITE][PASSED] - Login_ServiceAdvisor: Test Cases/logout_admin]]></system-out>
      <system-err><![CDATA[]]></system-err>
   </testsuite>
</testsuites>
