<?xml version="1.0" encoding="UTF-8"?>
<testsuites name="Warna Kendaraan" time="573.05" tests="7" failures="0" errors="0">
   <testsuite name="Warna Kendaraan" tests="7" failures="0" errors="0" time="573.05" skipped="0" timestamp="2023-10-26 10:07:21" hostname="THINKPAD - DESKTOP-KQUK8GU" id="Test Suites/Warna Kendaraan">
      <properties>
         <property name="deviceName" value=""/>
         <property name="devicePlatform" value=""/>
         <property name="logFolder" value="C:\\Users\\THINKPAD\\git\\katalon-certification\\Reports\\20231026_100552\\Warna Kendaraan\\20231026_100603"/>
         <property name="logFiles" value="C:\\Users\\THINKPAD\\git\\katalon-certification\\Reports\\20231026_100552\\Warna Kendaraan\\20231026_100603\\execution0.log"/>
         <property name="attachments" value=""/>
         <property name="hostName" value="THINKPAD - DESKTOP-KQUK8GU"/>
         <property name="os" value="Windows 10 64bit"/>
         <property name="katalonVersion" value="8.6.8.208"/>
         <property name="browser" value="Chrome 118.0.0.0"/>
         <property name="hostAddress" value="192.168.0.109"/>
         <property name="sessionId" value="85c92b113fee3465b01c280e88ab149d"/>
         <property name="seleniumVersion" value="3.141.59"/>
         <property name="proxyInformation" value="ProxyInformation { proxyOption=NO_PROXY, proxyServerType=HTTP, username=, password=********, proxyServerAddress=, proxyServerPort=0, executionList=&quot;&quot;, isApplyToDesiredCapabilities=true }"/>
         <property name="platform" value="Windows 10"/>
      </properties>
      <testcase name="Test Cases/login_admin" time="60.853" classname="Test Cases/login_admin" status="PASSED">
         <system-out><![CDATA[2023-10-26 10:07:24 - [TEST_CASE][PASSED] - Test Cases/login_admin: Test Cases/login_admin

2023-10-26 10:07:30 - [TEST_STEP][PASSED] - openBrowser(""): Browser is opened with url: ''

2023-10-26 10:07:38 - [MESSAGE][INFO] - Starting 'Chrome' driver

2023-10-26 10:07:42 - [MESSAGE][INFO] - Action delay is set to 0 milliseconds

2023-10-26 10:08:08 - [MESSAGE][PASSED] - Browser is opened with url: ''

2023-10-26 10:08:08 - [TEST_STEP][PASSED] - maximizeWindow(): Current window maximized

2023-10-26 10:08:09 - [MESSAGE][PASSED] - Current window maximized

2023-10-26 10:08:09 - [TEST_STEP][PASSED] - navigateToUrl("https://dms-dev.cloudias79.com/login"): Navigate to 'https://dms-dev.cloudias79.com/login' successfully

2023-10-26 10:08:14 - [MESSAGE][PASSED] - Navigate to 'https://dms-dev.cloudias79.com/login' successfully

2023-10-26 10:08:14 - [TEST_STEP][PASSED] - setText(findTestObject("Object Repository/input_Silakan masuk untuk melanjutkan_r0"), "akunadmin"): Text 'akunadmin' is set on object 'Object Repository/input_Silakan masuk untuk melanjutkan_r0'

2023-10-26 10:08:19 - [MESSAGE][PASSED] - Text 'akunadmin' is set on object 'Object Repository/input_Silakan masuk untuk melanjutkan_r0'

2023-10-26 10:08:19 - [TEST_STEP][PASSED] - setEncryptedText(findTestObject("Object Repository/input__r1"), "fzqqY0qJjYTuJiVJRZh4ag=="): Text ****** has been set on object 'Object Repository/input__r1'

2023-10-26 10:08:21 - [MESSAGE][PASSED] - Text ****** has been set on object 'Object Repository/input__r1'

2023-10-26 10:08:21 - [TEST_STEP][PASSED] - click(findTestObject("Object Repository/button_Login")): Object: 'Object Repository/button_Login' is clicked on

2023-10-26 10:08:25 - [MESSAGE][PASSED] - Object: 'Object Repository/button_Login' is clicked on]]></system-out>
         <system-err><![CDATA[]]></system-err>
      </testcase>
      <testcase name="Test Cases/admin_lihat_daftar_warna" time="24.118" classname="Test Cases/admin_lihat_daftar_warna" status="PASSED">
         <system-out><![CDATA[2023-10-26 10:08:25 - [TEST_CASE][PASSED] - Test Cases/admin_lihat_daftar_warna: Test Cases/admin_lihat_daftar_warna

2023-10-26 10:08:29 - [TEST_STEP][PASSED] - click(findTestObject("admin/kendaraan/daftar warna kendaraan/button_Daftar Warna Kendaraan")): Object: 'Object Repository/admin/kendaraan/daftar warna kendaraan/button_Daftar Warna Kendaraan' is clicked on

2023-10-26 10:08:49 - [MESSAGE][PASSED] - Object: 'Object Repository/admin/kendaraan/daftar warna kendaraan/button_Daftar Warna Kendaraan' is clicked on]]></system-out>
         <system-err><![CDATA[]]></system-err>
      </testcase>
      <testcase name="Test Cases/admin_search_warna" time="25.59" classname="Test Cases/admin_search_warna" status="PASSED">
         <system-out><![CDATA[2023-10-26 10:08:49 - [TEST_CASE][PASSED] - Test Cases/admin_search_warna: Test Cases/admin_search_warna

2023-10-26 10:08:56 - [TEST_STEP][PASSED] - click(findTestObject("admin/kendaraan/daftar warna kendaraan/button_Daftar Warna Kendaraan")): Object: 'Object Repository/admin/kendaraan/daftar warna kendaraan/button_Daftar Warna Kendaraan' is clicked on

2023-10-26 10:09:02 - [MESSAGE][PASSED] - Object: 'Object Repository/admin/kendaraan/daftar warna kendaraan/button_Daftar Warna Kendaraan' is clicked on

2023-10-26 10:09:02 - [TEST_STEP][PASSED] - click(findTestObject("admin/kendaraan/daftar warna kendaraan/input_search Daftar Dealer Kendaraan")): Object: 'Object Repository/admin/kendaraan/daftar warna kendaraan/input_search Daftar Dealer Kendaraan' is clicked on

2023-10-26 10:09:06 - [MESSAGE][PASSED] - Object: 'Object Repository/admin/kendaraan/daftar warna kendaraan/input_search Daftar Dealer Kendaraan' is clicked on

2023-10-26 10:09:06 - [TEST_STEP][PASSED] - setText(findTestObject("admin/kendaraan/daftar warna kendaraan/input_search Daftar Dealer Kendaraan"), "h"): Text 'h' is set on object 'Object Repository/admin/kendaraan/daftar warna kendaraan/input_search Daftar Dealer Kendaraan'

2023-10-26 10:09:15 - [MESSAGE][PASSED] - Text 'h' is set on object 'Object Repository/admin/kendaraan/daftar warna kendaraan/input_search Daftar Dealer Kendaraan']]></system-out>
         <system-err><![CDATA[]]></system-err>
      </testcase>
      <testcase name="Test Cases/admin_tambah_warna" time="240.271" classname="Test Cases/admin_tambah_warna" status="PASSED">
         <system-out><![CDATA[2023-10-26 10:09:15 - [TEST_CASE][PASSED] - Test Cases/admin_tambah_warna: Test Cases/admin_tambah_warna

2023-10-26 10:09:20 - [TEST_STEP][PASSED] - click(findTestObject("admin/kendaraan/daftar warna kendaraan/button_Daftar Warna Kendaraan")): Object: 'Object Repository/admin/kendaraan/daftar warna kendaraan/button_Daftar Warna Kendaraan' is clicked on

2023-10-26 10:09:24 - [MESSAGE][PASSED] - Object: 'Object Repository/admin/kendaraan/daftar warna kendaraan/button_Daftar Warna Kendaraan' is clicked on

2023-10-26 10:09:24 - [TEST_STEP][PASSED] - click(findTestObject("admin/kendaraan/daftar warna kendaraan/button_Tambah Warna Kendaraan")): Object: 'Object Repository/admin/kendaraan/daftar warna kendaraan/button_Tambah Warna Kendaraan' is clicked on

2023-10-26 10:09:26 - [MESSAGE][PASSED] - Object: 'Object Repository/admin/kendaraan/daftar warna kendaraan/button_Tambah Warna Kendaraan' is clicked on

2023-10-26 10:09:26 - [TEST_STEP][PASSED] - click(findTestObject("admin/kendaraan/daftar warna kendaraan/input_Tambah Warna Kendaraan_Kode Warna")): Object: 'Object Repository/admin/kendaraan/daftar warna kendaraan/input_Tambah Warna Kendaraan_Kode Warna' is clicked on

2023-10-26 10:09:59 - [MESSAGE][INFO] - Unable to find the element located by 'By.xpath: //input[@id=':rh:']'. Please recheck the objects properties to make sure the desired element is located. 

2023-10-26 10:09:59 - [MESSAGE][WARNING] - [SELF-HEALING] Failed to find element with id 'Object Repository/admin/kendaraan/daftar warna kendaraan/input_Tambah Warna Kendaraan_Kode Warna'. Try using Self-healing.

2023-10-26 10:10:01 - [MESSAGE][WARNING] - [SELF-HEALING] The current locator of test object 'Object Repository/admin/kendaraan/daftar warna kendaraan/input_Tambah Warna Kendaraan_Kode Warna' was broken. Propose an alternative one: '//div[3]/div/div/div/div/input'.

2023-10-26 10:10:02 - [MESSAGE][PASSED] - Object: 'Object Repository/admin/kendaraan/daftar warna kendaraan/input_Tambah Warna Kendaraan_Kode Warna' is clicked on

2023-10-26 10:10:02 - [TEST_STEP][PASSED] - setText(findTestObject("admin/kendaraan/daftar warna kendaraan/input_Tambah Warna Kendaraan_Kode Warna"), "AQ"): Text 'AQ' is set on object 'Object Repository/admin/kendaraan/daftar warna kendaraan/input_Tambah Warna Kendaraan_Kode Warna'

2023-10-26 10:10:34 - [MESSAGE][INFO] - Unable to find the element located by 'By.xpath: //input[@id=':rh:']'. Please recheck the objects properties to make sure the desired element is located. 

2023-10-26 10:10:34 - [MESSAGE][WARNING] - [SELF-HEALING] Failed to find element with id 'Object Repository/admin/kendaraan/daftar warna kendaraan/input_Tambah Warna Kendaraan_Kode Warna'. Try using Self-healing.

2023-10-26 10:10:34 - [MESSAGE][WARNING] - [SELF-HEALING] The current locator of test object 'Object Repository/admin/kendaraan/daftar warna kendaraan/input_Tambah Warna Kendaraan_Kode Warna' was broken. Propose an alternative one: '//div[3]/div/div/div/div/input'.

2023-10-26 10:11:06 - [MESSAGE][INFO] - Unable to find the element located by 'By.xpath: //input[@id=':rh:']'. Please recheck the objects properties to make sure the desired element is located. 

2023-10-26 10:11:06 - [MESSAGE][WARNING] - [SELF-HEALING] Failed to find element with id 'Object Repository/admin/kendaraan/daftar warna kendaraan/input_Tambah Warna Kendaraan_Kode Warna'. Try using Self-healing.

2023-10-26 10:11:06 - [MESSAGE][WARNING] - [SELF-HEALING] The current locator of test object 'Object Repository/admin/kendaraan/daftar warna kendaraan/input_Tambah Warna Kendaraan_Kode Warna' was broken. Propose an alternative one: '//div[3]/div/div/div/div/input'.

2023-10-26 10:11:06 - [MESSAGE][PASSED] - Text 'AQ' is set on object 'Object Repository/admin/kendaraan/daftar warna kendaraan/input_Tambah Warna Kendaraan_Kode Warna'

2023-10-26 10:11:06 - [TEST_STEP][PASSED] - click(findTestObject("admin/kendaraan/daftar warna kendaraan/input_Tambah Warna Kendaraan_Warna Kendaraan")): Object: 'Object Repository/admin/kendaraan/daftar warna kendaraan/input_Tambah Warna Kendaraan_Warna Kendaraan' is clicked on

2023-10-26 10:11:38 - [MESSAGE][INFO] - Unable to find the element located by 'By.xpath: //input[@id=':ri:']'. Please recheck the objects properties to make sure the desired element is located. 

2023-10-26 10:11:38 - [MESSAGE][WARNING] - [SELF-HEALING] Failed to find element with id 'Object Repository/admin/kendaraan/daftar warna kendaraan/input_Tambah Warna Kendaraan_Warna Kendaraan'. Try using Self-healing.

2023-10-26 10:11:38 - [MESSAGE][WARNING] - [SELF-HEALING] The current locator of test object 'Object Repository/admin/kendaraan/daftar warna kendaraan/input_Tambah Warna Kendaraan_Warna Kendaraan' was broken. Propose an alternative one: '//div[2]/div/input'.

2023-10-26 10:11:38 - [MESSAGE][PASSED] - Object: 'Object Repository/admin/kendaraan/daftar warna kendaraan/input_Tambah Warna Kendaraan_Warna Kendaraan' is clicked on

2023-10-26 10:11:38 - [TEST_STEP][PASSED] - setText(findTestObject("admin/kendaraan/daftar warna kendaraan/input_Tambah Warna Kendaraan_Warna Kendaraan"), "Aquamarine"): Text 'Aquamarine' is set on object 'Object Repository/admin/kendaraan/daftar warna kendaraan/input_Tambah Warna Kendaraan_Warna Kendaraan'

2023-10-26 10:12:10 - [MESSAGE][INFO] - Unable to find the element located by 'By.xpath: //input[@id=':ri:']'. Please recheck the objects properties to make sure the desired element is located. 

2023-10-26 10:12:10 - [MESSAGE][WARNING] - [SELF-HEALING] Failed to find element with id 'Object Repository/admin/kendaraan/daftar warna kendaraan/input_Tambah Warna Kendaraan_Warna Kendaraan'. Try using Self-healing.

2023-10-26 10:12:10 - [MESSAGE][WARNING] - [SELF-HEALING] The current locator of test object 'Object Repository/admin/kendaraan/daftar warna kendaraan/input_Tambah Warna Kendaraan_Warna Kendaraan' was broken. Propose an alternative one: '//div[2]/div/input'.

2023-10-26 10:12:41 - [MESSAGE][INFO] - Unable to find the element located by 'By.xpath: //input[@id=':ri:']'. Please recheck the objects properties to make sure the desired element is located. 

2023-10-26 10:12:41 - [MESSAGE][WARNING] - [SELF-HEALING] Failed to find element with id 'Object Repository/admin/kendaraan/daftar warna kendaraan/input_Tambah Warna Kendaraan_Warna Kendaraan'. Try using Self-healing.

2023-10-26 10:12:42 - [MESSAGE][WARNING] - [SELF-HEALING] The current locator of test object 'Object Repository/admin/kendaraan/daftar warna kendaraan/input_Tambah Warna Kendaraan_Warna Kendaraan' was broken. Propose an alternative one: '//div[2]/div/input'.

2023-10-26 10:12:42 - [MESSAGE][PASSED] - Text 'Aquamarine' is set on object 'Object Repository/admin/kendaraan/daftar warna kendaraan/input_Tambah Warna Kendaraan_Warna Kendaraan'

2023-10-26 10:12:42 - [TEST_STEP][PASSED] - click(findTestObject("admin/kendaraan/daftar warna kendaraan/button_Tambah Warna Kendaraan_Batal")): Object: 'Object Repository/admin/kendaraan/daftar warna kendaraan/button_Tambah Warna Kendaraan_Batal' is clicked on

2023-10-26 10:13:14 - [MESSAGE][INFO] - Unable to find the element located by 'By.xpath: (//button[@type='button'])[29]'. Please recheck the objects properties to make sure the desired element is located. 

2023-10-26 10:13:14 - [MESSAGE][WARNING] - [SELF-HEALING] Failed to find element with id 'Object Repository/admin/kendaraan/daftar warna kendaraan/button_Tambah Warna Kendaraan_Batal'. Try using Self-healing.

2023-10-26 10:13:14 - [MESSAGE][WARNING] - [SELF-HEALING] The current locator of test object 'Object Repository/admin/kendaraan/daftar warna kendaraan/button_Tambah Warna Kendaraan_Batal' was broken. Propose an alternative one: '(.//*[normalize-space(text()) and normalize-space(.)='​'])[3]/following::button[1]'.

2023-10-26 10:13:15 - [MESSAGE][PASSED] - Object: 'Object Repository/admin/kendaraan/daftar warna kendaraan/button_Tambah Warna Kendaraan_Batal' is clicked on]]></system-out>
         <system-err><![CDATA[]]></system-err>
      </testcase>
      <testcase name="Test Cases/admin_edit_warna" time="200.935" classname="Test Cases/admin_edit_warna" status="PASSED">
         <system-out><![CDATA[2023-10-26 10:13:15 - [TEST_CASE][PASSED] - Test Cases/admin_edit_warna: Test Cases/admin_edit_warna

2023-10-26 10:13:18 - [TEST_STEP][PASSED] - click(findTestObject("admin/kendaraan/daftar warna kendaraan/button_Daftar Warna Kendaraan")): Object: 'Object Repository/admin/kendaraan/daftar warna kendaraan/button_Daftar Warna Kendaraan' is clicked on

2023-10-26 10:13:20 - [MESSAGE][PASSED] - Object: 'Object Repository/admin/kendaraan/daftar warna kendaraan/button_Daftar Warna Kendaraan' is clicked on

2023-10-26 10:13:20 - [TEST_STEP][PASSED] - click(findTestObject("admin/kendaraan/daftar warna kendaraan/button_Edit warna kendaraan")): Object: 'Object Repository/admin/kendaraan/daftar warna kendaraan/button_Edit warna kendaraan' is clicked on

2023-10-26 10:13:24 - [MESSAGE][PASSED] - Object: 'Object Repository/admin/kendaraan/daftar warna kendaraan/button_Edit warna kendaraan' is clicked on

2023-10-26 10:13:24 - [TEST_STEP][PASSED] - click(findTestObject("admin/kendaraan/daftar warna kendaraan/input_Edit Warna Kendaraan_kode warna")): Object: 'Object Repository/admin/kendaraan/daftar warna kendaraan/input_Edit Warna Kendaraan_kode warna' is clicked on

2023-10-26 10:13:55 - [MESSAGE][INFO] - Unable to find the element located by 'By.xpath: //input[@id=':rj:']'. Please recheck the objects properties to make sure the desired element is located. 

2023-10-26 10:13:55 - [MESSAGE][WARNING] - [SELF-HEALING] Failed to find element with id 'Object Repository/admin/kendaraan/daftar warna kendaraan/input_Edit Warna Kendaraan_kode warna'. Try using Self-healing.

2023-10-26 10:13:56 - [MESSAGE][WARNING] - [SELF-HEALING] The current locator of test object 'Object Repository/admin/kendaraan/daftar warna kendaraan/input_Edit Warna Kendaraan_kode warna' was broken. Propose an alternative one: '//div[3]/div/div/div/div/input'.

2023-10-26 10:13:56 - [MESSAGE][PASSED] - Object: 'Object Repository/admin/kendaraan/daftar warna kendaraan/input_Edit Warna Kendaraan_kode warna' is clicked on

2023-10-26 10:13:56 - [TEST_STEP][PASSED] - setText(findTestObject("admin/kendaraan/daftar warna kendaraan/input_Edit Warna Kendaraan_kode warna"), "CY"): Text 'CY' is set on object 'Object Repository/admin/kendaraan/daftar warna kendaraan/input_Edit Warna Kendaraan_kode warna'

2023-10-26 10:14:27 - [MESSAGE][INFO] - Unable to find the element located by 'By.xpath: //input[@id=':rj:']'. Please recheck the objects properties to make sure the desired element is located. 

2023-10-26 10:14:27 - [MESSAGE][WARNING] - [SELF-HEALING] Failed to find element with id 'Object Repository/admin/kendaraan/daftar warna kendaraan/input_Edit Warna Kendaraan_kode warna'. Try using Self-healing.

2023-10-26 10:14:28 - [MESSAGE][WARNING] - [SELF-HEALING] The current locator of test object 'Object Repository/admin/kendaraan/daftar warna kendaraan/input_Edit Warna Kendaraan_kode warna' was broken. Propose an alternative one: '//div[3]/div/div/div/div/input'.

2023-10-26 10:14:59 - [MESSAGE][INFO] - Unable to find the element located by 'By.xpath: //input[@id=':rj:']'. Please recheck the objects properties to make sure the desired element is located. 

2023-10-26 10:14:59 - [MESSAGE][WARNING] - [SELF-HEALING] Failed to find element with id 'Object Repository/admin/kendaraan/daftar warna kendaraan/input_Edit Warna Kendaraan_kode warna'. Try using Self-healing.

2023-10-26 10:15:00 - [MESSAGE][WARNING] - [SELF-HEALING] The current locator of test object 'Object Repository/admin/kendaraan/daftar warna kendaraan/input_Edit Warna Kendaraan_kode warna' was broken. Propose an alternative one: '//div[3]/div/div/div/div/input'.

2023-10-26 10:15:00 - [MESSAGE][PASSED] - Text 'CY' is set on object 'Object Repository/admin/kendaraan/daftar warna kendaraan/input_Edit Warna Kendaraan_kode warna'

2023-10-26 10:15:00 - [TEST_STEP][PASSED] - click(findTestObject("admin/kendaraan/daftar warna kendaraan/input_Edit Warna Kendaraan_warna kendaraan")): Object: 'Object Repository/admin/kendaraan/daftar warna kendaraan/input_Edit Warna Kendaraan_warna kendaraan' is clicked on

2023-10-26 10:15:31 - [MESSAGE][INFO] - Unable to find the element located by 'By.xpath: //input[@id=':rk:']'. Please recheck the objects properties to make sure the desired element is located. 

2023-10-26 10:15:31 - [MESSAGE][WARNING] - [SELF-HEALING] Failed to find element with id 'Object Repository/admin/kendaraan/daftar warna kendaraan/input_Edit Warna Kendaraan_warna kendaraan'. Try using Self-healing.

2023-10-26 10:15:32 - [MESSAGE][WARNING] - [SELF-HEALING] The current locator of test object 'Object Repository/admin/kendaraan/daftar warna kendaraan/input_Edit Warna Kendaraan_warna kendaraan' was broken. Propose an alternative one: '//div[2]/div/input'.

2023-10-26 10:15:32 - [MESSAGE][PASSED] - Object: 'Object Repository/admin/kendaraan/daftar warna kendaraan/input_Edit Warna Kendaraan_warna kendaraan' is clicked on

2023-10-26 10:15:32 - [TEST_STEP][PASSED] - setText(findTestObject("admin/kendaraan/daftar warna kendaraan/input_Edit Warna Kendaraan_warna kendaraan"), "Cyan"): Text 'Cyan' is set on object 'Object Repository/admin/kendaraan/daftar warna kendaraan/input_Edit Warna Kendaraan_warna kendaraan'

2023-10-26 10:16:03 - [MESSAGE][INFO] - Unable to find the element located by 'By.xpath: //input[@id=':rk:']'. Please recheck the objects properties to make sure the desired element is located. 

2023-10-26 10:16:03 - [MESSAGE][WARNING] - [SELF-HEALING] Failed to find element with id 'Object Repository/admin/kendaraan/daftar warna kendaraan/input_Edit Warna Kendaraan_warna kendaraan'. Try using Self-healing.

2023-10-26 10:16:03 - [MESSAGE][WARNING] - [SELF-HEALING] The current locator of test object 'Object Repository/admin/kendaraan/daftar warna kendaraan/input_Edit Warna Kendaraan_warna kendaraan' was broken. Propose an alternative one: '//div[2]/div/input'.

2023-10-26 10:16:35 - [MESSAGE][INFO] - Unable to find the element located by 'By.xpath: //input[@id=':rk:']'. Please recheck the objects properties to make sure the desired element is located. 

2023-10-26 10:16:35 - [MESSAGE][WARNING] - [SELF-HEALING] Failed to find element with id 'Object Repository/admin/kendaraan/daftar warna kendaraan/input_Edit Warna Kendaraan_warna kendaraan'. Try using Self-healing.

2023-10-26 10:16:35 - [MESSAGE][WARNING] - [SELF-HEALING] The current locator of test object 'Object Repository/admin/kendaraan/daftar warna kendaraan/input_Edit Warna Kendaraan_warna kendaraan' was broken. Propose an alternative one: '//div[2]/div/input'.

2023-10-26 10:16:35 - [MESSAGE][PASSED] - Text 'Cyan' is set on object 'Object Repository/admin/kendaraan/daftar warna kendaraan/input_Edit Warna Kendaraan_warna kendaraan'

2023-10-26 10:16:35 - [TEST_STEP][PASSED] - click(findTestObject("admin/kendaraan/daftar warna kendaraan/button_Edit Warna Kendaraan_Batal")): Object: 'Object Repository/admin/kendaraan/daftar warna kendaraan/button_Edit Warna Kendaraan_Batal' is clicked on

2023-10-26 10:16:36 - [MESSAGE][PASSED] - Object: 'Object Repository/admin/kendaraan/daftar warna kendaraan/button_Edit Warna Kendaraan_Batal' is clicked on]]></system-out>
         <system-err><![CDATA[]]></system-err>
      </testcase>
      <testcase name="Test Cases/admin_delete_warna" time="7.131" classname="Test Cases/admin_delete_warna" status="PASSED">
         <system-out><![CDATA[2023-10-26 10:16:36 - [TEST_CASE][PASSED] - Test Cases/admin_delete_warna: Test Cases/admin_delete_warna

2023-10-26 10:16:39 - [TEST_STEP][PASSED] - click(findTestObject("admin/kendaraan/daftar warna kendaraan/button_Daftar Warna Kendaraan")): Object: 'Object Repository/admin/kendaraan/daftar warna kendaraan/button_Daftar Warna Kendaraan' is clicked on

2023-10-26 10:16:40 - [MESSAGE][PASSED] - Object: 'Object Repository/admin/kendaraan/daftar warna kendaraan/button_Daftar Warna Kendaraan' is clicked on

2023-10-26 10:16:40 - [TEST_STEP][PASSED] - click(findTestObject("admin/kendaraan/daftar warna kendaraan/button_hapus warna kendaraan")): Object: 'Object Repository/admin/kendaraan/daftar warna kendaraan/button_hapus warna kendaraan' is clicked on

2023-10-26 10:16:41 - [MESSAGE][PASSED] - Object: 'Object Repository/admin/kendaraan/daftar warna kendaraan/button_hapus warna kendaraan' is clicked on

2023-10-26 10:16:41 - [TEST_STEP][PASSED] - click(findTestObject("admin/kendaraan/daftar warna kendaraan/button_hapus warna kendaraan_Batal")): Object: 'Object Repository/admin/kendaraan/daftar warna kendaraan/button_hapus warna kendaraan_Batal' is clicked on

2023-10-26 10:16:43 - [MESSAGE][PASSED] - Object: 'Object Repository/admin/kendaraan/daftar warna kendaraan/button_hapus warna kendaraan_Batal' is clicked on]]></system-out>
         <system-err><![CDATA[]]></system-err>
      </testcase>
      <testcase name="Test Cases/logout_admin" time="10.561" classname="Test Cases/logout_admin" status="PASSED">
         <system-out><![CDATA[2023-10-26 10:16:43 - [TEST_CASE][PASSED] - Test Cases/logout_admin: Test Cases/logout_admin

2023-10-26 10:16:45 - [TEST_STEP][PASSED] - click(findTestObject("admin/button_icon profile")): Object: 'Object Repository/admin/button_icon profile' is clicked on

2023-10-26 10:16:46 - [MESSAGE][PASSED] - Object: 'Object Repository/admin/button_icon profile' is clicked on

2023-10-26 10:16:46 - [TEST_STEP][PASSED] - delay(3): Delayed 3 second(s)

2023-10-26 10:16:49 - [MESSAGE][PASSED] - Delayed 3 second(s)

2023-10-26 10:16:49 - [TEST_STEP][PASSED] - waitForElementPresent(findTestObject("admin/button_Log Out"), 3): Object 'Object Repository/admin/button_Log Out' is present

2023-10-26 10:16:50 - [MESSAGE][PASSED] - Object 'Object Repository/admin/button_Log Out' is present

2023-10-26 10:16:50 - [TEST_STEP][PASSED] - waitForElementClickable(findTestObject("admin/button_Log Out"), 3): Object 'Object Repository/admin/button_Log Out' is clickable

2023-10-26 10:16:51 - [MESSAGE][PASSED] - Object 'Object Repository/admin/button_Log Out' is clickable

2023-10-26 10:16:51 - [TEST_STEP][PASSED] - click(findTestObject("admin/button_Log Out")): Object: 'Object Repository/admin/button_Log Out' is clicked on

2023-10-26 10:16:54 - [MESSAGE][PASSED] - Object: 'Object Repository/admin/button_Log Out' is clicked on]]></system-out>
         <system-err><![CDATA[]]></system-err>
      </testcase>
      <system-out><![CDATA[2023-10-26 10:07:21 - [TEST_SUITE][PASSED] - Warna Kendaraan: Test Cases/logout_admin]]></system-out>
      <system-err><![CDATA[]]></system-err>
   </testsuite>
</testsuites>
