<?xml version="1.0" encoding="UTF-8"?>
<testsuites name="Warna Kendaraan" time="577.154" tests="7" failures="0" errors="0">
   <testsuite name="Warna Kendaraan" tests="7" failures="0" errors="0" time="577.154" skipped="0" timestamp="2023-10-26 10:45:56" hostname="THINKPAD - DESKTOP-KQUK8GU" id="Test Suites/Warna Kendaraan">
      <properties>
         <property name="deviceName" value=""/>
         <property name="devicePlatform" value=""/>
         <property name="logFolder" value="C:\\Users\\THINKPAD\\git\\katalon-certification\\Reports\\20231026_104533\\Warna Kendaraan\\20231026_104538"/>
         <property name="logFiles" value="C:\\Users\\THINKPAD\\git\\katalon-certification\\Reports\\20231026_104533\\Warna Kendaraan\\20231026_104538\\execution0.log"/>
         <property name="attachments" value=""/>
         <property name="hostName" value="THINKPAD - DESKTOP-KQUK8GU"/>
         <property name="os" value="Windows 10 64bit"/>
         <property name="katalonVersion" value="8.6.8.208"/>
         <property name="browser" value="Chrome 118.0.0.0"/>
         <property name="hostAddress" value="192.168.0.109"/>
         <property name="sessionId" value="810175338637c1a4231cb2f2acfb24cb"/>
         <property name="seleniumVersion" value="3.141.59"/>
         <property name="proxyInformation" value="ProxyInformation { proxyOption=NO_PROXY, proxyServerType=HTTP, username=, password=********, proxyServerAddress=, proxyServerPort=0, executionList=&quot;&quot;, isApplyToDesiredCapabilities=true }"/>
         <property name="platform" value="Windows 10"/>
      </properties>
      <testcase name="Test Cases/login_admin" time="42.6" classname="Test Cases/login_admin" status="PASSED">
         <system-out><![CDATA[2023-10-26 10:46:00 - [TEST_CASE][PASSED] - Test Cases/login_admin: Test Cases/login_admin

2023-10-26 10:46:03 - [TEST_STEP][PASSED] - openBrowser(""): Browser is opened with url: ''

2023-10-26 10:46:08 - [MESSAGE][INFO] - Starting 'Chrome' driver

2023-10-26 10:46:09 - [MESSAGE][INFO] - Action delay is set to 0 milliseconds

2023-10-26 10:46:25 - [MESSAGE][PASSED] - Browser is opened with url: ''

2023-10-26 10:46:25 - [TEST_STEP][PASSED] - maximizeWindow(): Current window maximized

2023-10-26 10:46:25 - [MESSAGE][PASSED] - Current window maximized

2023-10-26 10:46:25 - [TEST_STEP][PASSED] - navigateToUrl("https://dms-dev.cloudias79.com/login"): Navigate to 'https://dms-dev.cloudias79.com/login' successfully

2023-10-26 10:46:31 - [MESSAGE][PASSED] - Navigate to 'https://dms-dev.cloudias79.com/login' successfully

2023-10-26 10:46:31 - [TEST_STEP][PASSED] - setText(findTestObject("Object Repository/input_Silakan masuk untuk melanjutkan_r0"), "akunadmin"): Text 'akunadmin' is set on object 'Object Repository/input_Silakan masuk untuk melanjutkan_r0'

2023-10-26 10:46:38 - [MESSAGE][PASSED] - Text 'akunadmin' is set on object 'Object Repository/input_Silakan masuk untuk melanjutkan_r0'

2023-10-26 10:46:38 - [TEST_STEP][PASSED] - setEncryptedText(findTestObject("Object Repository/input__r1"), "fzqqY0qJjYTuJiVJRZh4ag=="): Text ****** has been set on object 'Object Repository/input__r1'

2023-10-26 10:46:39 - [MESSAGE][PASSED] - Text ****** has been set on object 'Object Repository/input__r1'

2023-10-26 10:46:39 - [TEST_STEP][PASSED] - click(findTestObject("Object Repository/button_Login")): Object: 'Object Repository/button_Login' is clicked on

2023-10-26 10:46:42 - [MESSAGE][PASSED] - Object: 'Object Repository/button_Login' is clicked on]]></system-out>
         <system-err><![CDATA[]]></system-err>
      </testcase>
      <testcase name="Test Cases/admin_lihat_daftar_warna" time="24.23" classname="Test Cases/admin_lihat_daftar_warna" status="PASSED">
         <system-out><![CDATA[2023-10-26 10:46:42 - [TEST_CASE][PASSED] - Test Cases/admin_lihat_daftar_warna: Test Cases/admin_lihat_daftar_warna

2023-10-26 10:46:45 - [TEST_STEP][PASSED] - click(findTestObject("admin/kendaraan/daftar warna kendaraan/button_Daftar Warna Kendaraan")): Object: 'Object Repository/admin/kendaraan/daftar warna kendaraan/button_Daftar Warna Kendaraan' is clicked on

2023-10-26 10:47:07 - [MESSAGE][PASSED] - Object: 'Object Repository/admin/kendaraan/daftar warna kendaraan/button_Daftar Warna Kendaraan' is clicked on]]></system-out>
         <system-err><![CDATA[]]></system-err>
      </testcase>
      <testcase name="Test Cases/admin_search_warna" time="18.771" classname="Test Cases/admin_search_warna" status="PASSED">
         <system-out><![CDATA[2023-10-26 10:47:07 - [TEST_CASE][PASSED] - Test Cases/admin_search_warna: Test Cases/admin_search_warna

2023-10-26 10:47:10 - [TEST_STEP][PASSED] - click(findTestObject("admin/kendaraan/daftar warna kendaraan/button_Daftar Warna Kendaraan")): Object: 'Object Repository/admin/kendaraan/daftar warna kendaraan/button_Daftar Warna Kendaraan' is clicked on

2023-10-26 10:47:14 - [MESSAGE][PASSED] - Object: 'Object Repository/admin/kendaraan/daftar warna kendaraan/button_Daftar Warna Kendaraan' is clicked on

2023-10-26 10:47:14 - [TEST_STEP][PASSED] - click(findTestObject("admin/kendaraan/daftar warna kendaraan/input_search Daftar Dealer Kendaraan")): Object: 'Object Repository/admin/kendaraan/daftar warna kendaraan/input_search Daftar Dealer Kendaraan' is clicked on

2023-10-26 10:47:18 - [MESSAGE][PASSED] - Object: 'Object Repository/admin/kendaraan/daftar warna kendaraan/input_search Daftar Dealer Kendaraan' is clicked on

2023-10-26 10:47:18 - [TEST_STEP][PASSED] - setText(findTestObject("admin/kendaraan/daftar warna kendaraan/input_search Daftar Dealer Kendaraan"), "h"): Text 'h' is set on object 'Object Repository/admin/kendaraan/daftar warna kendaraan/input_search Daftar Dealer Kendaraan'

2023-10-26 10:47:25 - [MESSAGE][PASSED] - Text 'h' is set on object 'Object Repository/admin/kendaraan/daftar warna kendaraan/input_search Daftar Dealer Kendaraan']]></system-out>
         <system-err><![CDATA[]]></system-err>
      </testcase>
      <testcase name="Test Cases/admin_tambah_warna" time="276.55" classname="Test Cases/admin_tambah_warna" status="PASSED">
         <system-out><![CDATA[2023-10-26 10:47:25 - [TEST_CASE][PASSED] - Test Cases/admin_tambah_warna: Test Cases/admin_tambah_warna

2023-10-26 10:47:29 - [TEST_STEP][PASSED] - click(findTestObject("admin/kendaraan/daftar warna kendaraan/button_Daftar Warna Kendaraan")): Object: 'Object Repository/admin/kendaraan/daftar warna kendaraan/button_Daftar Warna Kendaraan' is clicked on

2023-10-26 10:47:41 - [MESSAGE][PASSED] - Object: 'Object Repository/admin/kendaraan/daftar warna kendaraan/button_Daftar Warna Kendaraan' is clicked on

2023-10-26 10:47:41 - [TEST_STEP][PASSED] - click(findTestObject("admin/kendaraan/daftar warna kendaraan/button_Tambah Warna Kendaraan")): Object: 'Object Repository/admin/kendaraan/daftar warna kendaraan/button_Tambah Warna Kendaraan' is clicked on

2023-10-26 10:48:03 - [MESSAGE][PASSED] - Object: 'Object Repository/admin/kendaraan/daftar warna kendaraan/button_Tambah Warna Kendaraan' is clicked on

2023-10-26 10:48:03 - [TEST_STEP][PASSED] - click(findTestObject("admin/kendaraan/daftar warna kendaraan/input_Tambah Warna Kendaraan_Kode Warna")): Object: 'Object Repository/admin/kendaraan/daftar warna kendaraan/input_Tambah Warna Kendaraan_Kode Warna' is clicked on

2023-10-26 10:48:37 - [MESSAGE][INFO] - Unable to find the element located by 'By.xpath: //input[@id=':rh:']'. Please recheck the objects properties to make sure the desired element is located. 

2023-10-26 10:48:37 - [MESSAGE][WARNING] - [SELF-HEALING] Failed to find element with id 'Object Repository/admin/kendaraan/daftar warna kendaraan/input_Tambah Warna Kendaraan_Kode Warna'. Try using Self-healing.

2023-10-26 10:48:38 - [MESSAGE][WARNING] - [SELF-HEALING] The current locator of test object 'Object Repository/admin/kendaraan/daftar warna kendaraan/input_Tambah Warna Kendaraan_Kode Warna' was broken. Propose an alternative one: '//div[3]/div/div/div/div/input'.

2023-10-26 10:48:41 - [MESSAGE][PASSED] - Object: 'Object Repository/admin/kendaraan/daftar warna kendaraan/input_Tambah Warna Kendaraan_Kode Warna' is clicked on

2023-10-26 10:48:41 - [TEST_STEP][PASSED] - setText(findTestObject("admin/kendaraan/daftar warna kendaraan/input_Tambah Warna Kendaraan_Kode Warna"), "AQ"): Text 'AQ' is set on object 'Object Repository/admin/kendaraan/daftar warna kendaraan/input_Tambah Warna Kendaraan_Kode Warna'

2023-10-26 10:49:14 - [MESSAGE][INFO] - Unable to find the element located by 'By.xpath: //input[@id=':rh:']'. Please recheck the objects properties to make sure the desired element is located. 

2023-10-26 10:49:14 - [MESSAGE][WARNING] - [SELF-HEALING] Failed to find element with id 'Object Repository/admin/kendaraan/daftar warna kendaraan/input_Tambah Warna Kendaraan_Kode Warna'. Try using Self-healing.

2023-10-26 10:49:17 - [MESSAGE][WARNING] - [SELF-HEALING] The current locator of test object 'Object Repository/admin/kendaraan/daftar warna kendaraan/input_Tambah Warna Kendaraan_Kode Warna' was broken. Propose an alternative one: '//div[3]/div/div/div/div/input'.

2023-10-26 10:49:49 - [MESSAGE][INFO] - Unable to find the element located by 'By.xpath: //input[@id=':rh:']'. Please recheck the objects properties to make sure the desired element is located. 

2023-10-26 10:49:49 - [MESSAGE][WARNING] - [SELF-HEALING] Failed to find element with id 'Object Repository/admin/kendaraan/daftar warna kendaraan/input_Tambah Warna Kendaraan_Kode Warna'. Try using Self-healing.

2023-10-26 10:49:50 - [MESSAGE][WARNING] - [SELF-HEALING] The current locator of test object 'Object Repository/admin/kendaraan/daftar warna kendaraan/input_Tambah Warna Kendaraan_Kode Warna' was broken. Propose an alternative one: '//div[3]/div/div/div/div/input'.

2023-10-26 10:49:50 - [MESSAGE][PASSED] - Text 'AQ' is set on object 'Object Repository/admin/kendaraan/daftar warna kendaraan/input_Tambah Warna Kendaraan_Kode Warna'

2023-10-26 10:49:50 - [TEST_STEP][PASSED] - click(findTestObject("admin/kendaraan/daftar warna kendaraan/input_Tambah Warna Kendaraan_Warna Kendaraan")): Object: 'Object Repository/admin/kendaraan/daftar warna kendaraan/input_Tambah Warna Kendaraan_Warna Kendaraan' is clicked on

2023-10-26 10:50:24 - [MESSAGE][INFO] - Unable to find the element located by 'By.xpath: //input[@id=':ri:']'. Please recheck the objects properties to make sure the desired element is located. 

2023-10-26 10:50:24 - [MESSAGE][WARNING] - [SELF-HEALING] Failed to find element with id 'Object Repository/admin/kendaraan/daftar warna kendaraan/input_Tambah Warna Kendaraan_Warna Kendaraan'. Try using Self-healing.

2023-10-26 10:50:25 - [MESSAGE][WARNING] - [SELF-HEALING] The current locator of test object 'Object Repository/admin/kendaraan/daftar warna kendaraan/input_Tambah Warna Kendaraan_Warna Kendaraan' was broken. Propose an alternative one: '//div[2]/div/input'.

2023-10-26 10:50:25 - [MESSAGE][PASSED] - Object: 'Object Repository/admin/kendaraan/daftar warna kendaraan/input_Tambah Warna Kendaraan_Warna Kendaraan' is clicked on

2023-10-26 10:50:25 - [TEST_STEP][PASSED] - setText(findTestObject("admin/kendaraan/daftar warna kendaraan/input_Tambah Warna Kendaraan_Warna Kendaraan"), "Aquamarine"): Text 'Aquamarine' is set on object 'Object Repository/admin/kendaraan/daftar warna kendaraan/input_Tambah Warna Kendaraan_Warna Kendaraan'

2023-10-26 10:50:57 - [MESSAGE][INFO] - Unable to find the element located by 'By.xpath: //input[@id=':ri:']'. Please recheck the objects properties to make sure the desired element is located. 

2023-10-26 10:50:57 - [MESSAGE][WARNING] - [SELF-HEALING] Failed to find element with id 'Object Repository/admin/kendaraan/daftar warna kendaraan/input_Tambah Warna Kendaraan_Warna Kendaraan'. Try using Self-healing.

2023-10-26 10:50:57 - [MESSAGE][WARNING] - [SELF-HEALING] The current locator of test object 'Object Repository/admin/kendaraan/daftar warna kendaraan/input_Tambah Warna Kendaraan_Warna Kendaraan' was broken. Propose an alternative one: '//div[2]/div/input'.

2023-10-26 10:51:29 - [MESSAGE][INFO] - Unable to find the element located by 'By.xpath: //input[@id=':ri:']'. Please recheck the objects properties to make sure the desired element is located. 

2023-10-26 10:51:29 - [MESSAGE][WARNING] - [SELF-HEALING] Failed to find element with id 'Object Repository/admin/kendaraan/daftar warna kendaraan/input_Tambah Warna Kendaraan_Warna Kendaraan'. Try using Self-healing.

2023-10-26 10:51:29 - [MESSAGE][WARNING] - [SELF-HEALING] The current locator of test object 'Object Repository/admin/kendaraan/daftar warna kendaraan/input_Tambah Warna Kendaraan_Warna Kendaraan' was broken. Propose an alternative one: '//div[2]/div/input'.

2023-10-26 10:51:29 - [MESSAGE][PASSED] - Text 'Aquamarine' is set on object 'Object Repository/admin/kendaraan/daftar warna kendaraan/input_Tambah Warna Kendaraan_Warna Kendaraan'

2023-10-26 10:51:29 - [TEST_STEP][PASSED] - click(findTestObject("admin/kendaraan/daftar warna kendaraan/button_Tambah Warna Kendaraan_Batal")): Object: 'Object Repository/admin/kendaraan/daftar warna kendaraan/button_Tambah Warna Kendaraan_Batal' is clicked on

2023-10-26 10:52:01 - [MESSAGE][INFO] - Unable to find the element located by 'By.xpath: (//button[@type='button'])[29]'. Please recheck the objects properties to make sure the desired element is located. 

2023-10-26 10:52:01 - [MESSAGE][WARNING] - [SELF-HEALING] Failed to find element with id 'Object Repository/admin/kendaraan/daftar warna kendaraan/button_Tambah Warna Kendaraan_Batal'. Try using Self-healing.

2023-10-26 10:52:01 - [MESSAGE][WARNING] - [SELF-HEALING] The current locator of test object 'Object Repository/admin/kendaraan/daftar warna kendaraan/button_Tambah Warna Kendaraan_Batal' was broken. Propose an alternative one: '(.//*[normalize-space(text()) and normalize-space(.)='​'])[3]/following::button[1]'.

2023-10-26 10:52:02 - [MESSAGE][PASSED] - Object: 'Object Repository/admin/kendaraan/daftar warna kendaraan/button_Tambah Warna Kendaraan_Batal' is clicked on]]></system-out>
         <system-err><![CDATA[]]></system-err>
      </testcase>
      <testcase name="Test Cases/admin_edit_warna" time="195.972" classname="Test Cases/admin_edit_warna" status="PASSED">
         <system-out><![CDATA[2023-10-26 10:52:02 - [TEST_CASE][PASSED] - Test Cases/admin_edit_warna: Test Cases/admin_edit_warna

2023-10-26 10:52:03 - [TEST_STEP][PASSED] - click(findTestObject("admin/kendaraan/daftar warna kendaraan/button_Daftar Warna Kendaraan")): Object: 'Object Repository/admin/kendaraan/daftar warna kendaraan/button_Daftar Warna Kendaraan' is clicked on

2023-10-26 10:52:04 - [MESSAGE][PASSED] - Object: 'Object Repository/admin/kendaraan/daftar warna kendaraan/button_Daftar Warna Kendaraan' is clicked on

2023-10-26 10:52:04 - [TEST_STEP][PASSED] - click(findTestObject("admin/kendaraan/daftar warna kendaraan/button_Edit warna kendaraan")): Object: 'Object Repository/admin/kendaraan/daftar warna kendaraan/button_Edit warna kendaraan' is clicked on

2023-10-26 10:52:05 - [MESSAGE][PASSED] - Object: 'Object Repository/admin/kendaraan/daftar warna kendaraan/button_Edit warna kendaraan' is clicked on

2023-10-26 10:52:05 - [TEST_STEP][PASSED] - click(findTestObject("admin/kendaraan/daftar warna kendaraan/input_Edit Warna Kendaraan_kode warna")): Object: 'Object Repository/admin/kendaraan/daftar warna kendaraan/input_Edit Warna Kendaraan_kode warna' is clicked on

2023-10-26 10:52:37 - [MESSAGE][INFO] - Unable to find the element located by 'By.xpath: //input[@id=':rj:']'. Please recheck the objects properties to make sure the desired element is located. 

2023-10-26 10:52:37 - [MESSAGE][WARNING] - [SELF-HEALING] Failed to find element with id 'Object Repository/admin/kendaraan/daftar warna kendaraan/input_Edit Warna Kendaraan_kode warna'. Try using Self-healing.

2023-10-26 10:52:37 - [MESSAGE][WARNING] - [SELF-HEALING] The current locator of test object 'Object Repository/admin/kendaraan/daftar warna kendaraan/input_Edit Warna Kendaraan_kode warna' was broken. Propose an alternative one: '//div[3]/div/div/div/div/input'.

2023-10-26 10:52:37 - [MESSAGE][PASSED] - Object: 'Object Repository/admin/kendaraan/daftar warna kendaraan/input_Edit Warna Kendaraan_kode warna' is clicked on

2023-10-26 10:52:37 - [TEST_STEP][PASSED] - setText(findTestObject("admin/kendaraan/daftar warna kendaraan/input_Edit Warna Kendaraan_kode warna"), "CY"): Text 'CY' is set on object 'Object Repository/admin/kendaraan/daftar warna kendaraan/input_Edit Warna Kendaraan_kode warna'

2023-10-26 10:53:09 - [MESSAGE][INFO] - Unable to find the element located by 'By.xpath: //input[@id=':rj:']'. Please recheck the objects properties to make sure the desired element is located. 

2023-10-26 10:53:09 - [MESSAGE][WARNING] - [SELF-HEALING] Failed to find element with id 'Object Repository/admin/kendaraan/daftar warna kendaraan/input_Edit Warna Kendaraan_kode warna'. Try using Self-healing.

2023-10-26 10:53:09 - [MESSAGE][WARNING] - [SELF-HEALING] The current locator of test object 'Object Repository/admin/kendaraan/daftar warna kendaraan/input_Edit Warna Kendaraan_kode warna' was broken. Propose an alternative one: '//div[3]/div/div/div/div/input'.

2023-10-26 10:53:41 - [MESSAGE][INFO] - Unable to find the element located by 'By.xpath: //input[@id=':rj:']'. Please recheck the objects properties to make sure the desired element is located. 

2023-10-26 10:53:41 - [MESSAGE][WARNING] - [SELF-HEALING] Failed to find element with id 'Object Repository/admin/kendaraan/daftar warna kendaraan/input_Edit Warna Kendaraan_kode warna'. Try using Self-healing.

2023-10-26 10:53:41 - [MESSAGE][WARNING] - [SELF-HEALING] The current locator of test object 'Object Repository/admin/kendaraan/daftar warna kendaraan/input_Edit Warna Kendaraan_kode warna' was broken. Propose an alternative one: '//div[3]/div/div/div/div/input'.

2023-10-26 10:53:41 - [MESSAGE][PASSED] - Text 'CY' is set on object 'Object Repository/admin/kendaraan/daftar warna kendaraan/input_Edit Warna Kendaraan_kode warna'

2023-10-26 10:53:41 - [TEST_STEP][PASSED] - click(findTestObject("admin/kendaraan/daftar warna kendaraan/input_Edit Warna Kendaraan_warna kendaraan")): Object: 'Object Repository/admin/kendaraan/daftar warna kendaraan/input_Edit Warna Kendaraan_warna kendaraan' is clicked on

2023-10-26 10:54:13 - [MESSAGE][INFO] - Unable to find the element located by 'By.xpath: //input[@id=':rk:']'. Please recheck the objects properties to make sure the desired element is located. 

2023-10-26 10:54:13 - [MESSAGE][WARNING] - [SELF-HEALING] Failed to find element with id 'Object Repository/admin/kendaraan/daftar warna kendaraan/input_Edit Warna Kendaraan_warna kendaraan'. Try using Self-healing.

2023-10-26 10:54:13 - [MESSAGE][WARNING] - [SELF-HEALING] The current locator of test object 'Object Repository/admin/kendaraan/daftar warna kendaraan/input_Edit Warna Kendaraan_warna kendaraan' was broken. Propose an alternative one: '//div[2]/div/input'.

2023-10-26 10:54:14 - [MESSAGE][PASSED] - Object: 'Object Repository/admin/kendaraan/daftar warna kendaraan/input_Edit Warna Kendaraan_warna kendaraan' is clicked on

2023-10-26 10:54:14 - [TEST_STEP][PASSED] - setText(findTestObject("admin/kendaraan/daftar warna kendaraan/input_Edit Warna Kendaraan_warna kendaraan"), "Cyan"): Text 'Cyan' is set on object 'Object Repository/admin/kendaraan/daftar warna kendaraan/input_Edit Warna Kendaraan_warna kendaraan'

2023-10-26 10:54:45 - [MESSAGE][INFO] - Unable to find the element located by 'By.xpath: //input[@id=':rk:']'. Please recheck the objects properties to make sure the desired element is located. 

2023-10-26 10:54:45 - [MESSAGE][WARNING] - [SELF-HEALING] Failed to find element with id 'Object Repository/admin/kendaraan/daftar warna kendaraan/input_Edit Warna Kendaraan_warna kendaraan'. Try using Self-healing.

2023-10-26 10:54:45 - [MESSAGE][WARNING] - [SELF-HEALING] The current locator of test object 'Object Repository/admin/kendaraan/daftar warna kendaraan/input_Edit Warna Kendaraan_warna kendaraan' was broken. Propose an alternative one: '//div[2]/div/input'.

2023-10-26 10:55:17 - [MESSAGE][INFO] - Unable to find the element located by 'By.xpath: //input[@id=':rk:']'. Please recheck the objects properties to make sure the desired element is located. 

2023-10-26 10:55:17 - [MESSAGE][WARNING] - [SELF-HEALING] Failed to find element with id 'Object Repository/admin/kendaraan/daftar warna kendaraan/input_Edit Warna Kendaraan_warna kendaraan'. Try using Self-healing.

2023-10-26 10:55:17 - [MESSAGE][WARNING] - [SELF-HEALING] The current locator of test object 'Object Repository/admin/kendaraan/daftar warna kendaraan/input_Edit Warna Kendaraan_warna kendaraan' was broken. Propose an alternative one: '//div[2]/div/input'.

2023-10-26 10:55:17 - [MESSAGE][PASSED] - Text 'Cyan' is set on object 'Object Repository/admin/kendaraan/daftar warna kendaraan/input_Edit Warna Kendaraan_warna kendaraan'

2023-10-26 10:55:17 - [TEST_STEP][PASSED] - click(findTestObject("admin/kendaraan/daftar warna kendaraan/button_Edit Warna Kendaraan_Batal")): Object: 'Object Repository/admin/kendaraan/daftar warna kendaraan/button_Edit Warna Kendaraan_Batal' is clicked on

2023-10-26 10:55:18 - [MESSAGE][PASSED] - Object: 'Object Repository/admin/kendaraan/daftar warna kendaraan/button_Edit Warna Kendaraan_Batal' is clicked on]]></system-out>
         <system-err><![CDATA[]]></system-err>
      </testcase>
      <testcase name="Test Cases/admin_delete_warna" time="4.992" classname="Test Cases/admin_delete_warna" status="PASSED">
         <system-out><![CDATA[2023-10-26 10:55:18 - [TEST_CASE][PASSED] - Test Cases/admin_delete_warna: Test Cases/admin_delete_warna

2023-10-26 10:55:19 - [TEST_STEP][PASSED] - click(findTestObject("admin/kendaraan/daftar warna kendaraan/button_Daftar Warna Kendaraan")): Object: 'Object Repository/admin/kendaraan/daftar warna kendaraan/button_Daftar Warna Kendaraan' is clicked on

2023-10-26 10:55:20 - [MESSAGE][PASSED] - Object: 'Object Repository/admin/kendaraan/daftar warna kendaraan/button_Daftar Warna Kendaraan' is clicked on

2023-10-26 10:55:20 - [TEST_STEP][PASSED] - click(findTestObject("admin/kendaraan/daftar warna kendaraan/button_hapus warna kendaraan")): Object: 'Object Repository/admin/kendaraan/daftar warna kendaraan/button_hapus warna kendaraan' is clicked on

2023-10-26 10:55:22 - [MESSAGE][PASSED] - Object: 'Object Repository/admin/kendaraan/daftar warna kendaraan/button_hapus warna kendaraan' is clicked on

2023-10-26 10:55:22 - [TEST_STEP][PASSED] - click(findTestObject("admin/kendaraan/daftar warna kendaraan/button_hapus warna kendaraan_Batal")): Object: 'Object Repository/admin/kendaraan/daftar warna kendaraan/button_hapus warna kendaraan_Batal' is clicked on

2023-10-26 10:55:23 - [MESSAGE][PASSED] - Object: 'Object Repository/admin/kendaraan/daftar warna kendaraan/button_hapus warna kendaraan_Batal' is clicked on]]></system-out>
         <system-err><![CDATA[]]></system-err>
      </testcase>
      <testcase name="Test Cases/logout_admin" time="10.526" classname="Test Cases/logout_admin" status="PASSED">
         <system-out><![CDATA[2023-10-26 10:55:23 - [TEST_CASE][PASSED] - Test Cases/logout_admin: Test Cases/logout_admin

2023-10-26 10:55:24 - [TEST_STEP][PASSED] - click(findTestObject("admin/button_icon profile")): Object: 'Object Repository/admin/button_icon profile' is clicked on

2023-10-26 10:55:25 - [MESSAGE][PASSED] - Object: 'Object Repository/admin/button_icon profile' is clicked on

2023-10-26 10:55:25 - [TEST_STEP][PASSED] - delay(3): Delayed 3 second(s)

2023-10-26 10:55:28 - [MESSAGE][PASSED] - Delayed 3 second(s)

2023-10-26 10:55:28 - [TEST_STEP][PASSED] - waitForElementPresent(findTestObject("admin/button_Log Out"), 3): Object 'Object Repository/admin/button_Log Out' is present

2023-10-26 10:55:29 - [MESSAGE][PASSED] - Object 'Object Repository/admin/button_Log Out' is present

2023-10-26 10:55:29 - [TEST_STEP][PASSED] - waitForElementClickable(findTestObject("admin/button_Log Out"), 3): Object 'Object Repository/admin/button_Log Out' is clickable

2023-10-26 10:55:30 - [MESSAGE][PASSED] - Object 'Object Repository/admin/button_Log Out' is clickable

2023-10-26 10:55:30 - [TEST_STEP][PASSED] - click(findTestObject("admin/button_Log Out")): Object: 'Object Repository/admin/button_Log Out' is clicked on

2023-10-26 10:55:33 - [MESSAGE][PASSED] - Object: 'Object Repository/admin/button_Log Out' is clicked on]]></system-out>
         <system-err><![CDATA[]]></system-err>
      </testcase>
      <system-out><![CDATA[2023-10-26 10:45:56 - [TEST_SUITE][PASSED] - Warna Kendaraan: Test Cases/logout_admin]]></system-out>
      <system-err><![CDATA[]]></system-err>
   </testsuite>
</testsuites>
