<?xml version="1.0" encoding="UTF-8"?>
<testsuites name="Tipe Kendaraan" time="112.653" tests="7" failures="0" errors="0">
   <testsuite name="Tipe Kendaraan" tests="7" failures="0" errors="0" time="112.653" skipped="0" timestamp="2023-10-26 10:28:05" hostname="THINKPAD - DESKTOP-KQUK8GU" id="Test Suites/Tipe Kendaraan">
      <properties>
         <property name="deviceName" value=""/>
         <property name="devicePlatform" value=""/>
         <property name="logFolder" value="C:\\Users\\THINKPAD\\git\\katalon-certification\\Reports\\20231026_102734\\Tipe Kendaraan\\20231026_102737"/>
         <property name="logFiles" value="C:\\Users\\THINKPAD\\git\\katalon-certification\\Reports\\20231026_102734\\Tipe Kendaraan\\20231026_102737\\execution0.log"/>
         <property name="attachments" value=""/>
         <property name="hostName" value="THINKPAD - DESKTOP-KQUK8GU"/>
         <property name="os" value="Windows 10 64bit"/>
         <property name="katalonVersion" value="8.6.8.208"/>
         <property name="browser" value="Chrome 118.0.0.0"/>
         <property name="hostAddress" value="192.168.0.109"/>
         <property name="sessionId" value="3b1c1c5f1e23c520bbfaf224003190ff"/>
         <property name="seleniumVersion" value="3.141.59"/>
         <property name="proxyInformation" value="ProxyInformation { proxyOption=NO_PROXY, proxyServerType=HTTP, username=, password=********, proxyServerAddress=, proxyServerPort=0, executionList=&quot;&quot;, isApplyToDesiredCapabilities=true }"/>
         <property name="platform" value="Windows 10"/>
      </properties>
      <testcase name="Test Cases/login_admin" time="40.007" classname="Test Cases/login_admin" status="PASSED">
         <system-out><![CDATA[2023-10-26 10:28:07 - [TEST_CASE][PASSED] - Test Cases/login_admin: Test Cases/login_admin

2023-10-26 10:28:11 - [TEST_STEP][PASSED] - openBrowser(""): Browser is opened with url: ''

2023-10-26 10:28:14 - [MESSAGE][INFO] - Starting 'Chrome' driver

2023-10-26 10:28:14 - [MESSAGE][INFO] - Action delay is set to 0 milliseconds

2023-10-26 10:28:30 - [MESSAGE][PASSED] - Browser is opened with url: ''

2023-10-26 10:28:30 - [TEST_STEP][PASSED] - maximizeWindow(): Current window maximized

2023-10-26 10:28:31 - [MESSAGE][PASSED] - Current window maximized

2023-10-26 10:28:31 - [TEST_STEP][PASSED] - navigateToUrl("https://dms-dev.cloudias79.com/login"): Navigate to 'https://dms-dev.cloudias79.com/login' successfully

2023-10-26 10:28:38 - [MESSAGE][PASSED] - Navigate to 'https://dms-dev.cloudias79.com/login' successfully

2023-10-26 10:28:38 - [TEST_STEP][PASSED] - setText(findTestObject("Object Repository/input_Silakan masuk untuk melanjutkan_r0"), "akunadmin"): Text 'akunadmin' is set on object 'Object Repository/input_Silakan masuk untuk melanjutkan_r0'

2023-10-26 10:28:44 - [MESSAGE][PASSED] - Text 'akunadmin' is set on object 'Object Repository/input_Silakan masuk untuk melanjutkan_r0'

2023-10-26 10:28:44 - [TEST_STEP][PASSED] - setEncryptedText(findTestObject("Object Repository/input__r1"), "fzqqY0qJjYTuJiVJRZh4ag=="): Text ****** has been set on object 'Object Repository/input__r1'

2023-10-26 10:28:45 - [MESSAGE][PASSED] - Text ****** has been set on object 'Object Repository/input__r1'

2023-10-26 10:28:45 - [TEST_STEP][PASSED] - click(findTestObject("Object Repository/button_Login")): Object: 'Object Repository/button_Login' is clicked on

2023-10-26 10:28:47 - [MESSAGE][PASSED] - Object: 'Object Repository/button_Login' is clicked on]]></system-out>
         <system-err><![CDATA[]]></system-err>
      </testcase>
      <testcase name="Test Cases/admin_lihat_daftar_tipe" time="18.045" classname="Test Cases/admin_lihat_daftar_tipe" status="PASSED">
         <system-out><![CDATA[2023-10-26 10:28:47 - [TEST_CASE][PASSED] - Test Cases/admin_lihat_daftar_tipe: Test Cases/admin_lihat_daftar_tipe

2023-10-26 10:28:51 - [TEST_STEP][PASSED] - click(findTestObject("admin/kendaraan/daftar tipe kendaraan/button_Daftar Tipe Kendaraan")): Object: 'Object Repository/admin/kendaraan/daftar tipe kendaraan/button_Daftar Tipe Kendaraan' is clicked on

2023-10-26 10:29:05 - [MESSAGE][PASSED] - Object: 'Object Repository/admin/kendaraan/daftar tipe kendaraan/button_Daftar Tipe Kendaraan' is clicked on]]></system-out>
         <system-err><![CDATA[]]></system-err>
      </testcase>
      <testcase name="Test Cases/admin_search_tipe" time="11.814" classname="Test Cases/admin_search_tipe" status="PASSED">
         <system-out><![CDATA[2023-10-26 10:29:05 - [TEST_CASE][PASSED] - Test Cases/admin_search_tipe: Test Cases/admin_search_tipe

2023-10-26 10:29:07 - [TEST_STEP][PASSED] - click(findTestObject("admin/kendaraan/daftar tipe kendaraan/button_Daftar Tipe Kendaraan")): Object: 'Object Repository/admin/kendaraan/daftar tipe kendaraan/button_Daftar Tipe Kendaraan' is clicked on

2023-10-26 10:29:11 - [MESSAGE][PASSED] - Object: 'Object Repository/admin/kendaraan/daftar tipe kendaraan/button_Daftar Tipe Kendaraan' is clicked on

2023-10-26 10:29:11 - [TEST_STEP][PASSED] - click(findTestObject("admin/kendaraan/daftar tipe kendaraan/search_tipe kendaraan")): Object: 'Object Repository/admin/kendaraan/daftar tipe kendaraan/search_tipe kendaraan' is clicked on

2023-10-26 10:29:14 - [MESSAGE][PASSED] - Object: 'Object Repository/admin/kendaraan/daftar tipe kendaraan/search_tipe kendaraan' is clicked on

2023-10-26 10:29:14 - [TEST_STEP][PASSED] - setText(findTestObject("admin/kendaraan/daftar tipe kendaraan/search_tipe kendaraan"), "h"): Text 'h' is set on object 'Object Repository/admin/kendaraan/daftar tipe kendaraan/search_tipe kendaraan'

2023-10-26 10:29:17 - [MESSAGE][PASSED] - Text 'h' is set on object 'Object Repository/admin/kendaraan/daftar tipe kendaraan/search_tipe kendaraan']]></system-out>
         <system-err><![CDATA[]]></system-err>
      </testcase>
      <testcase name="Test Cases/admin_tambah_tipe" time="13.665" classname="Test Cases/admin_tambah_tipe" status="PASSED">
         <system-out><![CDATA[2023-10-26 10:29:17 - [TEST_CASE][PASSED] - Test Cases/admin_tambah_tipe: Test Cases/admin_tambah_tipe

2023-10-26 10:29:20 - [TEST_STEP][PASSED] - click(findTestObject("admin/kendaraan/daftar tipe kendaraan/button_Tambah Tipe Kendaraan")): Object: 'Object Repository/admin/kendaraan/daftar tipe kendaraan/button_Tambah Tipe Kendaraan' is clicked on

2023-10-26 10:29:23 - [MESSAGE][PASSED] - Object: 'Object Repository/admin/kendaraan/daftar tipe kendaraan/button_Tambah Tipe Kendaraan' is clicked on

2023-10-26 10:29:23 - [TEST_STEP][PASSED] - click(findTestObject("admin/kendaraan/daftar tipe kendaraan/input_Tambah Tipe Kendaraan_rc")): Object: 'Object Repository/admin/kendaraan/daftar tipe kendaraan/input_Tambah Tipe Kendaraan_rc' is clicked on

2023-10-26 10:29:25 - [MESSAGE][PASSED] - Object: 'Object Repository/admin/kendaraan/daftar tipe kendaraan/input_Tambah Tipe Kendaraan_rc' is clicked on

2023-10-26 10:29:25 - [TEST_STEP][PASSED] - setText(findTestObject("admin/kendaraan/daftar tipe kendaraan/input_Tambah Tipe Kendaraan_rc"), "AQ"): Text 'AQ' is set on object 'Object Repository/admin/kendaraan/daftar tipe kendaraan/input_Tambah Tipe Kendaraan_rc'

2023-10-26 10:29:29 - [MESSAGE][PASSED] - Text 'AQ' is set on object 'Object Repository/admin/kendaraan/daftar tipe kendaraan/input_Tambah Tipe Kendaraan_rc'

2023-10-26 10:29:29 - [TEST_STEP][PASSED] - click(findTestObject("admin/kendaraan/daftar tipe kendaraan/button_Tambah Tipe Kendaraan_Batal")): Object: 'Object Repository/admin/kendaraan/daftar tipe kendaraan/button_Tambah Tipe Kendaraan_Batal' is clicked on

2023-10-26 10:29:30 - [MESSAGE][PASSED] - Object: 'Object Repository/admin/kendaraan/daftar tipe kendaraan/button_Tambah Tipe Kendaraan_Batal' is clicked on]]></system-out>
         <system-err><![CDATA[]]></system-err>
      </testcase>
      <testcase name="Test Cases/admin_edit_tipe" time="10.566" classname="Test Cases/admin_edit_tipe" status="PASSED">
         <system-out><![CDATA[2023-10-26 10:29:30 - [TEST_CASE][PASSED] - Test Cases/admin_edit_tipe: Test Cases/admin_edit_tipe

2023-10-26 10:29:35 - [TEST_STEP][PASSED] - click(findTestObject("admin/kendaraan/daftar tipe kendaraan/button_edit tipe")): Object: 'Object Repository/admin/kendaraan/daftar tipe kendaraan/button_edit tipe' is clicked on

2023-10-26 10:29:36 - [MESSAGE][PASSED] - Object: 'Object Repository/admin/kendaraan/daftar tipe kendaraan/button_edit tipe' is clicked on

2023-10-26 10:29:36 - [TEST_STEP][PASSED] - click(findTestObject("admin/kendaraan/daftar tipe kendaraan/input_Edit Tipe Kendaraan_rd")): Object: 'Object Repository/admin/kendaraan/daftar tipe kendaraan/input_Edit Tipe Kendaraan_rd' is clicked on

2023-10-26 10:29:38 - [MESSAGE][PASSED] - Object: 'Object Repository/admin/kendaraan/daftar tipe kendaraan/input_Edit Tipe Kendaraan_rd' is clicked on

2023-10-26 10:29:38 - [TEST_STEP][PASSED] - setText(findTestObject("admin/kendaraan/daftar tipe kendaraan/input_Edit Tipe Kendaraan_rd"), "Yamaha"): Text 'Yamaha' is set on object 'Object Repository/admin/kendaraan/daftar tipe kendaraan/input_Edit Tipe Kendaraan_rd'

2023-10-26 10:29:40 - [MESSAGE][PASSED] - Text 'Yamaha' is set on object 'Object Repository/admin/kendaraan/daftar tipe kendaraan/input_Edit Tipe Kendaraan_rd'

2023-10-26 10:29:40 - [TEST_STEP][PASSED] - click(findTestObject("admin/kendaraan/daftar tipe kendaraan/button_Edit Tipe Kendaraan_Batal")): Object: 'Object Repository/admin/kendaraan/daftar tipe kendaraan/button_Edit Tipe Kendaraan_Batal' is clicked on

2023-10-26 10:29:41 - [MESSAGE][PASSED] - Object: 'Object Repository/admin/kendaraan/daftar tipe kendaraan/button_Edit Tipe Kendaraan_Batal' is clicked on]]></system-out>
         <system-err><![CDATA[]]></system-err>
      </testcase>
      <testcase name="Test Cases/admin_delete_tipe" time="4.053" classname="Test Cases/admin_delete_tipe" status="PASSED">
         <system-out><![CDATA[2023-10-26 10:29:41 - [TEST_CASE][PASSED] - Test Cases/admin_delete_tipe: Test Cases/admin_delete_tipe

2023-10-26 10:29:43 - [TEST_STEP][PASSED] - click(findTestObject("admin/kendaraan/daftar tipe kendaraan/button_delete tipe")): Object: 'Object Repository/admin/kendaraan/daftar tipe kendaraan/button_delete tipe' is clicked on

2023-10-26 10:29:44 - [MESSAGE][PASSED] - Object: 'Object Repository/admin/kendaraan/daftar tipe kendaraan/button_delete tipe' is clicked on

2023-10-26 10:29:44 - [TEST_STEP][PASSED] - click(findTestObject("admin/kendaraan/daftar tipe kendaraan/button_Hapus Tipe Kendaraan_Batal")): Object: 'Object Repository/admin/kendaraan/daftar tipe kendaraan/button_Hapus Tipe Kendaraan_Batal' is clicked on

2023-10-26 10:29:45 - [MESSAGE][PASSED] - Object: 'Object Repository/admin/kendaraan/daftar tipe kendaraan/button_Hapus Tipe Kendaraan_Batal' is clicked on]]></system-out>
         <system-err><![CDATA[]]></system-err>
      </testcase>
      <testcase name="Test Cases/logout_admin" time="12.724" classname="Test Cases/logout_admin" status="PASSED">
         <system-out><![CDATA[2023-10-26 10:29:45 - [TEST_CASE][PASSED] - Test Cases/logout_admin: Test Cases/logout_admin

2023-10-26 10:29:46 - [TEST_STEP][PASSED] - click(findTestObject("admin/button_icon profile")): Object: 'Object Repository/admin/button_icon profile' is clicked on

2023-10-26 10:29:47 - [MESSAGE][PASSED] - Object: 'Object Repository/admin/button_icon profile' is clicked on

2023-10-26 10:29:47 - [TEST_STEP][PASSED] - delay(3): Delayed 3 second(s)

2023-10-26 10:29:50 - [MESSAGE][PASSED] - Delayed 3 second(s)

2023-10-26 10:29:50 - [TEST_STEP][PASSED] - waitForElementPresent(findTestObject("admin/button_Log Out"), 3): Object 'Object Repository/admin/button_Log Out' is present

2023-10-26 10:29:51 - [MESSAGE][PASSED] - Object 'Object Repository/admin/button_Log Out' is present

2023-10-26 10:29:51 - [TEST_STEP][PASSED] - waitForElementClickable(findTestObject("admin/button_Log Out"), 3): Object 'Object Repository/admin/button_Log Out' is clickable

2023-10-26 10:29:52 - [MESSAGE][PASSED] - Object 'Object Repository/admin/button_Log Out' is clickable

2023-10-26 10:29:52 - [TEST_STEP][PASSED] - click(findTestObject("admin/button_Log Out")): Object: 'Object Repository/admin/button_Log Out' is clicked on

2023-10-26 10:29:58 - [MESSAGE][PASSED] - Object: 'Object Repository/admin/button_Log Out' is clicked on]]></system-out>
         <system-err><![CDATA[]]></system-err>
      </testcase>
      <system-out><![CDATA[2023-10-26 10:28:05 - [TEST_SUITE][PASSED] - Tipe Kendaraan: Test Cases/logout_admin]]></system-out>
      <system-err><![CDATA[]]></system-err>
   </testsuite>
</testsuites>
