<?xml version="1.0" encoding="UTF-8"?>
<testsuites name="Admin" time="590.928" tests="21" failures="0" errors="0">
   <testsuite name="Dealer Kendaraan" tests="7" failures="0" errors="0" time="305.628" skipped="0" timestamp="2023-10-25 12:22:49" hostname="THINKPAD - DESKTOP-KQUK8GU" id="Test Suites/Dealer Kendaraan">
      <properties>
         <property name="deviceName" value=""/>
         <property name="devicePlatform" value=""/>
         <property name="logFolder" value="C:\\Users\\THINKPAD\\git\\katalon-certification\\Reports\\20231025_122227\\Dealer Kendaraan\\20231025_122229"/>
         <property name="logFiles" value="C:\\Users\\THINKPAD\\git\\katalon-certification\\Reports\\20231025_122227\\Dealer Kendaraan\\20231025_122229\\execution0.log"/>
         <property name="attachments" value=""/>
         <property name="hostName" value="THINKPAD - DESKTOP-KQUK8GU"/>
         <property name="os" value="Windows 10 64bit"/>
         <property name="katalonVersion" value="8.6.8.208"/>
         <property name="browser" value="Chrome 118.0.0.0"/>
         <property name="hostAddress" value="192.168.0.109"/>
         <property name="sessionId" value="0111ae7f80550dcd9cbde12760aca282"/>
         <property name="seleniumVersion" value="3.141.59"/>
         <property name="proxyInformation" value="ProxyInformation { proxyOption=NO_PROXY, proxyServerType=HTTP, username=, password=********, proxyServerAddress=, proxyServerPort=0, executionList=&quot;&quot;, isApplyToDesiredCapabilities=true }"/>
         <property name="platform" value="Windows 10"/>
      </properties>
      <testcase name="Test Cases/login_admin" time="88.614" classname="Test Cases/login_admin" status="PASSED">
         <system-out><![CDATA[2023-10-25 12:22:51 - [TEST_CASE][PASSED] - Test Cases/login_admin: Test Cases/login_admin

2023-10-25 12:22:53 - [TEST_STEP][PASSED] - openBrowser(""): Browser is opened with url: ''

2023-10-25 12:22:56 - [MESSAGE][INFO] - Starting 'Chrome' driver

2023-10-25 12:22:56 - [MESSAGE][INFO] - Action delay is set to 0 milliseconds

2023-10-25 12:23:11 - [MESSAGE][PASSED] - Browser is opened with url: ''

2023-10-25 12:23:11 - [TEST_STEP][PASSED] - maximizeWindow(): Current window maximized

2023-10-25 12:23:12 - [MESSAGE][PASSED] - Current window maximized

2023-10-25 12:23:12 - [TEST_STEP][PASSED] - navigateToUrl("https://dms-dev.cloudias79.com/login"): Navigate to 'https://dms-dev.cloudias79.com/login' successfully

2023-10-25 12:23:43 - [MESSAGE][PASSED] - Navigate to 'https://dms-dev.cloudias79.com/login' successfully

2023-10-25 12:23:43 - [TEST_STEP][PASSED] - setText(findTestObject("Object Repository/input_Silakan masuk untuk melanjutkan_r0"), "akunadmin"): Text 'akunadmin' is set on object 'Object Repository/input_Silakan masuk untuk melanjutkan_r0'

2023-10-25 12:24:00 - [MESSAGE][PASSED] - Text 'akunadmin' is set on object 'Object Repository/input_Silakan masuk untuk melanjutkan_r0'

2023-10-25 12:24:00 - [TEST_STEP][PASSED] - setEncryptedText(findTestObject("Object Repository/input__r1"), "fzqqY0qJjYTuJiVJRZh4ag=="): Text ****** has been set on object 'Object Repository/input__r1'

2023-10-25 12:24:12 - [MESSAGE][PASSED] - Text ****** has been set on object 'Object Repository/input__r1'

2023-10-25 12:24:12 - [TEST_STEP][PASSED] - click(findTestObject("Object Repository/button_Login")): Object: 'Object Repository/button_Login' is clicked on

2023-10-25 12:24:19 - [MESSAGE][PASSED] - Object: 'Object Repository/button_Login' is clicked on]]></system-out>
         <system-err><![CDATA[]]></system-err>
      </testcase>
      <testcase name="Test Cases/admin_lihat_daftar_dealer" time="10.149" classname="Test Cases/admin_lihat_daftar_dealer" status="PASSED">
         <system-out><![CDATA[2023-10-25 12:24:19 - [TEST_CASE][PASSED] - Test Cases/admin_lihat_daftar_dealer: Test Cases/admin_lihat_daftar_dealer

2023-10-25 12:24:24 - [TEST_STEP][PASSED] - click(findTestObject("admin/kendaraan/daftar dealer kendaraan/button_Daftar Dealer Kendaraan")): Object: 'Object Repository/admin/kendaraan/daftar dealer kendaraan/button_Daftar Dealer Kendaraan' is clicked on

2023-10-25 12:24:30 - [MESSAGE][PASSED] - Object: 'Object Repository/admin/kendaraan/daftar dealer kendaraan/button_Daftar Dealer Kendaraan' is clicked on]]></system-out>
         <system-err><![CDATA[]]></system-err>
      </testcase>
      <testcase name="Test Cases/admin_search_dealer" time="23.036" classname="Test Cases/admin_search_dealer" status="PASSED">
         <system-out><![CDATA[2023-10-25 12:24:30 - [TEST_CASE][PASSED] - Test Cases/admin_search_dealer: Test Cases/admin_search_dealer

2023-10-25 12:24:34 - [TEST_STEP][PASSED] - click(findTestObject("admin/kendaraan/daftar dealer kendaraan/button_Daftar Dealer Kendaraan")): Object: 'Object Repository/admin/kendaraan/daftar dealer kendaraan/button_Daftar Dealer Kendaraan' is clicked on

2023-10-25 12:24:40 - [MESSAGE][PASSED] - Object: 'Object Repository/admin/kendaraan/daftar dealer kendaraan/button_Daftar Dealer Kendaraan' is clicked on

2023-10-25 12:24:40 - [TEST_STEP][PASSED] - click(findTestObject("admin/kendaraan/daftar warna kendaraan/input_search Daftar Dealer Kendaraan")): Object: 'Object Repository/admin/kendaraan/daftar warna kendaraan/input_search Daftar Dealer Kendaraan' is clicked on

2023-10-25 12:24:47 - [MESSAGE][PASSED] - Object: 'Object Repository/admin/kendaraan/daftar warna kendaraan/input_search Daftar Dealer Kendaraan' is clicked on

2023-10-25 12:24:47 - [TEST_STEP][PASSED] - setText(findTestObject("admin/kendaraan/daftar warna kendaraan/input_search Daftar Dealer Kendaraan"), "h"): Text 'h' is set on object 'Object Repository/admin/kendaraan/daftar warna kendaraan/input_search Daftar Dealer Kendaraan'

2023-10-25 12:24:53 - [MESSAGE][PASSED] - Text 'h' is set on object 'Object Repository/admin/kendaraan/daftar warna kendaraan/input_search Daftar Dealer Kendaraan']]></system-out>
         <system-err><![CDATA[]]></system-err>
      </testcase>
      <testcase name="Test Cases/admin_tambah_dealer" time="129.722" classname="Test Cases/admin_tambah_dealer" status="PASSED">
         <system-out><![CDATA[2023-10-25 12:24:53 - [TEST_CASE][PASSED] - Test Cases/admin_tambah_dealer: Test Cases/admin_tambah_dealer

2023-10-25 12:24:58 - [TEST_STEP][PASSED] - click(findTestObject("admin/kendaraan/daftar dealer kendaraan/button_Daftar Dealer Kendaraan")): Object: 'Object Repository/admin/kendaraan/daftar dealer kendaraan/button_Daftar Dealer Kendaraan' is clicked on

2023-10-25 12:25:01 - [MESSAGE][PASSED] - Object: 'Object Repository/admin/kendaraan/daftar dealer kendaraan/button_Daftar Dealer Kendaraan' is clicked on

2023-10-25 12:25:01 - [TEST_STEP][PASSED] - click(findTestObject("admin/kendaraan/daftar dealer kendaraan/button_Tambah Dealer Penjualan Kendaraan")): Object: 'Object Repository/admin/kendaraan/daftar dealer kendaraan/button_Tambah Dealer Penjualan Kendaraan' is clicked on

2023-10-25 12:25:11 - [MESSAGE][PASSED] - Object: 'Object Repository/admin/kendaraan/daftar dealer kendaraan/button_Tambah Dealer Penjualan Kendaraan' is clicked on

2023-10-25 12:25:11 - [TEST_STEP][PASSED] - click(findTestObject("admin/kendaraan/daftar dealer kendaraan/input_Tambah Dealer Penjualan Kendaraan")): Object: 'Object Repository/admin/kendaraan/daftar dealer kendaraan/input_Tambah Dealer Penjualan Kendaraan' is clicked on

2023-10-25 12:25:44 - [MESSAGE][INFO] - Unable to find the element located by 'By.xpath: //input[@id=':ro:']'. Please recheck the objects properties to make sure the desired element is located. 

2023-10-25 12:25:44 - [MESSAGE][WARNING] - [SELF-HEALING] Failed to find element with id 'Object Repository/admin/kendaraan/daftar dealer kendaraan/input_Tambah Dealer Penjualan Kendaraan'. Try using Self-healing.

2023-10-25 12:25:45 - [MESSAGE][INFO] - [SELF-HEALING] Failed Locator: '//input[@id=':ro:']'.

2023-10-25 12:25:46 - [MESSAGE][INFO] - [SELF-HEALING] Failed Locator: '//body[@id='doc-root']/div[3]/div[3]/div/div/div/div/input'.

2023-10-25 12:25:47 - [MESSAGE][INFO] - [SELF-HEALING] Working Locator: '//div[3]/div/div/div/div/input'.

2023-10-25 12:25:57 - [MESSAGE][INFO] - [SELF-HEALING] Screenshot: C:/Users/THINKPAD/git/katalon-certification/Reports/Self-healing/Object Repository/admin/kendaraan/daftar dealer kendaraan/input_Tambah Dealer Penjualan Kendaraan_position.png

2023-10-25 12:25:57 - [MESSAGE][WARNING] - [SELF-HEALING] The current locator of test object 'Object Repository/admin/kendaraan/daftar dealer kendaraan/input_Tambah Dealer Penjualan Kendaraan' was broken. Propose an alternative one: '//div[3]/div/div/div/div/input'.

2023-10-25 12:25:57 - [MESSAGE][PASSED] - Object: 'Object Repository/admin/kendaraan/daftar dealer kendaraan/input_Tambah Dealer Penjualan Kendaraan' is clicked on

2023-10-25 12:25:57 - [TEST_STEP][PASSED] - setText(findTestObject("admin/kendaraan/daftar dealer kendaraan/input_Tambah Dealer Penjualan Kendaraan"), "Suzuki"): Text 'Suzuki' is set on object 'Object Repository/admin/kendaraan/daftar dealer kendaraan/input_Tambah Dealer Penjualan Kendaraan'

2023-10-25 12:26:29 - [MESSAGE][INFO] - Unable to find the element located by 'By.xpath: //input[@id=':ro:']'. Please recheck the objects properties to make sure the desired element is located. 

2023-10-25 12:26:29 - [MESSAGE][WARNING] - [SELF-HEALING] Failed to find element with id 'Object Repository/admin/kendaraan/daftar dealer kendaraan/input_Tambah Dealer Penjualan Kendaraan'. Try using Self-healing.

2023-10-25 12:26:30 - [MESSAGE][WARNING] - [SELF-HEALING] The current locator of test object 'Object Repository/admin/kendaraan/daftar dealer kendaraan/input_Tambah Dealer Penjualan Kendaraan' was broken. Propose an alternative one: '//div[3]/div/div/div/div/input'.

2023-10-25 12:27:01 - [MESSAGE][INFO] - Unable to find the element located by 'By.xpath: //input[@id=':ro:']'. Please recheck the objects properties to make sure the desired element is located. 

2023-10-25 12:27:01 - [MESSAGE][WARNING] - [SELF-HEALING] Failed to find element with id 'Object Repository/admin/kendaraan/daftar dealer kendaraan/input_Tambah Dealer Penjualan Kendaraan'. Try using Self-healing.

2023-10-25 12:27:01 - [MESSAGE][WARNING] - [SELF-HEALING] The current locator of test object 'Object Repository/admin/kendaraan/daftar dealer kendaraan/input_Tambah Dealer Penjualan Kendaraan' was broken. Propose an alternative one: '//div[3]/div/div/div/div/input'.

2023-10-25 12:27:02 - [MESSAGE][PASSED] - Text 'Suzuki' is set on object 'Object Repository/admin/kendaraan/daftar dealer kendaraan/input_Tambah Dealer Penjualan Kendaraan'

2023-10-25 12:27:02 - [TEST_STEP][PASSED] - click(findTestObject("admin/kendaraan/daftar dealer kendaraan/button_Tambah Dealer Penjualan Kendaraan_Batal")): Object: 'Object Repository/admin/kendaraan/daftar dealer kendaraan/button_Tambah Dealer Penjualan Kendaraan_Batal' is clicked on

2023-10-25 12:27:02 - [MESSAGE][PASSED] - Object: 'Object Repository/admin/kendaraan/daftar dealer kendaraan/button_Tambah Dealer Penjualan Kendaraan_Batal' is clicked on]]></system-out>
         <system-err><![CDATA[]]></system-err>
      </testcase>
      <testcase name="Test Cases/admin_edit_dealer" time="36.553" classname="Test Cases/admin_edit_dealer" status="PASSED">
         <system-out><![CDATA[2023-10-25 12:27:02 - [TEST_CASE][PASSED] - Test Cases/admin_edit_dealer: Test Cases/admin_edit_dealer

2023-10-25 12:27:04 - [TEST_STEP][PASSED] - click(findTestObject("admin/kendaraan/daftar dealer kendaraan/button_Daftar Dealer Kendaraan")): Object: 'Object Repository/admin/kendaraan/daftar dealer kendaraan/button_Daftar Dealer Kendaraan' is clicked on

2023-10-25 12:27:04 - [MESSAGE][PASSED] - Object: 'Object Repository/admin/kendaraan/daftar dealer kendaraan/button_Daftar Dealer Kendaraan' is clicked on

2023-10-25 12:27:04 - [TEST_STEP][PASSED] - click(findTestObject("admin/kendaraan/daftar dealer kendaraan/button_edit dealer penjualan kendaraan")): Object: 'Object Repository/admin/kendaraan/daftar dealer kendaraan/button_edit dealer penjualan kendaraan' is clicked on

2023-10-25 12:27:06 - [MESSAGE][PASSED] - Object: 'Object Repository/admin/kendaraan/daftar dealer kendaraan/button_edit dealer penjualan kendaraan' is clicked on

2023-10-25 12:27:06 - [TEST_STEP][PASSED] - click(findTestObject("admin/kendaraan/daftar dealer kendaraan/input_Edit Dealer Penjualan Kendaraan")): Object: 'Object Repository/admin/kendaraan/daftar dealer kendaraan/input_Edit Dealer Penjualan Kendaraan' is clicked on

2023-10-25 12:27:37 - [MESSAGE][INFO] - Unable to find the element located by 'By.xpath: //input[@id=':rp:']'. Please recheck the objects properties to make sure the desired element is located. 

2023-10-25 12:27:37 - [MESSAGE][WARNING] - [SELF-HEALING] Failed to find element with id 'Object Repository/admin/kendaraan/daftar dealer kendaraan/input_Edit Dealer Penjualan Kendaraan'. Try using Self-healing.

2023-10-25 12:27:37 - [MESSAGE][INFO] - [SELF-HEALING] Failed Locator: '//input[@id=':rp:']'.

2023-10-25 12:27:38 - [MESSAGE][INFO] - [SELF-HEALING] Failed Locator: '//body[@id='doc-root']/div[3]/div[3]/div/div/div/div/input'.

2023-10-25 12:27:38 - [MESSAGE][INFO] - [SELF-HEALING] Working Locator: '//div[3]/div/div/div/div/input'.

2023-10-25 12:27:38 - [MESSAGE][INFO] - [SELF-HEALING] Screenshot: C:/Users/THINKPAD/git/katalon-certification/Reports/Self-healing/Object Repository/admin/kendaraan/daftar dealer kendaraan/input_Edit Dealer Penjualan Kendaraan_position.png

2023-10-25 12:27:38 - [MESSAGE][WARNING] - [SELF-HEALING] The current locator of test object 'Object Repository/admin/kendaraan/daftar dealer kendaraan/input_Edit Dealer Penjualan Kendaraan' was broken. Propose an alternative one: '//div[3]/div/div/div/div/input'.

2023-10-25 12:27:38 - [MESSAGE][PASSED] - Object: 'Object Repository/admin/kendaraan/daftar dealer kendaraan/input_Edit Dealer Penjualan Kendaraan' is clicked on

2023-10-25 12:27:38 - [TEST_STEP][PASSED] - click(findTestObject("admin/kendaraan/daftar dealer kendaraan/button_Edit Dealer Penjualan Kendaraan_Batal")): Object: 'Object Repository/admin/kendaraan/daftar dealer kendaraan/button_Edit Dealer Penjualan Kendaraan_Batal' is clicked on

2023-10-25 12:27:39 - [MESSAGE][PASSED] - Object: 'Object Repository/admin/kendaraan/daftar dealer kendaraan/button_Edit Dealer Penjualan Kendaraan_Batal' is clicked on]]></system-out>
         <system-err><![CDATA[]]></system-err>
      </testcase>
      <testcase name="Test Cases/admin_delete_dealer" time="3.606" classname="Test Cases/admin_delete_dealer" status="PASSED">
         <system-out><![CDATA[2023-10-25 12:27:39 - [TEST_CASE][PASSED] - Test Cases/admin_delete_dealer: Test Cases/admin_delete_dealer

2023-10-25 12:27:40 - [TEST_STEP][PASSED] - click(findTestObject("admin/kendaraan/daftar dealer kendaraan/button_Daftar Dealer Kendaraan")): Object: 'Object Repository/admin/kendaraan/daftar dealer kendaraan/button_Daftar Dealer Kendaraan' is clicked on

2023-10-25 12:27:41 - [MESSAGE][PASSED] - Object: 'Object Repository/admin/kendaraan/daftar dealer kendaraan/button_Daftar Dealer Kendaraan' is clicked on

2023-10-25 12:27:41 - [TEST_STEP][PASSED] - click(findTestObject("admin/kendaraan/daftar dealer kendaraan/button_Hapus Dealer Penjualan Kendaraan")): Object: 'Object Repository/admin/kendaraan/daftar dealer kendaraan/button_Hapus Dealer Penjualan Kendaraan' is clicked on

2023-10-25 12:27:41 - [MESSAGE][PASSED] - Object: 'Object Repository/admin/kendaraan/daftar dealer kendaraan/button_Hapus Dealer Penjualan Kendaraan' is clicked on

2023-10-25 12:27:41 - [TEST_STEP][PASSED] - click(findTestObject("admin/kendaraan/daftar dealer kendaraan/button_Hapus Dealer Penjualan Kendaraan_Batal")): Object: 'Object Repository/admin/kendaraan/daftar dealer kendaraan/button_Hapus Dealer Penjualan Kendaraan_Batal' is clicked on

2023-10-25 12:27:43 - [MESSAGE][PASSED] - Object: 'Object Repository/admin/kendaraan/daftar dealer kendaraan/button_Hapus Dealer Penjualan Kendaraan_Batal' is clicked on]]></system-out>
         <system-err><![CDATA[]]></system-err>
      </testcase>
      <testcase name="Test Cases/logout_admin" time="12.12" classname="Test Cases/logout_admin" status="PASSED">
         <system-out><![CDATA[2023-10-25 12:27:43 - [TEST_CASE][PASSED] - Test Cases/logout_admin: Test Cases/logout_admin

2023-10-25 12:27:44 - [TEST_STEP][PASSED] - click(findTestObject("admin/button_icon profile")): Object: 'Object Repository/admin/button_icon profile' is clicked on

2023-10-25 12:27:44 - [MESSAGE][PASSED] - Object: 'Object Repository/admin/button_icon profile' is clicked on

2023-10-25 12:27:44 - [TEST_STEP][PASSED] - delay(3): Delayed 3 second(s)

2023-10-25 12:27:47 - [MESSAGE][PASSED] - Delayed 3 second(s)

2023-10-25 12:27:47 - [TEST_STEP][PASSED] - waitForElementPresent(findTestObject("admin/button_Log Out"), 3): Object 'Object Repository/admin/button_Log Out' is present

2023-10-25 12:27:48 - [MESSAGE][PASSED] - Object 'Object Repository/admin/button_Log Out' is present

2023-10-25 12:27:48 - [TEST_STEP][PASSED] - waitForElementClickable(findTestObject("admin/button_Log Out"), 3): Object 'Object Repository/admin/button_Log Out' is clickable

2023-10-25 12:27:49 - [MESSAGE][PASSED] - Object 'Object Repository/admin/button_Log Out' is clickable

2023-10-25 12:27:49 - [TEST_STEP][PASSED] - click(findTestObject("admin/button_Log Out")): Object: 'Object Repository/admin/button_Log Out' is clicked on

2023-10-25 12:27:55 - [MESSAGE][PASSED] - Object: 'Object Repository/admin/button_Log Out' is clicked on]]></system-out>
         <system-err><![CDATA[]]></system-err>
      </testcase>
      <system-out><![CDATA[2023-10-25 12:22:49 - [TEST_SUITE][PASSED] - Dealer Kendaraan: Test Cases/logout_admin]]></system-out>
      <system-err><![CDATA[]]></system-err>
   </testsuite>
   <testsuite name="Tipe Kendaraan" tests="7" failures="0" errors="0" time="197.548" skipped="0" timestamp="2023-10-25 12:22:51" hostname="THINKPAD - DESKTOP-KQUK8GU" id="Test Suites/Tipe Kendaraan">
      <properties>
         <property name="deviceName" value=""/>
         <property name="devicePlatform" value=""/>
         <property name="logFolder" value="C:\\Users\\THINKPAD\\git\\katalon-certification\\Reports\\20231025_122227\\Tipe Kendaraan\\20231025_122232"/>
         <property name="logFiles" value="C:\\Users\\THINKPAD\\git\\katalon-certification\\Reports\\20231025_122227\\Tipe Kendaraan\\20231025_122232\\execution0.log"/>
         <property name="attachments" value=""/>
         <property name="hostName" value="THINKPAD - DESKTOP-KQUK8GU"/>
         <property name="os" value="Windows 10 64bit"/>
         <property name="katalonVersion" value="8.6.8.208"/>
         <property name="browser" value="Chrome 118.0.0.0"/>
         <property name="hostAddress" value="192.168.0.109"/>
         <property name="sessionId" value="ce2cc8ae5cf9bf11d59d656370830e45"/>
         <property name="seleniumVersion" value="3.141.59"/>
         <property name="proxyInformation" value="ProxyInformation { proxyOption=NO_PROXY, proxyServerType=HTTP, username=, password=********, proxyServerAddress=, proxyServerPort=0, executionList=&quot;&quot;, isApplyToDesiredCapabilities=true }"/>
         <property name="platform" value="Windows 10"/>
      </properties>
      <testcase name="Test Cases/login_admin" time="76.082" classname="Test Cases/login_admin" status="PASSED">
         <system-out><![CDATA[2023-10-25 12:22:52 - [TEST_CASE][PASSED] - Test Cases/login_admin: Test Cases/login_admin

2023-10-25 12:22:55 - [TEST_STEP][PASSED] - openBrowser(""): Browser is opened with url: ''

2023-10-25 12:23:00 - [MESSAGE][INFO] - Starting 'Chrome' driver

2023-10-25 12:23:00 - [MESSAGE][INFO] - Action delay is set to 0 milliseconds

2023-10-25 12:23:12 - [MESSAGE][PASSED] - Browser is opened with url: ''

2023-10-25 12:23:12 - [TEST_STEP][PASSED] - maximizeWindow(): Current window maximized

2023-10-25 12:23:13 - [MESSAGE][PASSED] - Current window maximized

2023-10-25 12:23:13 - [TEST_STEP][PASSED] - navigateToUrl("https://dms-dev.cloudias79.com/login"): Navigate to 'https://dms-dev.cloudias79.com/login' successfully

2023-10-25 12:23:25 - [MESSAGE][PASSED] - Navigate to 'https://dms-dev.cloudias79.com/login' successfully

2023-10-25 12:23:25 - [TEST_STEP][PASSED] - setText(findTestObject("Object Repository/input_Silakan masuk untuk melanjutkan_r0"), "akunadmin"): Text 'akunadmin' is set on object 'Object Repository/input_Silakan masuk untuk melanjutkan_r0'

2023-10-25 12:23:41 - [MESSAGE][PASSED] - Text 'akunadmin' is set on object 'Object Repository/input_Silakan masuk untuk melanjutkan_r0'

2023-10-25 12:23:41 - [TEST_STEP][PASSED] - setEncryptedText(findTestObject("Object Repository/input__r1"), "fzqqY0qJjYTuJiVJRZh4ag=="): Text ****** has been set on object 'Object Repository/input__r1'

2023-10-25 12:24:00 - [MESSAGE][PASSED] - Text ****** has been set on object 'Object Repository/input__r1'

2023-10-25 12:24:00 - [TEST_STEP][PASSED] - click(findTestObject("Object Repository/button_Login")): Object: 'Object Repository/button_Login' is clicked on

2023-10-25 12:24:08 - [MESSAGE][PASSED] - Object: 'Object Repository/button_Login' is clicked on]]></system-out>
         <system-err><![CDATA[]]></system-err>
      </testcase>
      <testcase name="Test Cases/admin_lihat_daftar_tipe" time="13.49" classname="Test Cases/admin_lihat_daftar_tipe" status="PASSED">
         <system-out><![CDATA[2023-10-25 12:24:08 - [TEST_CASE][PASSED] - Test Cases/admin_lihat_daftar_tipe: Test Cases/admin_lihat_daftar_tipe

2023-10-25 12:24:13 - [TEST_STEP][PASSED] - click(findTestObject("admin/kendaraan/daftar tipe kendaraan/button_Daftar Tipe Kendaraan")): Object: 'Object Repository/admin/kendaraan/daftar tipe kendaraan/button_Daftar Tipe Kendaraan' is clicked on

2023-10-25 12:24:21 - [MESSAGE][PASSED] - Object: 'Object Repository/admin/kendaraan/daftar tipe kendaraan/button_Daftar Tipe Kendaraan' is clicked on]]></system-out>
         <system-err><![CDATA[]]></system-err>
      </testcase>
      <testcase name="Test Cases/admin_search_tipe" time="24.759" classname="Test Cases/admin_search_tipe" status="PASSED">
         <system-out><![CDATA[2023-10-25 12:24:22 - [TEST_CASE][PASSED] - Test Cases/admin_search_tipe: Test Cases/admin_search_tipe

2023-10-25 12:24:25 - [TEST_STEP][PASSED] - click(findTestObject("admin/kendaraan/daftar tipe kendaraan/button_Daftar Tipe Kendaraan")): Object: 'Object Repository/admin/kendaraan/daftar tipe kendaraan/button_Daftar Tipe Kendaraan' is clicked on

2023-10-25 12:24:32 - [MESSAGE][PASSED] - Object: 'Object Repository/admin/kendaraan/daftar tipe kendaraan/button_Daftar Tipe Kendaraan' is clicked on

2023-10-25 12:24:32 - [TEST_STEP][PASSED] - click(findTestObject("admin/kendaraan/daftar tipe kendaraan/search_tipe kendaraan")): Object: 'Object Repository/admin/kendaraan/daftar tipe kendaraan/search_tipe kendaraan' is clicked on

2023-10-25 12:24:35 - [MESSAGE][PASSED] - Object: 'Object Repository/admin/kendaraan/daftar tipe kendaraan/search_tipe kendaraan' is clicked on

2023-10-25 12:24:35 - [TEST_STEP][PASSED] - setText(findTestObject("admin/kendaraan/daftar tipe kendaraan/search_tipe kendaraan"), "h"): Text 'h' is set on object 'Object Repository/admin/kendaraan/daftar tipe kendaraan/search_tipe kendaraan'

2023-10-25 12:24:46 - [MESSAGE][PASSED] - Text 'h' is set on object 'Object Repository/admin/kendaraan/daftar tipe kendaraan/search_tipe kendaraan']]></system-out>
         <system-err><![CDATA[]]></system-err>
      </testcase>
      <testcase name="Test Cases/admin_tambah_tipe" time="26.392" classname="Test Cases/admin_tambah_tipe" status="PASSED">
         <system-out><![CDATA[2023-10-25 12:24:46 - [TEST_CASE][PASSED] - Test Cases/admin_tambah_tipe: Test Cases/admin_tambah_tipe

2023-10-25 12:24:50 - [TEST_STEP][PASSED] - click(findTestObject("admin/kendaraan/daftar tipe kendaraan/button_Tambah Tipe Kendaraan")): Object: 'Object Repository/admin/kendaraan/daftar tipe kendaraan/button_Tambah Tipe Kendaraan' is clicked on

2023-10-25 12:24:54 - [MESSAGE][PASSED] - Object: 'Object Repository/admin/kendaraan/daftar tipe kendaraan/button_Tambah Tipe Kendaraan' is clicked on

2023-10-25 12:24:54 - [TEST_STEP][PASSED] - click(findTestObject("admin/kendaraan/daftar tipe kendaraan/input_Tambah Tipe Kendaraan_rc")): Object: 'Object Repository/admin/kendaraan/daftar tipe kendaraan/input_Tambah Tipe Kendaraan_rc' is clicked on

2023-10-25 12:24:58 - [MESSAGE][PASSED] - Object: 'Object Repository/admin/kendaraan/daftar tipe kendaraan/input_Tambah Tipe Kendaraan_rc' is clicked on

2023-10-25 12:24:58 - [TEST_STEP][PASSED] - setText(findTestObject("admin/kendaraan/daftar tipe kendaraan/input_Tambah Tipe Kendaraan_rc"), "AQ"): Text 'AQ' is set on object 'Object Repository/admin/kendaraan/daftar tipe kendaraan/input_Tambah Tipe Kendaraan_rc'

2023-10-25 12:25:10 - [MESSAGE][PASSED] - Text 'AQ' is set on object 'Object Repository/admin/kendaraan/daftar tipe kendaraan/input_Tambah Tipe Kendaraan_rc'

2023-10-25 12:25:10 - [TEST_STEP][PASSED] - click(findTestObject("admin/kendaraan/daftar tipe kendaraan/button_Tambah Tipe Kendaraan_Batal")): Object: 'Object Repository/admin/kendaraan/daftar tipe kendaraan/button_Tambah Tipe Kendaraan_Batal' is clicked on

2023-10-25 12:25:13 - [MESSAGE][PASSED] - Object: 'Object Repository/admin/kendaraan/daftar tipe kendaraan/button_Tambah Tipe Kendaraan_Batal' is clicked on]]></system-out>
         <system-err><![CDATA[]]></system-err>
      </testcase>
      <testcase name="Test Cases/admin_edit_tipe" time="20.728" classname="Test Cases/admin_edit_tipe" status="PASSED">
         <system-out><![CDATA[2023-10-25 12:25:13 - [TEST_CASE][PASSED] - Test Cases/admin_edit_tipe: Test Cases/admin_edit_tipe

2023-10-25 12:25:17 - [TEST_STEP][PASSED] - click(findTestObject("admin/kendaraan/daftar tipe kendaraan/button_edit tipe")): Object: 'Object Repository/admin/kendaraan/daftar tipe kendaraan/button_edit tipe' is clicked on

2023-10-25 12:25:20 - [MESSAGE][PASSED] - Object: 'Object Repository/admin/kendaraan/daftar tipe kendaraan/button_edit tipe' is clicked on

2023-10-25 12:25:20 - [TEST_STEP][PASSED] - click(findTestObject("admin/kendaraan/daftar tipe kendaraan/input_Edit Tipe Kendaraan_rd")): Object: 'Object Repository/admin/kendaraan/daftar tipe kendaraan/input_Edit Tipe Kendaraan_rd' is clicked on

2023-10-25 12:25:25 - [MESSAGE][PASSED] - Object: 'Object Repository/admin/kendaraan/daftar tipe kendaraan/input_Edit Tipe Kendaraan_rd' is clicked on

2023-10-25 12:25:25 - [TEST_STEP][PASSED] - setText(findTestObject("admin/kendaraan/daftar tipe kendaraan/input_Edit Tipe Kendaraan_rd"), "Yamaha"): Text 'Yamaha' is set on object 'Object Repository/admin/kendaraan/daftar tipe kendaraan/input_Edit Tipe Kendaraan_rd'

2023-10-25 12:25:32 - [MESSAGE][PASSED] - Text 'Yamaha' is set on object 'Object Repository/admin/kendaraan/daftar tipe kendaraan/input_Edit Tipe Kendaraan_rd'

2023-10-25 12:25:32 - [TEST_STEP][PASSED] - click(findTestObject("admin/kendaraan/daftar tipe kendaraan/button_Edit Tipe Kendaraan_Batal")): Object: 'Object Repository/admin/kendaraan/daftar tipe kendaraan/button_Edit Tipe Kendaraan_Batal' is clicked on

2023-10-25 12:25:33 - [MESSAGE][PASSED] - Object: 'Object Repository/admin/kendaraan/daftar tipe kendaraan/button_Edit Tipe Kendaraan_Batal' is clicked on]]></system-out>
         <system-err><![CDATA[]]></system-err>
      </testcase>
      <testcase name="Test Cases/admin_delete_tipe" time="11.074" classname="Test Cases/admin_delete_tipe" status="PASSED">
         <system-out><![CDATA[2023-10-25 12:25:34 - [TEST_CASE][PASSED] - Test Cases/admin_delete_tipe: Test Cases/admin_delete_tipe

2023-10-25 12:25:40 - [TEST_STEP][PASSED] - click(findTestObject("admin/kendaraan/daftar tipe kendaraan/button_delete tipe")): Object: 'Object Repository/admin/kendaraan/daftar tipe kendaraan/button_delete tipe' is clicked on

2023-10-25 12:25:43 - [MESSAGE][PASSED] - Object: 'Object Repository/admin/kendaraan/daftar tipe kendaraan/button_delete tipe' is clicked on

2023-10-25 12:25:43 - [TEST_STEP][PASSED] - click(findTestObject("admin/kendaraan/daftar tipe kendaraan/button_Hapus Tipe Kendaraan_Batal")): Object: 'Object Repository/admin/kendaraan/daftar tipe kendaraan/button_Hapus Tipe Kendaraan_Batal' is clicked on

2023-10-25 12:25:45 - [MESSAGE][PASSED] - Object: 'Object Repository/admin/kendaraan/daftar tipe kendaraan/button_Hapus Tipe Kendaraan_Batal' is clicked on]]></system-out>
         <system-err><![CDATA[]]></system-err>
      </testcase>
      <testcase name="Test Cases/logout_admin" time="23.629" classname="Test Cases/logout_admin" status="PASSED">
         <system-out><![CDATA[2023-10-25 12:25:45 - [TEST_CASE][PASSED] - Test Cases/logout_admin: Test Cases/logout_admin

2023-10-25 12:25:47 - [TEST_STEP][PASSED] - click(findTestObject("admin/button_icon profile")): Object: 'Object Repository/admin/button_icon profile' is clicked on

2023-10-25 12:25:51 - [MESSAGE][PASSED] - Object: 'Object Repository/admin/button_icon profile' is clicked on

2023-10-25 12:25:51 - [TEST_STEP][PASSED] - delay(3): Delayed 3 second(s)

2023-10-25 12:25:55 - [MESSAGE][PASSED] - Delayed 3 second(s)

2023-10-25 12:25:55 - [TEST_STEP][PASSED] - waitForElementPresent(findTestObject("admin/button_Log Out"), 3): Object 'Object Repository/admin/button_Log Out' is present

2023-10-25 12:25:57 - [MESSAGE][PASSED] - Object 'Object Repository/admin/button_Log Out' is present

2023-10-25 12:25:57 - [TEST_STEP][PASSED] - waitForElementClickable(findTestObject("admin/button_Log Out"), 3): Object 'Object Repository/admin/button_Log Out' is clickable

2023-10-25 12:25:59 - [MESSAGE][PASSED] - Object 'Object Repository/admin/button_Log Out' is clickable

2023-10-25 12:25:59 - [TEST_STEP][PASSED] - click(findTestObject("admin/button_Log Out")): Object: 'Object Repository/admin/button_Log Out' is clicked on

2023-10-25 12:26:08 - [MESSAGE][PASSED] - Object: 'Object Repository/admin/button_Log Out' is clicked on]]></system-out>
         <system-err><![CDATA[]]></system-err>
      </testcase>
      <system-out><![CDATA[2023-10-25 12:22:51 - [TEST_SUITE][PASSED] - Tipe Kendaraan: Test Cases/logout_admin]]></system-out>
      <system-err><![CDATA[]]></system-err>
   </testsuite>
   <testsuite name="Warna Kendaraan" tests="7" failures="0" errors="0" time="574.752" skipped="0" timestamp="2023-10-25 12:22:51" hostname="THINKPAD - DESKTOP-KQUK8GU" id="Test Suites/Warna Kendaraan">
      <properties>
         <property name="deviceName" value=""/>
         <property name="devicePlatform" value=""/>
         <property name="logFolder" value="C:\\Users\\THINKPAD\\git\\katalon-certification\\Reports\\20231025_122227\\Warna Kendaraan\\20231025_122234"/>
         <property name="logFiles" value="C:\\Users\\THINKPAD\\git\\katalon-certification\\Reports\\20231025_122227\\Warna Kendaraan\\20231025_122234\\execution0.log"/>
         <property name="attachments" value=""/>
         <property name="hostName" value="THINKPAD - DESKTOP-KQUK8GU"/>
         <property name="os" value="Windows 10 64bit"/>
         <property name="katalonVersion" value="8.6.8.208"/>
         <property name="browser" value="Chrome 118.0.0.0"/>
         <property name="hostAddress" value="192.168.0.109"/>
         <property name="sessionId" value="ff21620f26b67c3eadd9cf64ce5fb4bd"/>
         <property name="seleniumVersion" value="3.141.59"/>
         <property name="proxyInformation" value="ProxyInformation { proxyOption=NO_PROXY, proxyServerType=HTTP, username=, password=********, proxyServerAddress=, proxyServerPort=0, executionList=&quot;&quot;, isApplyToDesiredCapabilities=true }"/>
         <property name="platform" value="Windows 10"/>
      </properties>
      <testcase name="Test Cases/login_admin" time="69.9" classname="Test Cases/login_admin" status="PASSED">
         <system-out><![CDATA[2023-10-25 12:22:52 - [TEST_CASE][PASSED] - Test Cases/login_admin: Test Cases/login_admin

2023-10-25 12:22:57 - [TEST_STEP][PASSED] - openBrowser(""): Browser is opened with url: ''

2023-10-25 12:23:00 - [MESSAGE][INFO] - Starting 'Chrome' driver

2023-10-25 12:23:01 - [MESSAGE][INFO] - Action delay is set to 0 milliseconds

2023-10-25 12:23:13 - [MESSAGE][PASSED] - Browser is opened with url: ''

2023-10-25 12:23:13 - [TEST_STEP][PASSED] - maximizeWindow(): Current window maximized

2023-10-25 12:23:13 - [MESSAGE][PASSED] - Current window maximized

2023-10-25 12:23:13 - [TEST_STEP][PASSED] - navigateToUrl("https://dms-dev.cloudias79.com/login"): Navigate to 'https://dms-dev.cloudias79.com/login' successfully

2023-10-25 12:23:30 - [MESSAGE][PASSED] - Navigate to 'https://dms-dev.cloudias79.com/login' successfully

2023-10-25 12:23:30 - [TEST_STEP][PASSED] - setText(findTestObject("Object Repository/input_Silakan masuk untuk melanjutkan_r0"), "akunadmin"): Text 'akunadmin' is set on object 'Object Repository/input_Silakan masuk untuk melanjutkan_r0'

2023-10-25 12:23:46 - [MESSAGE][PASSED] - Text 'akunadmin' is set on object 'Object Repository/input_Silakan masuk untuk melanjutkan_r0'

2023-10-25 12:23:46 - [TEST_STEP][PASSED] - setEncryptedText(findTestObject("Object Repository/input__r1"), "fzqqY0qJjYTuJiVJRZh4ag=="): Text ****** has been set on object 'Object Repository/input__r1'

2023-10-25 12:23:55 - [MESSAGE][PASSED] - Text ****** has been set on object 'Object Repository/input__r1'

2023-10-25 12:23:55 - [TEST_STEP][PASSED] - click(findTestObject("Object Repository/button_Login")): Object: 'Object Repository/button_Login' is clicked on

2023-10-25 12:24:02 - [MESSAGE][PASSED] - Object: 'Object Repository/button_Login' is clicked on]]></system-out>
         <system-err><![CDATA[]]></system-err>
      </testcase>
      <testcase name="Test Cases/admin_lihat_daftar_warna" time="11.224" classname="Test Cases/admin_lihat_daftar_warna" status="PASSED">
         <system-out><![CDATA[2023-10-25 12:24:02 - [TEST_CASE][PASSED] - Test Cases/admin_lihat_daftar_warna: Test Cases/admin_lihat_daftar_warna

2023-10-25 12:24:07 - [TEST_STEP][PASSED] - click(findTestObject("admin/kendaraan/daftar warna kendaraan/button_Daftar Warna Kendaraan")): Object: 'Object Repository/admin/kendaraan/daftar warna kendaraan/button_Daftar Warna Kendaraan' is clicked on

2023-10-25 12:24:13 - [MESSAGE][PASSED] - Object: 'Object Repository/admin/kendaraan/daftar warna kendaraan/button_Daftar Warna Kendaraan' is clicked on]]></system-out>
         <system-err><![CDATA[]]></system-err>
      </testcase>
      <testcase name="Test Cases/admin_search_warna" time="22.101" classname="Test Cases/admin_search_warna" status="PASSED">
         <system-out><![CDATA[2023-10-25 12:24:14 - [TEST_CASE][PASSED] - Test Cases/admin_search_warna: Test Cases/admin_search_warna

2023-10-25 12:24:19 - [TEST_STEP][PASSED] - click(findTestObject("admin/kendaraan/daftar warna kendaraan/button_Daftar Warna Kendaraan")): Object: 'Object Repository/admin/kendaraan/daftar warna kendaraan/button_Daftar Warna Kendaraan' is clicked on

2023-10-25 12:24:24 - [MESSAGE][PASSED] - Object: 'Object Repository/admin/kendaraan/daftar warna kendaraan/button_Daftar Warna Kendaraan' is clicked on

2023-10-25 12:24:24 - [TEST_STEP][PASSED] - click(findTestObject("admin/kendaraan/daftar warna kendaraan/input_search Daftar Dealer Kendaraan")): Object: 'Object Repository/admin/kendaraan/daftar warna kendaraan/input_search Daftar Dealer Kendaraan' is clicked on

2023-10-25 12:24:29 - [MESSAGE][PASSED] - Object: 'Object Repository/admin/kendaraan/daftar warna kendaraan/input_search Daftar Dealer Kendaraan' is clicked on

2023-10-25 12:24:29 - [TEST_STEP][PASSED] - setText(findTestObject("admin/kendaraan/daftar warna kendaraan/input_search Daftar Dealer Kendaraan"), "h"): Text 'h' is set on object 'Object Repository/admin/kendaraan/daftar warna kendaraan/input_search Daftar Dealer Kendaraan'

2023-10-25 12:24:36 - [MESSAGE][PASSED] - Text 'h' is set on object 'Object Repository/admin/kendaraan/daftar warna kendaraan/input_search Daftar Dealer Kendaraan']]></system-out>
         <system-err><![CDATA[]]></system-err>
      </testcase>
      <testcase name="Test Cases/admin_tambah_warna" time="259.187" classname="Test Cases/admin_tambah_warna" status="PASSED">
         <system-out><![CDATA[2023-10-25 12:24:36 - [TEST_CASE][PASSED] - Test Cases/admin_tambah_warna: Test Cases/admin_tambah_warna

2023-10-25 12:24:42 - [TEST_STEP][PASSED] - click(findTestObject("admin/kendaraan/daftar warna kendaraan/button_Daftar Warna Kendaraan")): Object: 'Object Repository/admin/kendaraan/daftar warna kendaraan/button_Daftar Warna Kendaraan' is clicked on

2023-10-25 12:24:47 - [MESSAGE][PASSED] - Object: 'Object Repository/admin/kendaraan/daftar warna kendaraan/button_Daftar Warna Kendaraan' is clicked on

2023-10-25 12:24:47 - [TEST_STEP][PASSED] - click(findTestObject("admin/kendaraan/daftar warna kendaraan/button_Tambah Warna Kendaraan")): Object: 'Object Repository/admin/kendaraan/daftar warna kendaraan/button_Tambah Warna Kendaraan' is clicked on

2023-10-25 12:24:50 - [MESSAGE][PASSED] - Object: 'Object Repository/admin/kendaraan/daftar warna kendaraan/button_Tambah Warna Kendaraan' is clicked on

2023-10-25 12:24:50 - [TEST_STEP][PASSED] - click(findTestObject("admin/kendaraan/daftar warna kendaraan/input_Tambah Warna Kendaraan_Kode Warna")): Object: 'Object Repository/admin/kendaraan/daftar warna kendaraan/input_Tambah Warna Kendaraan_Kode Warna' is clicked on

2023-10-25 12:25:22 - [MESSAGE][INFO] - Unable to find the element located by 'By.xpath: //input[@id=':rh:']'. Please recheck the objects properties to make sure the desired element is located. 

2023-10-25 12:25:22 - [MESSAGE][WARNING] - [SELF-HEALING] Failed to find element with id 'Object Repository/admin/kendaraan/daftar warna kendaraan/input_Tambah Warna Kendaraan_Kode Warna'. Try using Self-healing.

2023-10-25 12:25:24 - [MESSAGE][INFO] - [SELF-HEALING] Failed Locator: '//input[@id=':rh:']'.

2023-10-25 12:25:25 - [MESSAGE][INFO] - [SELF-HEALING] Failed Locator: '//body[@id='doc-root']/div[3]/div[3]/div/div/div/div/input'.

2023-10-25 12:25:27 - [MESSAGE][INFO] - [SELF-HEALING] Working Locator: '//div[3]/div/div/div/div/input'.

2023-10-25 12:25:34 - [MESSAGE][INFO] - [SELF-HEALING] Screenshot: C:/Users/THINKPAD/git/katalon-certification/Reports/Self-healing/Object Repository/admin/kendaraan/daftar warna kendaraan/input_Tambah Warna Kendaraan_Kode Warna_position.png

2023-10-25 12:25:36 - [MESSAGE][WARNING] - [SELF-HEALING] The current locator of test object 'Object Repository/admin/kendaraan/daftar warna kendaraan/input_Tambah Warna Kendaraan_Kode Warna' was broken. Propose an alternative one: '//div[3]/div/div/div/div/input'.

2023-10-25 12:25:39 - [MESSAGE][PASSED] - Object: 'Object Repository/admin/kendaraan/daftar warna kendaraan/input_Tambah Warna Kendaraan_Kode Warna' is clicked on

2023-10-25 12:25:39 - [TEST_STEP][PASSED] - setText(findTestObject("admin/kendaraan/daftar warna kendaraan/input_Tambah Warna Kendaraan_Kode Warna"), "AQ"): Text 'AQ' is set on object 'Object Repository/admin/kendaraan/daftar warna kendaraan/input_Tambah Warna Kendaraan_Kode Warna'

2023-10-25 12:26:12 - [MESSAGE][INFO] - Unable to find the element located by 'By.xpath: //input[@id=':rh:']'. Please recheck the objects properties to make sure the desired element is located. 

2023-10-25 12:26:12 - [MESSAGE][WARNING] - [SELF-HEALING] Failed to find element with id 'Object Repository/admin/kendaraan/daftar warna kendaraan/input_Tambah Warna Kendaraan_Kode Warna'. Try using Self-healing.

2023-10-25 12:26:13 - [MESSAGE][WARNING] - [SELF-HEALING] The current locator of test object 'Object Repository/admin/kendaraan/daftar warna kendaraan/input_Tambah Warna Kendaraan_Kode Warna' was broken. Propose an alternative one: '//div[3]/div/div/div/div/input'.

2023-10-25 12:26:45 - [MESSAGE][INFO] - Unable to find the element located by 'By.xpath: //input[@id=':rh:']'. Please recheck the objects properties to make sure the desired element is located. 

2023-10-25 12:26:45 - [MESSAGE][WARNING] - [SELF-HEALING] Failed to find element with id 'Object Repository/admin/kendaraan/daftar warna kendaraan/input_Tambah Warna Kendaraan_Kode Warna'. Try using Self-healing.

2023-10-25 12:26:46 - [MESSAGE][WARNING] - [SELF-HEALING] The current locator of test object 'Object Repository/admin/kendaraan/daftar warna kendaraan/input_Tambah Warna Kendaraan_Kode Warna' was broken. Propose an alternative one: '//div[3]/div/div/div/div/input'.

2023-10-25 12:26:46 - [MESSAGE][PASSED] - Text 'AQ' is set on object 'Object Repository/admin/kendaraan/daftar warna kendaraan/input_Tambah Warna Kendaraan_Kode Warna'

2023-10-25 12:26:46 - [TEST_STEP][PASSED] - click(findTestObject("admin/kendaraan/daftar warna kendaraan/input_Tambah Warna Kendaraan_Warna Kendaraan")): Object: 'Object Repository/admin/kendaraan/daftar warna kendaraan/input_Tambah Warna Kendaraan_Warna Kendaraan' is clicked on

2023-10-25 12:27:17 - [MESSAGE][INFO] - Unable to find the element located by 'By.xpath: //input[@id=':ri:']'. Please recheck the objects properties to make sure the desired element is located. 

2023-10-25 12:27:17 - [MESSAGE][WARNING] - [SELF-HEALING] Failed to find element with id 'Object Repository/admin/kendaraan/daftar warna kendaraan/input_Tambah Warna Kendaraan_Warna Kendaraan'. Try using Self-healing.

2023-10-25 12:27:18 - [MESSAGE][INFO] - [SELF-HEALING] Failed Locator: '//input[@id=':ri:']'.

2023-10-25 12:27:18 - [MESSAGE][INFO] - [SELF-HEALING] Failed Locator: '//body[@id='doc-root']/div[3]/div[3]/div/div/div[2]/div/input'.

2023-10-25 12:27:18 - [MESSAGE][INFO] - [SELF-HEALING] Working Locator: '//div[2]/div/input'.

2023-10-25 12:27:19 - [MESSAGE][INFO] - [SELF-HEALING] Screenshot: C:/Users/THINKPAD/git/katalon-certification/Reports/Self-healing/Object Repository/admin/kendaraan/daftar warna kendaraan/input_Tambah Warna Kendaraan_Warna Kendaraan_position.png

2023-10-25 12:27:19 - [MESSAGE][WARNING] - [SELF-HEALING] The current locator of test object 'Object Repository/admin/kendaraan/daftar warna kendaraan/input_Tambah Warna Kendaraan_Warna Kendaraan' was broken. Propose an alternative one: '//div[2]/div/input'.

2023-10-25 12:27:19 - [MESSAGE][PASSED] - Object: 'Object Repository/admin/kendaraan/daftar warna kendaraan/input_Tambah Warna Kendaraan_Warna Kendaraan' is clicked on

2023-10-25 12:27:19 - [TEST_STEP][PASSED] - setText(findTestObject("admin/kendaraan/daftar warna kendaraan/input_Tambah Warna Kendaraan_Warna Kendaraan"), "Aquamarine"): Text 'Aquamarine' is set on object 'Object Repository/admin/kendaraan/daftar warna kendaraan/input_Tambah Warna Kendaraan_Warna Kendaraan'

2023-10-25 12:27:50 - [MESSAGE][INFO] - Unable to find the element located by 'By.xpath: //input[@id=':ri:']'. Please recheck the objects properties to make sure the desired element is located. 

2023-10-25 12:27:50 - [MESSAGE][WARNING] - [SELF-HEALING] Failed to find element with id 'Object Repository/admin/kendaraan/daftar warna kendaraan/input_Tambah Warna Kendaraan_Warna Kendaraan'. Try using Self-healing.

2023-10-25 12:27:50 - [MESSAGE][WARNING] - [SELF-HEALING] The current locator of test object 'Object Repository/admin/kendaraan/daftar warna kendaraan/input_Tambah Warna Kendaraan_Warna Kendaraan' was broken. Propose an alternative one: '//div[2]/div/input'.

2023-10-25 12:28:22 - [MESSAGE][INFO] - Unable to find the element located by 'By.xpath: //input[@id=':ri:']'. Please recheck the objects properties to make sure the desired element is located. 

2023-10-25 12:28:22 - [MESSAGE][WARNING] - [SELF-HEALING] Failed to find element with id 'Object Repository/admin/kendaraan/daftar warna kendaraan/input_Tambah Warna Kendaraan_Warna Kendaraan'. Try using Self-healing.

2023-10-25 12:28:22 - [MESSAGE][WARNING] - [SELF-HEALING] The current locator of test object 'Object Repository/admin/kendaraan/daftar warna kendaraan/input_Tambah Warna Kendaraan_Warna Kendaraan' was broken. Propose an alternative one: '//div[2]/div/input'.

2023-10-25 12:28:22 - [MESSAGE][PASSED] - Text 'Aquamarine' is set on object 'Object Repository/admin/kendaraan/daftar warna kendaraan/input_Tambah Warna Kendaraan_Warna Kendaraan'

2023-10-25 12:28:22 - [TEST_STEP][PASSED] - click(findTestObject("admin/kendaraan/daftar warna kendaraan/button_Tambah Warna Kendaraan_Batal")): Object: 'Object Repository/admin/kendaraan/daftar warna kendaraan/button_Tambah Warna Kendaraan_Batal' is clicked on

2023-10-25 12:28:53 - [MESSAGE][INFO] - Unable to find the element located by 'By.xpath: (//button[@type='button'])[29]'. Please recheck the objects properties to make sure the desired element is located. 

2023-10-25 12:28:53 - [MESSAGE][WARNING] - [SELF-HEALING] Failed to find element with id 'Object Repository/admin/kendaraan/daftar warna kendaraan/button_Tambah Warna Kendaraan_Batal'. Try using Self-healing.

2023-10-25 12:28:54 - [MESSAGE][INFO] - [SELF-HEALING] Failed Locator: '(//button[@type='button'])[29]'.

2023-10-25 12:28:54 - [MESSAGE][INFO] - [SELF-HEALING] Failed Locator: '//body[@id='doc-root']/div[3]/div[3]/div/div[2]/div/div/button'.

2023-10-25 12:28:54 - [MESSAGE][INFO] - [SELF-HEALING] Working Locator: '(.//*[normalize-space(text()) and normalize-space(.)='​'])[3]/following::button[1]'.

2023-10-25 12:28:55 - [MESSAGE][INFO] - [SELF-HEALING] Screenshot: C:/Users/THINKPAD/git/katalon-certification/Reports/Self-healing/Object Repository/admin/kendaraan/daftar warna kendaraan/button_Tambah Warna Kendaraan_Batal_neighbor.png

2023-10-25 12:28:55 - [MESSAGE][WARNING] - [SELF-HEALING] The current locator of test object 'Object Repository/admin/kendaraan/daftar warna kendaraan/button_Tambah Warna Kendaraan_Batal' was broken. Propose an alternative one: '(.//*[normalize-space(text()) and normalize-space(.)='​'])[3]/following::button[1]'.

2023-10-25 12:28:55 - [MESSAGE][PASSED] - Object: 'Object Repository/admin/kendaraan/daftar warna kendaraan/button_Tambah Warna Kendaraan_Batal' is clicked on]]></system-out>
         <system-err><![CDATA[]]></system-err>
      </testcase>
      <testcase name="Test Cases/admin_edit_warna" time="195.238" classname="Test Cases/admin_edit_warna" status="PASSED">
         <system-out><![CDATA[2023-10-25 12:28:55 - [TEST_CASE][PASSED] - Test Cases/admin_edit_warna: Test Cases/admin_edit_warna

2023-10-25 12:28:56 - [TEST_STEP][PASSED] - click(findTestObject("admin/kendaraan/daftar warna kendaraan/button_Daftar Warna Kendaraan")): Object: 'Object Repository/admin/kendaraan/daftar warna kendaraan/button_Daftar Warna Kendaraan' is clicked on

2023-10-25 12:28:57 - [MESSAGE][PASSED] - Object: 'Object Repository/admin/kendaraan/daftar warna kendaraan/button_Daftar Warna Kendaraan' is clicked on

2023-10-25 12:28:57 - [TEST_STEP][PASSED] - click(findTestObject("admin/kendaraan/daftar warna kendaraan/button_Edit warna kendaraan")): Object: 'Object Repository/admin/kendaraan/daftar warna kendaraan/button_Edit warna kendaraan' is clicked on

2023-10-25 12:28:57 - [MESSAGE][PASSED] - Object: 'Object Repository/admin/kendaraan/daftar warna kendaraan/button_Edit warna kendaraan' is clicked on

2023-10-25 12:28:57 - [TEST_STEP][PASSED] - click(findTestObject("admin/kendaraan/daftar warna kendaraan/input_Edit Warna Kendaraan_kode warna")): Object: 'Object Repository/admin/kendaraan/daftar warna kendaraan/input_Edit Warna Kendaraan_kode warna' is clicked on

2023-10-25 12:29:29 - [MESSAGE][INFO] - Unable to find the element located by 'By.xpath: //input[@id=':rj:']'. Please recheck the objects properties to make sure the desired element is located. 

2023-10-25 12:29:29 - [MESSAGE][WARNING] - [SELF-HEALING] Failed to find element with id 'Object Repository/admin/kendaraan/daftar warna kendaraan/input_Edit Warna Kendaraan_kode warna'. Try using Self-healing.

2023-10-25 12:29:29 - [MESSAGE][INFO] - [SELF-HEALING] Failed Locator: '//input[@id=':rj:']'.

2023-10-25 12:29:30 - [MESSAGE][INFO] - [SELF-HEALING] Failed Locator: '//body[@id='doc-root']/div[3]/div[3]/div/div/div/div/input'.

2023-10-25 12:29:30 - [MESSAGE][INFO] - [SELF-HEALING] Working Locator: '//div[3]/div/div/div/div/input'.

2023-10-25 12:29:30 - [MESSAGE][INFO] - [SELF-HEALING] Screenshot: C:/Users/THINKPAD/git/katalon-certification/Reports/Self-healing/Object Repository/admin/kendaraan/daftar warna kendaraan/input_Edit Warna Kendaraan_kode warna_position.png

2023-10-25 12:29:30 - [MESSAGE][WARNING] - [SELF-HEALING] The current locator of test object 'Object Repository/admin/kendaraan/daftar warna kendaraan/input_Edit Warna Kendaraan_kode warna' was broken. Propose an alternative one: '//div[3]/div/div/div/div/input'.

2023-10-25 12:29:30 - [MESSAGE][PASSED] - Object: 'Object Repository/admin/kendaraan/daftar warna kendaraan/input_Edit Warna Kendaraan_kode warna' is clicked on

2023-10-25 12:29:30 - [TEST_STEP][PASSED] - setText(findTestObject("admin/kendaraan/daftar warna kendaraan/input_Edit Warna Kendaraan_kode warna"), "CY"): Text 'CY' is set on object 'Object Repository/admin/kendaraan/daftar warna kendaraan/input_Edit Warna Kendaraan_kode warna'

2023-10-25 12:30:02 - [MESSAGE][INFO] - Unable to find the element located by 'By.xpath: //input[@id=':rj:']'. Please recheck the objects properties to make sure the desired element is located. 

2023-10-25 12:30:02 - [MESSAGE][WARNING] - [SELF-HEALING] Failed to find element with id 'Object Repository/admin/kendaraan/daftar warna kendaraan/input_Edit Warna Kendaraan_kode warna'. Try using Self-healing.

2023-10-25 12:30:02 - [MESSAGE][WARNING] - [SELF-HEALING] The current locator of test object 'Object Repository/admin/kendaraan/daftar warna kendaraan/input_Edit Warna Kendaraan_kode warna' was broken. Propose an alternative one: '//div[3]/div/div/div/div/input'.

2023-10-25 12:30:33 - [MESSAGE][INFO] - Unable to find the element located by 'By.xpath: //input[@id=':rj:']'. Please recheck the objects properties to make sure the desired element is located. 

2023-10-25 12:30:33 - [MESSAGE][WARNING] - [SELF-HEALING] Failed to find element with id 'Object Repository/admin/kendaraan/daftar warna kendaraan/input_Edit Warna Kendaraan_kode warna'. Try using Self-healing.

2023-10-25 12:30:34 - [MESSAGE][WARNING] - [SELF-HEALING] The current locator of test object 'Object Repository/admin/kendaraan/daftar warna kendaraan/input_Edit Warna Kendaraan_kode warna' was broken. Propose an alternative one: '//div[3]/div/div/div/div/input'.

2023-10-25 12:30:34 - [MESSAGE][PASSED] - Text 'CY' is set on object 'Object Repository/admin/kendaraan/daftar warna kendaraan/input_Edit Warna Kendaraan_kode warna'

2023-10-25 12:30:34 - [TEST_STEP][PASSED] - click(findTestObject("admin/kendaraan/daftar warna kendaraan/input_Edit Warna Kendaraan_warna kendaraan")): Object: 'Object Repository/admin/kendaraan/daftar warna kendaraan/input_Edit Warna Kendaraan_warna kendaraan' is clicked on

2023-10-25 12:31:05 - [MESSAGE][INFO] - Unable to find the element located by 'By.xpath: //input[@id=':rk:']'. Please recheck the objects properties to make sure the desired element is located. 

2023-10-25 12:31:05 - [MESSAGE][WARNING] - [SELF-HEALING] Failed to find element with id 'Object Repository/admin/kendaraan/daftar warna kendaraan/input_Edit Warna Kendaraan_warna kendaraan'. Try using Self-healing.

2023-10-25 12:31:05 - [MESSAGE][INFO] - [SELF-HEALING] Failed Locator: '//input[@id=':rk:']'.

2023-10-25 12:31:06 - [MESSAGE][INFO] - [SELF-HEALING] Failed Locator: '//body[@id='doc-root']/div[3]/div[3]/div/div/div[2]/div/input'.

2023-10-25 12:31:06 - [MESSAGE][INFO] - [SELF-HEALING] Working Locator: '//div[2]/div/input'.

2023-10-25 12:31:06 - [MESSAGE][INFO] - [SELF-HEALING] Screenshot: C:/Users/THINKPAD/git/katalon-certification/Reports/Self-healing/Object Repository/admin/kendaraan/daftar warna kendaraan/input_Edit Warna Kendaraan_warna kendaraan_position.png

2023-10-25 12:31:06 - [MESSAGE][WARNING] - [SELF-HEALING] The current locator of test object 'Object Repository/admin/kendaraan/daftar warna kendaraan/input_Edit Warna Kendaraan_warna kendaraan' was broken. Propose an alternative one: '//div[2]/div/input'.

2023-10-25 12:31:06 - [MESSAGE][PASSED] - Object: 'Object Repository/admin/kendaraan/daftar warna kendaraan/input_Edit Warna Kendaraan_warna kendaraan' is clicked on

2023-10-25 12:31:06 - [TEST_STEP][PASSED] - setText(findTestObject("admin/kendaraan/daftar warna kendaraan/input_Edit Warna Kendaraan_warna kendaraan"), "Cyan"): Text 'Cyan' is set on object 'Object Repository/admin/kendaraan/daftar warna kendaraan/input_Edit Warna Kendaraan_warna kendaraan'

2023-10-25 12:31:38 - [MESSAGE][INFO] - Unable to find the element located by 'By.xpath: //input[@id=':rk:']'. Please recheck the objects properties to make sure the desired element is located. 

2023-10-25 12:31:38 - [MESSAGE][WARNING] - [SELF-HEALING] Failed to find element with id 'Object Repository/admin/kendaraan/daftar warna kendaraan/input_Edit Warna Kendaraan_warna kendaraan'. Try using Self-healing.

2023-10-25 12:31:38 - [MESSAGE][WARNING] - [SELF-HEALING] The current locator of test object 'Object Repository/admin/kendaraan/daftar warna kendaraan/input_Edit Warna Kendaraan_warna kendaraan' was broken. Propose an alternative one: '//div[2]/div/input'.

2023-10-25 12:32:09 - [MESSAGE][INFO] - Unable to find the element located by 'By.xpath: //input[@id=':rk:']'. Please recheck the objects properties to make sure the desired element is located. 

2023-10-25 12:32:09 - [MESSAGE][WARNING] - [SELF-HEALING] Failed to find element with id 'Object Repository/admin/kendaraan/daftar warna kendaraan/input_Edit Warna Kendaraan_warna kendaraan'. Try using Self-healing.

2023-10-25 12:32:09 - [MESSAGE][WARNING] - [SELF-HEALING] The current locator of test object 'Object Repository/admin/kendaraan/daftar warna kendaraan/input_Edit Warna Kendaraan_warna kendaraan' was broken. Propose an alternative one: '//div[2]/div/input'.

2023-10-25 12:32:10 - [MESSAGE][PASSED] - Text 'Cyan' is set on object 'Object Repository/admin/kendaraan/daftar warna kendaraan/input_Edit Warna Kendaraan_warna kendaraan'

2023-10-25 12:32:10 - [TEST_STEP][PASSED] - click(findTestObject("admin/kendaraan/daftar warna kendaraan/button_Edit Warna Kendaraan_Batal")): Object: 'Object Repository/admin/kendaraan/daftar warna kendaraan/button_Edit Warna Kendaraan_Batal' is clicked on

2023-10-25 12:32:10 - [MESSAGE][PASSED] - Object: 'Object Repository/admin/kendaraan/daftar warna kendaraan/button_Edit Warna Kendaraan_Batal' is clicked on]]></system-out>
         <system-err><![CDATA[]]></system-err>
      </testcase>
      <testcase name="Test Cases/admin_delete_warna" time="4.23" classname="Test Cases/admin_delete_warna" status="PASSED">
         <system-out><![CDATA[2023-10-25 12:32:10 - [TEST_CASE][PASSED] - Test Cases/admin_delete_warna: Test Cases/admin_delete_warna

2023-10-25 12:32:11 - [TEST_STEP][PASSED] - click(findTestObject("admin/kendaraan/daftar warna kendaraan/button_Daftar Warna Kendaraan")): Object: 'Object Repository/admin/kendaraan/daftar warna kendaraan/button_Daftar Warna Kendaraan' is clicked on

2023-10-25 12:32:12 - [MESSAGE][PASSED] - Object: 'Object Repository/admin/kendaraan/daftar warna kendaraan/button_Daftar Warna Kendaraan' is clicked on

2023-10-25 12:32:12 - [TEST_STEP][PASSED] - click(findTestObject("admin/kendaraan/daftar warna kendaraan/button_hapus warna kendaraan")): Object: 'Object Repository/admin/kendaraan/daftar warna kendaraan/button_hapus warna kendaraan' is clicked on

2023-10-25 12:32:13 - [MESSAGE][PASSED] - Object: 'Object Repository/admin/kendaraan/daftar warna kendaraan/button_hapus warna kendaraan' is clicked on

2023-10-25 12:32:13 - [TEST_STEP][PASSED] - click(findTestObject("admin/kendaraan/daftar warna kendaraan/button_hapus warna kendaraan_Batal")): Object: 'Object Repository/admin/kendaraan/daftar warna kendaraan/button_hapus warna kendaraan_Batal' is clicked on

2023-10-25 12:32:14 - [MESSAGE][PASSED] - Object: 'Object Repository/admin/kendaraan/daftar warna kendaraan/button_hapus warna kendaraan_Batal' is clicked on]]></system-out>
         <system-err><![CDATA[]]></system-err>
      </testcase>
      <testcase name="Test Cases/logout_admin" time="11.424" classname="Test Cases/logout_admin" status="PASSED">
         <system-out><![CDATA[2023-10-25 12:32:14 - [TEST_CASE][PASSED] - Test Cases/logout_admin: Test Cases/logout_admin

2023-10-25 12:32:15 - [TEST_STEP][PASSED] - click(findTestObject("admin/button_icon profile")): Object: 'Object Repository/admin/button_icon profile' is clicked on

2023-10-25 12:32:16 - [MESSAGE][PASSED] - Object: 'Object Repository/admin/button_icon profile' is clicked on

2023-10-25 12:32:16 - [TEST_STEP][PASSED] - delay(3): Delayed 3 second(s)

2023-10-25 12:32:19 - [MESSAGE][PASSED] - Delayed 3 second(s)

2023-10-25 12:32:19 - [TEST_STEP][PASSED] - waitForElementPresent(findTestObject("admin/button_Log Out"), 3): Object 'Object Repository/admin/button_Log Out' is present

2023-10-25 12:32:20 - [MESSAGE][PASSED] - Object 'Object Repository/admin/button_Log Out' is present

2023-10-25 12:32:20 - [TEST_STEP][PASSED] - waitForElementClickable(findTestObject("admin/button_Log Out"), 3): Object 'Object Repository/admin/button_Log Out' is clickable

2023-10-25 12:32:20 - [MESSAGE][PASSED] - Object 'Object Repository/admin/button_Log Out' is clickable

2023-10-25 12:32:20 - [TEST_STEP][PASSED] - click(findTestObject("admin/button_Log Out")): Object: 'Object Repository/admin/button_Log Out' is clicked on

2023-10-25 12:32:26 - [MESSAGE][PASSED] - Object: 'Object Repository/admin/button_Log Out' is clicked on]]></system-out>
         <system-err><![CDATA[]]></system-err>
      </testcase>
      <system-out><![CDATA[2023-10-25 12:22:51 - [TEST_SUITE][PASSED] - Warna Kendaraan: Test Cases/logout_admin]]></system-out>
      <system-err><![CDATA[]]></system-err>
   </testsuite>
</testsuites>
